2017-11-14 21:42:19.995  INFO 6072 --- [  restartedMain] com.gitspringboot.ArticalMain            : Starting ArticalMain on ashrafPC with PID 6072 (C:\Users\Administrator\git\gitspringboot\gitspringboot\target\classes started by Administrator in C:\Users\Administrator\git\gitspringboot\gitspringboot)

2017-11-14 21:42:20.142  INFO 6072 --- [  restartedMain] com.gitspringboot.ArticalMain            : The following profiles are active: dev

2017-11-14 21:42:38.995  INFO 6072 --- [ost-startStop-1] c.g.filter.SessionIdLogFilter            : Ashraf logging filter

2017-11-14 21:42:38.997  INFO 6072 --- [ost-startStop-1] c.g.filter.SessionIdLogFilter            : Ashraf logging filter

2017-11-14 21:42:49.009  INFO 6072 --- [  restartedMain] com.gitspringboot.ArticalMain            : Started ArticalMain in 30.561 seconds (JVM running for 31.967)

2017-11-14 21:45:55.780  INFO 6072 --- [nio-8081-exec-1] c.g.filter.SessionIdLogFilter            : Hey MyFilter invoked man

2017-11-14 21:45:56.400  INFO 6072 --- [nio-8081-exec-1] c.g.filter.SessionIdLogFilter            : Hey MyFilter invoked man
2F8669B0E3F0ABCF8220F435351775F0
2017-11-14 21:46:02.516  INFO 6072 --- [nio-8081-exec-8] c.g.filter.SessionIdLogFilter            : Hey MyFilter invoked man

2017-11-14 21:46:02.544  INFO 6072 --- [nio-8081-exec-7] c.g.filter.SessionIdLogFilter            : Hey MyFilter invoked man

2017-11-14 21:46:02.585  INFO 6072 --- [nio-8081-exec-9] c.g.filter.SessionIdLogFilter            : Hey MyFilter invoked man

2017-11-14 21:47:58.286  INFO 8012 --- [  restartedMain] com.gitspringboot.ArticalMain            : Starting ArticalMain on ashrafPC with PID 8012 (C:\Users\Administrator\git\gitspringboot\gitspringboot\target\classes started by Administrator in C:\Users\Administrator\git\gitspringboot\gitspringboot)

2017-11-14 21:47:58.287  INFO 8012 --- [  restartedMain] com.gitspringboot.ArticalMain            : The following profiles are active: dev

2017-11-14 21:48:08.813  INFO 8012 --- [ost-startStop-1] c.g.filter.SessionIdLogFilter            : Ashraf logging filter

2017-11-14 21:48:08.815  INFO 8012 --- [ost-startStop-1] c.g.filter.SessionIdLogFilter            : Ashraf logging filter

2017-11-14 21:48:16.687  INFO 8012 --- [  restartedMain] com.gitspringboot.ArticalMain            : Started ArticalMain in 19.142 seconds (JVM running for 19.813)

2017-11-14 21:48:45.469  INFO 8012 --- [nio-8081-exec-1] c.g.filter.SessionIdLogFilter            : Hey MyFilter invoked man

2017-11-14 21:49:15.950  WARN 8012 --- [ost-startStop-2] c.g.filter.SessionIdLogFilter            : Destruindo o filtro de logging

2017-11-14 21:49:15.951  WARN 8012 --- [ost-startStop-2] c.g.filter.SessionIdLogFilter            : Destruindo o filtro de logging

2017-11-14 21:49:16.745  INFO 8012 --- [  restartedMain] com.gitspringboot.ArticalMain            : Starting ArticalMain on ashrafPC with PID 8012 (C:\Users\Administrator\git\gitspringboot\gitspringboot\target\classes started by Administrator in C:\Users\Administrator\git\gitspringboot\gitspringboot)

2017-11-14 21:49:16.746  INFO 8012 --- [  restartedMain] com.gitspringboot.ArticalMain            : The following profiles are active: dev

2017-11-14 21:49:19.957  INFO 8012 --- [ost-startStop-1] c.g.filter.SessionIdLogFilter            : Ashraf logging filter

2017-11-14 21:49:19.960  INFO 8012 --- [ost-startStop-1] c.g.filter.SessionIdLogFilter            : Ashraf logging filter

2017-11-14 21:49:24.320  INFO 8012 --- [  restartedMain] com.gitspringboot.ArticalMain            : Started ArticalMain in 7.773 seconds (JVM running for 87.443)

2017-11-14 21:49:33.319  INFO 8012 --- [nio-8081-exec-1] c.g.filter.SessionIdLogFilter            : Hey MyFilter invoked man

2017-11-14 21:49:39.937  INFO 8012 --- [nio-8081-exec-5] c.g.filter.SessionIdLogFilter            : Hey MyFilter invoked man

2017-11-14 21:51:42.579  INFO 8012 --- [nio-8081-exec-9] c.g.filter.SessionIdLogFilter            : Hey MyFilter invoked man

2017-11-14 21:52:37.138  WARN 8012 --- [ost-startStop-2] c.g.filter.SessionIdLogFilter            : Destruindo o filtro de logging

2017-11-14 21:52:37.138  WARN 8012 --- [ost-startStop-2] c.g.filter.SessionIdLogFilter            : Destruindo o filtro de logging

2017-11-14 21:52:37.799  INFO 8012 --- [  restartedMain] com.gitspringboot.ArticalMain            : Starting ArticalMain on ashrafPC with PID 8012 (C:\Users\Administrator\git\gitspringboot\gitspringboot\target\classes started by Administrator in C:\Users\Administrator\git\gitspringboot\gitspringboot)

2017-11-14 21:52:37.799  INFO 8012 --- [  restartedMain] com.gitspringboot.ArticalMain            : The following profiles are active: dev

2017-11-14 21:52:40.986  INFO 8012 --- [ost-startStop-1] c.g.filter.SessionIdLogFilter            : Ashraf logging filter

2017-11-14 21:52:40.988  INFO 8012 --- [ost-startStop-1] c.g.filter.SessionIdLogFilter            : Ashraf logging filter

2017-11-14 21:52:44.335  INFO 8012 --- [  restartedMain] com.gitspringboot.ArticalMain            : Started ArticalMain in 6.634 seconds (JVM running for 287.45)

2017-11-14 21:52:52.050  INFO 8012 --- [nio-8081-exec-1] c.g.filter.SessionIdLogFilter            : Hey MyFilter invoked man

2017-11-14 21:54:20.633  INFO 7348 --- [  restartedMain] com.gitspringboot.ArticalMain            : Starting ArticalMain on ashrafPC with PID 7348 (C:\Users\Administrator\git\gitspringboot\gitspringboot\target\classes started by Administrator in C:\Users\Administrator\git\gitspringboot\gitspringboot)

2017-11-14 21:54:20.634  INFO 7348 --- [  restartedMain] com.gitspringboot.ArticalMain            : The following profiles are active: dev

2017-11-14 21:54:38.537  INFO 7348 --- [ost-startStop-1] c.g.filter.SessionIdLogFilter            : Ashraf logging filter

2017-11-14 21:54:38.539  INFO 7348 --- [ost-startStop-1] c.g.filter.SessionIdLogFilter            : Ashraf logging filter

2017-11-14 21:54:55.199  INFO 7348 --- [  restartedMain] com.gitspringboot.ArticalMain            : Started ArticalMain in 35.347 seconds (JVM running for 36.536)

2017-11-14 21:55:03.013  INFO 7348 --- [nio-8081-exec-1] c.g.filter.SessionIdLogFilter            : Hey MyFilter invoked man

2017-11-14 21:55:06.584  INFO 7348 --- [nio-8081-exec-2] c.g.filter.SessionIdLogFilter            : Hey MyFilter invoked man

2017-11-14 21:55:16.124  INFO 7348 --- [nio-8081-exec-3] c.g.filter.SessionIdLogFilter            : Hey MyFilter invoked man

2017-11-14 21:55:24.716  INFO 7348 --- [nio-8081-exec-3] c.g.filter.SessionIdLogFilter            : Hey MyFilter invoked man
0010F1B86D10D88EE9686CB0176B8E9A
2017-11-14 21:55:25.814  INFO 7348 --- [nio-8081-exec-5] c.g.filter.SessionIdLogFilter            : Hey MyFilter invoked man

2017-11-14 21:55:25.850  INFO 7348 --- [nio-8081-exec-4] c.g.filter.SessionIdLogFilter            : Hey MyFilter invoked man

2017-11-14 21:55:25.853  INFO 7348 --- [nio-8081-exec-6] c.g.filter.SessionIdLogFilter            : Hey MyFilter invoked man

2017-11-14 21:55:51.325  INFO 7348 --- [nio-8081-exec-7] c.g.filter.SessionIdLogFilter            : Hey MyFilter invoked man

2017-11-14 21:55:57.081  INFO 7348 --- [nio-8081-exec-8] c.g.filter.SessionIdLogFilter            : Hey MyFilter invoked man

2017-11-14 21:56:03.149  INFO 7348 --- [nio-8081-exec-9] c.g.filter.SessionIdLogFilter            : Hey MyFilter invoked man

2017-11-14 21:56:39.073  WARN 7348 --- [ost-startStop-2] c.g.filter.SessionIdLogFilter            : Destruindo o filtro de logging

2017-11-14 21:56:39.074  WARN 7348 --- [ost-startStop-2] c.g.filter.SessionIdLogFilter            : Destruindo o filtro de logging

2017-11-14 21:56:40.012  INFO 7348 --- [  restartedMain] com.gitspringboot.ArticalMain            : Starting ArticalMain on ashrafPC with PID 7348 (C:\Users\Administrator\git\gitspringboot\gitspringboot\target\classes started by Administrator in C:\Users\Administrator\git\gitspringboot\gitspringboot)

2017-11-14 21:56:40.013  INFO 7348 --- [  restartedMain] com.gitspringboot.ArticalMain            : The following profiles are active: dev

2017-11-14 21:56:46.479  INFO 7348 --- [ost-startStop-1] c.g.filter.SessionIdLogFilter            : Ashraf logging filter

2017-11-14 21:56:46.482  INFO 7348 --- [ost-startStop-1] c.g.filter.SessionIdLogFilter            : Ashraf logging filter

2017-11-14 21:57:18.746  INFO 7348 --- [  restartedMain] com.gitspringboot.ArticalMain            : Started ArticalMain in 38.98 seconds (JVM running for 180.078)

2017-11-14 21:57:39.962  INFO 7348 --- [nio-8081-exec-1] c.g.filter.SessionIdLogFilter            : Hey MyFilter invoked man

2017-11-14 21:57:41.324  INFO 7348 --- [nio-8081-exec-2] c.g.filter.SessionIdLogFilter            : Hey MyFilter invoked man

2017-11-14 21:57:41.503  INFO 7348 --- [nio-8081-exec-3] c.g.filter.SessionIdLogFilter            : Hey MyFilter invoked man

2017-11-14 21:57:41.701  INFO 7348 --- [nio-8081-exec-4] c.g.filter.SessionIdLogFilter            : Hey MyFilter invoked man

2017-11-14 21:57:41.890  INFO 7348 --- [nio-8081-exec-5] c.g.filter.SessionIdLogFilter            : Hey MyFilter invoked man

2017-11-14 21:57:42.062  INFO 7348 --- [nio-8081-exec-6] c.g.filter.SessionIdLogFilter            : Hey MyFilter invoked man

2017-11-14 21:57:42.226  INFO 7348 --- [nio-8081-exec-7] c.g.filter.SessionIdLogFilter            : Hey MyFilter invoked man

2017-11-14 21:57:42.413  INFO 7348 --- [nio-8081-exec-8] c.g.filter.SessionIdLogFilter            : Hey MyFilter invoked man

2017-11-14 21:57:42.584  INFO 7348 --- [nio-8081-exec-9] c.g.filter.SessionIdLogFilter            : Hey MyFilter invoked man

2017-11-14 21:57:42.747  INFO 7348 --- [io-8081-exec-10] c.g.filter.SessionIdLogFilter            : Hey MyFilter invoked man

2017-11-14 21:57:42.934  INFO 7348 --- [nio-8081-exec-1] c.g.filter.SessionIdLogFilter            : Hey MyFilter invoked man
0010F1B86D10D88EE9686CB0176B8E9A
2017-11-14 21:57:43.133  INFO 7348 --- [nio-8081-exec-2] c.g.filter.SessionIdLogFilter            : Hey MyFilter invoked man
0010F1B86D10D88EE9686CB0176B8E9A
2017-11-14 21:57:43.333  INFO 7348 --- [nio-8081-exec-3] c.g.filter.SessionIdLogFilter            : Hey MyFilter invoked man
0010F1B86D10D88EE9686CB0176B8E9A
2017-11-14 21:57:43.557  INFO 7348 --- [nio-8081-exec-4] c.g.filter.SessionIdLogFilter            : Hey MyFilter invoked man
0010F1B86D10D88EE9686CB0176B8E9A
2017-11-14 22:00:32.031  INFO 8388 --- [  restartedMain] com.gitspringboot.ArticalMain            : Starting ArticalMain on ashrafPC with PID 8388 (C:\Users\Administrator\git\gitspringboot\gitspringboot\target\classes started by Administrator in C:\Users\Administrator\git\gitspringboot\gitspringboot)

2017-11-14 22:00:32.032  INFO 8388 --- [  restartedMain] com.gitspringboot.ArticalMain            : The following profiles are active: dev

2017-11-14 22:00:42.099  INFO 8388 --- [ost-startStop-1] c.g.filter.SessionIdLogFilter            : Ashraf logging filter

2017-11-14 22:00:42.101  INFO 8388 --- [ost-startStop-1] c.g.filter.SessionIdLogFilter            : Ashraf logging filter

2017-11-14 22:00:50.398  INFO 8388 --- [  restartedMain] com.gitspringboot.ArticalMain            : Started ArticalMain in 19.09 seconds (JVM running for 19.732)

2017-11-14 22:00:52.710  INFO 8388 --- [nio-8081-exec-1] c.g.filter.SessionIdLogFilter            : Hey MyFilter invoked man

2017-11-14 22:01:18.357  INFO 8388 --- [nio-8081-exec-3] c.g.filter.SessionIdLogFilter            : Hey MyFilter invoked man

2017-11-14 22:02:54.325  WARN 8388 --- [ost-startStop-2] c.g.filter.SessionIdLogFilter            : Destruindo o filtro de logging

2017-11-14 22:02:54.326  WARN 8388 --- [ost-startStop-2] c.g.filter.SessionIdLogFilter            : Destruindo o filtro de logging

2017-11-14 22:02:55.175  INFO 8388 --- [  restartedMain] com.gitspringboot.ArticalMain            : Starting ArticalMain on ashrafPC with PID 8388 (C:\Users\Administrator\git\gitspringboot\gitspringboot\target\classes started by Administrator in C:\Users\Administrator\git\gitspringboot\gitspringboot)

2017-11-14 22:02:55.175  INFO 8388 --- [  restartedMain] com.gitspringboot.ArticalMain            : The following profiles are active: dev

2017-11-14 22:03:04.146  INFO 6160 --- [  restartedMain] com.gitspringboot.ArticalMain            : Starting ArticalMain on ashrafPC with PID 6160 (C:\Users\Administrator\git\gitspringboot\gitspringboot\target\classes started by Administrator in C:\Users\Administrator\git\gitspringboot\gitspringboot)

2017-11-14 22:03:04.147  INFO 6160 --- [  restartedMain] com.gitspringboot.ArticalMain            : The following profiles are active: dev

2017-11-14 22:03:14.380  INFO 6160 --- [ost-startStop-1] c.g.filter.SessionIdLogFilter            : Ashraf logging filter

2017-11-14 22:03:14.382  INFO 6160 --- [ost-startStop-1] c.g.filter.SessionIdLogFilter            : Ashraf logging filter

2017-11-14 22:03:21.909  INFO 6160 --- [  restartedMain] com.gitspringboot.ArticalMain            : Started ArticalMain in 18.494 seconds (JVM running for 19.181)

2017-11-14 22:03:33.285  INFO 6160 --- [nio-8081-exec-4] c.g.filter.SessionIdLogFilter            : Hey MyFilter invoked man

2017-11-14 22:03:45.072  INFO 6160 --- [nio-8081-exec-5] c.g.filter.SessionIdLogFilter            : Hey MyFilter invoked man

2017-11-14 22:03:45.157  INFO 6160 --- [nio-8081-exec-5] c.g.filter.SessionIdLogFilter            : Hey MyFilter invoked man
FB80A2093414671279E8731C9FCEED0B
2017-11-14 22:04:00.088  INFO 1100 --- [  restartedMain] com.gitspringboot.ArticalMain            : Starting ArticalMain on ashrafPC with PID 1100 (C:\Users\Administrator\git\gitspringboot\gitspringboot\target\classes started by Administrator in C:\Users\Administrator\git\gitspringboot\gitspringboot)

2017-11-14 22:04:00.089  INFO 1100 --- [  restartedMain] com.gitspringboot.ArticalMain            : The following profiles are active: dev

2017-11-14 22:04:09.674  INFO 1100 --- [ost-startStop-1] c.g.filter.SessionIdLogFilter            : Ashraf logging filter

2017-11-14 22:04:09.676  INFO 1100 --- [ost-startStop-1] c.g.filter.SessionIdLogFilter            : Ashraf logging filter

2017-11-14 22:04:16.862  INFO 1100 --- [  restartedMain] com.gitspringboot.ArticalMain            : Started ArticalMain in 17.548 seconds (JVM running for 18.276)

2017-11-14 22:04:18.386  INFO 1100 --- [nio-8081-exec-1] c.g.filter.SessionIdLogFilter            : Hey MyFilter invoked man

2017-11-14 22:04:19.069  INFO 1100 --- [nio-8081-exec-1] c.g.filter.SessionIdLogFilter            : Hey MyFilter invoked man
6A67954C6145D667471635B7E431FEA3
2017-11-14 22:04:20.355  INFO 1100 --- [nio-8081-exec-2] c.g.filter.SessionIdLogFilter            : Hey MyFilter invoked man

2017-11-14 22:04:20.379  INFO 1100 --- [nio-8081-exec-4] c.g.filter.SessionIdLogFilter            : Hey MyFilter invoked man

2017-11-14 22:04:20.384  INFO 1100 --- [nio-8081-exec-3] c.g.filter.SessionIdLogFilter            : Hey MyFilter invoked man

2017-11-14 22:04:28.512  INFO 1100 --- [nio-8081-exec-5] c.g.filter.SessionIdLogFilter            : Hey MyFilter invoked man

2017-11-14 22:04:49.676  INFO 1100 --- [nio-8081-exec-6] c.g.filter.SessionIdLogFilter            : Hey MyFilter invoked man

2017-11-14 22:05:04.354  INFO 1100 --- [nio-8081-exec-9] c.g.filter.SessionIdLogFilter            : Hey MyFilter invoked man

2017-11-14 22:05:07.714  INFO 1100 --- [io-8081-exec-10] c.g.filter.SessionIdLogFilter            : Hey MyFilter invoked man

2017-11-14 22:06:18.963  INFO 8928 --- [  restartedMain] com.gitspringboot.ArticalMain            : Starting ArticalMain on ashrafPC with PID 8928 (C:\Users\Administrator\git\gitspringboot\gitspringboot\target\classes started by Administrator in C:\Users\Administrator\git\gitspringboot\gitspringboot)

2017-11-14 22:06:18.964  INFO 8928 --- [  restartedMain] com.gitspringboot.ArticalMain            : The following profiles are active: dev

2017-11-14 22:06:29.007  INFO 8928 --- [ost-startStop-1] c.g.filter.SessionIdLogFilter            : Ashraf logging filter

2017-11-14 22:06:29.010  INFO 8928 --- [ost-startStop-1] c.g.filter.SessionIdLogFilter            : Ashraf logging filter

2017-11-14 22:06:36.264  INFO 8928 --- [  restartedMain] com.gitspringboot.ArticalMain            : Started ArticalMain in 18.07 seconds (JVM running for 18.973)

2017-11-14 22:06:37.861  INFO 8928 --- [nio-8081-exec-1] c.g.filter.SessionIdLogFilter            : Hey MyFilter invoked man

2017-11-14 22:06:52.492  INFO 8928 --- [nio-8081-exec-4] c.g.filter.SessionIdLogFilter            : Hey MyFilter invoked man

2017-11-14 22:07:05.806  INFO 8928 --- [nio-8081-exec-5] c.g.filter.SessionIdLogFilter            : Hey MyFilter invoked man

2017-11-14 22:07:11.533  INFO 8928 --- [nio-8081-exec-6] c.g.filter.SessionIdLogFilter            : Hey MyFilter invoked man

