2017-11-27 09:12:36.804  INFO 8712 --- [  restartedMain] com.gitspringboot.ArticalMain            : Starting ArticalMain on ashrafPC with PID 8712 (C:\Users\Administrator\git\gitspringboot\gitspringboot\target\classes started by Administrator in C:\Users\Administrator\git\gitspringboot\gitspringboot)

2017-11-27 09:12:36.822  INFO 8712 --- [  restartedMain] com.gitspringboot.ArticalMain            : The following profiles are active: dev

2017-11-27 09:12:47.848  INFO 8712 --- [ost-startStop-1] c.g.filter.SessionIdLogFilter            : Ashraf logging filter

2017-11-27 09:12:47.850  INFO 8712 --- [ost-startStop-1] c.g.filter.SessionIdLogFilter            : Ashraf logging filter

2017-11-27 09:12:56.705  INFO 8712 --- [  restartedMain] com.gitspringboot.ArticalMain            : Started ArticalMain in 20.609 seconds (JVM running for 21.297)

2017-11-27 09:12:57.396  INFO 8712 --- [nio-8081-exec-1] c.g.filter.SessionIdLogFilter            : Hey MyFilter invoked man

2017-11-27 09:17:28.878  WARN 8712 --- [ost-startStop-2] c.g.filter.SessionIdLogFilter            : Destruindo o filtro de logging

2017-11-27 09:17:28.878  WARN 8712 --- [ost-startStop-2] c.g.filter.SessionIdLogFilter            : Destruindo o filtro de logging

2017-11-27 09:17:29.799  INFO 8712 --- [  restartedMain] com.gitspringboot.ArticalMain            : Starting ArticalMain on ashrafPC with PID 8712 (C:\Users\Administrator\git\gitspringboot\gitspringboot\target\classes started by Administrator in C:\Users\Administrator\git\gitspringboot\gitspringboot)

2017-11-27 09:17:29.799  INFO 8712 --- [  restartedMain] com.gitspringboot.ArticalMain            : The following profiles are active: dev

2017-11-27 09:17:33.682  INFO 8712 --- [ost-startStop-1] c.g.filter.SessionIdLogFilter            : Ashraf logging filter

2017-11-27 09:17:33.687  INFO 8712 --- [ost-startStop-1] c.g.filter.SessionIdLogFilter            : Ashraf logging filter

2017-11-27 09:17:38.702  INFO 8712 --- [  restartedMain] com.gitspringboot.ArticalMain            : Started ArticalMain in 9.258 seconds (JVM running for 303.286)

2017-11-27 09:18:09.591  WARN 8712 --- [ost-startStop-2] c.g.filter.SessionIdLogFilter            : Destruindo o filtro de logging

2017-11-27 09:18:09.592  WARN 8712 --- [ost-startStop-2] c.g.filter.SessionIdLogFilter            : Destruindo o filtro de logging

2017-11-27 09:18:10.743  INFO 8712 --- [  restartedMain] com.gitspringboot.ArticalMain            : Starting ArticalMain on ashrafPC with PID 8712 (C:\Users\Administrator\git\gitspringboot\gitspringboot\target\classes started by Administrator in C:\Users\Administrator\git\gitspringboot\gitspringboot)

2017-11-27 09:18:10.743  INFO 8712 --- [  restartedMain] com.gitspringboot.ArticalMain            : The following profiles are active: dev

2017-11-27 09:18:13.727  INFO 8712 --- [ost-startStop-1] c.g.filter.SessionIdLogFilter            : Ashraf logging filter

2017-11-27 09:18:13.732  INFO 8712 --- [ost-startStop-1] c.g.filter.SessionIdLogFilter            : Ashraf logging filter

2017-11-27 09:18:17.889  INFO 8712 --- [  restartedMain] com.gitspringboot.ArticalMain            : Started ArticalMain in 7.246 seconds (JVM running for 342.472)

2017-11-27 09:18:33.884  INFO 8712 --- [nio-8081-exec-1] c.g.filter.SessionIdLogFilter            : Hey MyFilter invoked man

2017-11-27 10:58:10.176  INFO 8712 --- [nio-8081-exec-3] c.g.filter.SessionIdLogFilter            : Hey MyFilter invoked man

2017-11-27 11:00:52.411  WARN 8712 --- [ost-startStop-2] c.g.filter.SessionIdLogFilter            : Destruindo o filtro de logging

2017-11-27 11:00:52.412  WARN 8712 --- [ost-startStop-2] c.g.filter.SessionIdLogFilter            : Destruindo o filtro de logging

2017-11-27 11:00:53.613  INFO 8712 --- [  restartedMain] com.gitspringboot.ArticalMain            : Starting ArticalMain on ashrafPC with PID 8712 (C:\Users\Administrator\git\gitspringboot\gitspringboot\target\classes started by Administrator in C:\Users\Administrator\git\gitspringboot\gitspringboot)

2017-11-27 11:00:53.613  INFO 8712 --- [  restartedMain] com.gitspringboot.ArticalMain            : The following profiles are active: dev

2017-11-27 11:01:02.048  INFO 8712 --- [ost-startStop-1] c.g.filter.SessionIdLogFilter            : Ashraf logging filter

2017-11-27 11:01:02.050  INFO 8712 --- [ost-startStop-1] c.g.filter.SessionIdLogFilter            : Ashraf logging filter

2017-11-27 11:01:07.082  INFO 8712 --- [  restartedMain] com.gitspringboot.ArticalMain            : Started ArticalMain in 13.713 seconds (JVM running for 6511.487)

2017-11-27 11:01:14.804  INFO 8712 --- [nio-8081-exec-1] c.g.filter.SessionIdLogFilter            : Hey MyFilter invoked man

2017-11-27 11:09:56.750  WARN 8712 --- [ost-startStop-2] c.g.filter.SessionIdLogFilter            : Destruindo o filtro de logging

2017-11-27 11:09:56.751  WARN 8712 --- [ost-startStop-2] c.g.filter.SessionIdLogFilter            : Destruindo o filtro de logging

2017-11-27 11:09:58.036  INFO 8712 --- [  restartedMain] com.gitspringboot.ArticalMain            : Starting ArticalMain on ashrafPC with PID 8712 (C:\Users\Administrator\git\gitspringboot\gitspringboot\target\classes started by Administrator in C:\Users\Administrator\git\gitspringboot\gitspringboot)

2017-11-27 11:09:58.036  INFO 8712 --- [  restartedMain] com.gitspringboot.ArticalMain            : The following profiles are active: dev

2017-11-27 11:10:01.569  INFO 8712 --- [ost-startStop-1] c.g.filter.SessionIdLogFilter            : Ashraf logging filter

2017-11-27 11:10:01.569  INFO 8712 --- [ost-startStop-1] c.g.filter.SessionIdLogFilter            : Ashraf logging filter

2017-11-27 11:10:05.586  INFO 8712 --- [  restartedMain] com.gitspringboot.ArticalMain            : Started ArticalMain in 7.813 seconds (JVM running for 7049.974)

2017-11-27 11:10:15.848  INFO 8712 --- [nio-8081-exec-1] c.g.filter.SessionIdLogFilter            : Hey MyFilter invoked man

2017-11-27 13:58:13.703  INFO 2836 --- [  restartedMain] com.gitspringboot.ArticalMain            : Starting ArticalMain on ashrafPC with PID 2836 (C:\Users\Administrator\git\gitspringboot\gitspringboot\target\classes started by Administrator in C:\Users\Administrator\git\gitspringboot\gitspringboot)

2017-11-27 13:58:13.703  INFO 2836 --- [  restartedMain] com.gitspringboot.ArticalMain            : The following profiles are active: dev

2017-11-27 13:58:27.458  INFO 2836 --- [ost-startStop-1] c.g.filter.SessionIdLogFilter            : Ashraf logging filter

2017-11-27 13:58:27.460  INFO 2836 --- [ost-startStop-1] c.g.filter.SessionIdLogFilter            : Ashraf logging filter

2017-11-27 13:58:37.787  INFO 2836 --- [  restartedMain] com.gitspringboot.ArticalMain            : Started ArticalMain in 24.899 seconds (JVM running for 25.662)

2017-11-27 13:58:38.102  INFO 2836 --- [nio-8081-exec-1] c.g.filter.SessionIdLogFilter            : Hey MyFilter invoked man

2017-11-27 13:58:42.636  INFO 2836 --- [nio-8081-exec-2] c.g.filter.SessionIdLogFilter            : Hey MyFilter invoked man

2017-11-27 14:58:22.681  INFO 7676 --- [  restartedMain] com.gitspringboot.ArticalMain            : Starting ArticalMain on ashrafPC with PID 7676 (C:\Users\Administrator\git\gitspringboot\gitspringboot\target\classes started by Administrator in C:\Users\Administrator\git\gitspringboot\gitspringboot)

2017-11-27 14:58:22.682  INFO 7676 --- [  restartedMain] com.gitspringboot.ArticalMain            : The following profiles are active: dev

2017-11-27 14:58:35.729  INFO 7676 --- [ost-startStop-1] c.g.filter.SessionIdLogFilter            : Ashraf logging filter

2017-11-27 14:58:35.731  INFO 7676 --- [ost-startStop-1] c.g.filter.SessionIdLogFilter            : Ashraf logging filter

2017-11-27 14:58:46.171  INFO 7676 --- [  restartedMain] com.gitspringboot.ArticalMain            : Started ArticalMain in 24.418 seconds (JVM running for 25.237)

2017-11-27 14:58:46.431  INFO 7676 --- [nio-8081-exec-1] c.g.filter.SessionIdLogFilter            : Hey MyFilter invoked man

2017-11-27 15:00:48.356  INFO 7512 --- [           main] c.g.c.CertificateControllerTest          : Starting CertificateControllerTest on ashrafPC with PID 7512 (started by Administrator in C:\Users\Administrator\git\gitspringboot\gitspringboot)

2017-11-27 15:00:48.357  INFO 7512 --- [           main] c.g.c.CertificateControllerTest          : The following profiles are active: dev

2017-11-27 15:01:09.880  INFO 7512 --- [           main] c.g.c.CertificateControllerTest          : Started CertificateControllerTest in 22.438 seconds (JVM running for 23.937)

2017-11-28 07:20:12.379  INFO 8968 --- [           main] c.g.c.CertificateControllerTest          : Starting CertificateControllerTest on ashrafPC with PID 8968 (started by Administrator in C:\Users\Administrator\git\gitspringboot\gitspringboot)

2017-11-28 07:20:12.519  INFO 8968 --- [           main] c.g.c.CertificateControllerTest          : The following profiles are active: dev

2017-11-28 07:20:32.460  INFO 8968 --- [           main] c.g.c.CertificateControllerTest          : Started CertificateControllerTest in 20.869 seconds (JVM running for 22.225)

