2017-11-16 16:14:58.639  INFO 8908 --- [  restartedMain] com.gitspringboot.ArticalMain            : Starting ArticalMain on ashrafPC with PID 8908 (C:\Users\Administrator\git\gitspringboot\gitspringboot\target\classes started by Administrator in C:\Users\Administrator\git\gitspringboot\gitspringboot)

2017-11-16 16:14:58.702  INFO 8908 --- [  restartedMain] com.gitspringboot.ArticalMain            : The following profiles are active: dev

2017-11-16 16:15:15.753  INFO 8908 --- [ost-startStop-1] c.g.filter.SessionIdLogFilter            : Ashraf logging filter

2017-11-16 16:15:15.755  INFO 8908 --- [ost-startStop-1] c.g.filter.SessionIdLogFilter            : Ashraf logging filter

2017-11-16 16:15:23.972  INFO 8908 --- [  restartedMain] com.gitspringboot.ArticalMain            : Started ArticalMain in 26.79 seconds (JVM running for 28.596)

2017-11-16 16:15:59.003  INFO 8908 --- [nio-8081-exec-8] c.g.filter.SessionIdLogFilter            : Hey MyFilter invoked man

2017-11-16 16:16:07.817  INFO 8908 --- [nio-8081-exec-9] c.g.filter.SessionIdLogFilter            : Hey MyFilter invoked man

2017-11-16 16:17:56.966  INFO 6476 --- [  restartedMain] com.gitspringboot.ArticalMain            : Starting ArticalMain on ashrafPC with PID 6476 (C:\Users\Administrator\git\gitspringboot\gitspringboot\target\classes started by Administrator in C:\Users\Administrator\git\gitspringboot\gitspringboot)

2017-11-16 16:17:56.968  INFO 6476 --- [  restartedMain] com.gitspringboot.ArticalMain            : The following profiles are active: dev

2017-11-16 16:18:07.784  INFO 6476 --- [ost-startStop-1] c.g.filter.SessionIdLogFilter            : Ashraf logging filter

2017-11-16 16:18:07.786  INFO 6476 --- [ost-startStop-1] c.g.filter.SessionIdLogFilter            : Ashraf logging filter

2017-11-16 16:18:15.692  INFO 6476 --- [  restartedMain] com.gitspringboot.ArticalMain            : Started ArticalMain in 19.51 seconds (JVM running for 20.311)

2017-11-16 16:18:34.050  WARN 6476 --- [ost-startStop-2] c.g.filter.SessionIdLogFilter            : Destruindo o filtro de logging

2017-11-16 16:18:34.054  WARN 6476 --- [ost-startStop-2] c.g.filter.SessionIdLogFilter            : Destruindo o filtro de logging

2017-11-16 16:18:34.890  INFO 6476 --- [  restartedMain] com.gitspringboot.ArticalMain            : Starting ArticalMain on ashrafPC with PID 6476 (C:\Users\Administrator\git\gitspringboot\gitspringboot\target\classes started by Administrator in C:\Users\Administrator\git\gitspringboot\gitspringboot)

2017-11-16 16:18:34.891  INFO 6476 --- [  restartedMain] com.gitspringboot.ArticalMain            : The following profiles are active: dev

2017-11-16 16:18:38.192  INFO 6476 --- [ost-startStop-1] c.g.filter.SessionIdLogFilter            : Ashraf logging filter

2017-11-16 16:18:38.194  INFO 6476 --- [ost-startStop-1] c.g.filter.SessionIdLogFilter            : Ashraf logging filter

2017-11-16 16:18:42.602  INFO 6476 --- [  restartedMain] com.gitspringboot.ArticalMain            : Started ArticalMain in 7.879 seconds (JVM running for 47.221)

2017-11-16 16:19:01.413  INFO 6476 --- [nio-8081-exec-6] c.g.filter.SessionIdLogFilter            : Hey MyFilter invoked man

2017-11-16 16:19:09.979  INFO 6476 --- [nio-8081-exec-8] c.g.filter.SessionIdLogFilter            : Hey MyFilter invoked man

2017-11-16 16:20:43.000  WARN 6476 --- [ost-startStop-2] c.g.filter.SessionIdLogFilter            : Destruindo o filtro de logging

2017-11-16 16:20:43.001  WARN 6476 --- [ost-startStop-2] c.g.filter.SessionIdLogFilter            : Destruindo o filtro de logging

2017-11-16 16:20:43.550  INFO 6476 --- [  restartedMain] com.gitspringboot.ArticalMain            : Starting ArticalMain on ashrafPC with PID 6476 (C:\Users\Administrator\git\gitspringboot\gitspringboot\target\classes started by Administrator in C:\Users\Administrator\git\gitspringboot\gitspringboot)

2017-11-16 16:20:43.550  INFO 6476 --- [  restartedMain] com.gitspringboot.ArticalMain            : The following profiles are active: dev

2017-11-16 16:20:46.463  INFO 6476 --- [ost-startStop-1] c.g.filter.SessionIdLogFilter            : Ashraf logging filter

2017-11-16 16:20:46.465  INFO 6476 --- [ost-startStop-1] c.g.filter.SessionIdLogFilter            : Ashraf logging filter

2017-11-16 16:20:50.203  INFO 6476 --- [  restartedMain] com.gitspringboot.ArticalMain            : Started ArticalMain in 6.788 seconds (JVM running for 174.816)

2017-11-16 16:21:09.179  INFO 6476 --- [nio-8081-exec-4] c.g.filter.SessionIdLogFilter            : Hey MyFilter invoked man

2017-11-16 16:21:14.154  INFO 6476 --- [nio-8081-exec-5] c.g.filter.SessionIdLogFilter            : Hey MyFilter invoked man

2017-11-16 16:22:41.881  WARN 6476 --- [ost-startStop-2] c.g.filter.SessionIdLogFilter            : Destruindo o filtro de logging

2017-11-16 16:22:41.884  WARN 6476 --- [ost-startStop-2] c.g.filter.SessionIdLogFilter            : Destruindo o filtro de logging

2017-11-16 16:22:42.767  INFO 6476 --- [  restartedMain] com.gitspringboot.ArticalMain            : Starting ArticalMain on ashrafPC with PID 6476 (C:\Users\Administrator\git\gitspringboot\gitspringboot\target\classes started by Administrator in C:\Users\Administrator\git\gitspringboot\gitspringboot)

2017-11-16 16:22:42.767  INFO 6476 --- [  restartedMain] com.gitspringboot.ArticalMain            : The following profiles are active: dev

2017-11-16 16:22:45.674  INFO 6476 --- [ost-startStop-1] c.g.filter.SessionIdLogFilter            : Ashraf logging filter

2017-11-16 16:22:45.676  INFO 6476 --- [ost-startStop-1] c.g.filter.SessionIdLogFilter            : Ashraf logging filter

2017-11-16 16:22:49.418  INFO 6476 --- [  restartedMain] com.gitspringboot.ArticalMain            : Started ArticalMain in 6.759 seconds (JVM running for 294.026)

2017-11-16 16:23:07.881  INFO 6476 --- [nio-8081-exec-3] c.g.filter.SessionIdLogFilter            : Hey MyFilter invoked man

2017-11-16 16:23:13.900  INFO 6476 --- [nio-8081-exec-4] c.g.filter.SessionIdLogFilter            : Hey MyFilter invoked man

2017-11-16 16:24:21.605  WARN 6476 --- [ost-startStop-2] c.g.filter.SessionIdLogFilter            : Destruindo o filtro de logging

2017-11-16 16:24:21.606  WARN 6476 --- [ost-startStop-2] c.g.filter.SessionIdLogFilter            : Destruindo o filtro de logging

2017-11-16 16:24:22.280  INFO 6476 --- [  restartedMain] com.gitspringboot.ArticalMain            : Starting ArticalMain on ashrafPC with PID 6476 (C:\Users\Administrator\git\gitspringboot\gitspringboot\target\classes started by Administrator in C:\Users\Administrator\git\gitspringboot\gitspringboot)

2017-11-16 16:24:22.281  INFO 6476 --- [  restartedMain] com.gitspringboot.ArticalMain            : The following profiles are active: dev

2017-11-16 16:24:24.626  INFO 6476 --- [ost-startStop-1] c.g.filter.SessionIdLogFilter            : Ashraf logging filter

2017-11-16 16:24:24.628  INFO 6476 --- [ost-startStop-1] c.g.filter.SessionIdLogFilter            : Ashraf logging filter

2017-11-16 16:24:27.670  INFO 6476 --- [  restartedMain] com.gitspringboot.ArticalMain            : Started ArticalMain in 5.535 seconds (JVM running for 392.274)

2017-11-16 16:24:34.360  WARN 6476 --- [ost-startStop-1] c.g.filter.SessionIdLogFilter            : Destruindo o filtro de logging

2017-11-16 16:24:34.360  WARN 6476 --- [ost-startStop-1] c.g.filter.SessionIdLogFilter            : Destruindo o filtro de logging

2017-11-16 16:24:34.816  INFO 6476 --- [  restartedMain] com.gitspringboot.ArticalMain            : Starting ArticalMain on ashrafPC with PID 6476 (C:\Users\Administrator\git\gitspringboot\gitspringboot\target\classes started by Administrator in C:\Users\Administrator\git\gitspringboot\gitspringboot)

2017-11-16 16:24:34.816  INFO 6476 --- [  restartedMain] com.gitspringboot.ArticalMain            : The following profiles are active: dev

2017-11-16 16:24:37.950  INFO 6476 --- [ost-startStop-1] c.g.filter.SessionIdLogFilter            : Ashraf logging filter

2017-11-16 16:24:37.951  INFO 6476 --- [ost-startStop-1] c.g.filter.SessionIdLogFilter            : Ashraf logging filter

2017-11-16 16:24:40.665  INFO 6476 --- [  restartedMain] com.gitspringboot.ArticalMain            : Started ArticalMain in 5.918 seconds (JVM running for 405.268)

2017-11-16 16:26:48.035  WARN 6476 --- [ost-startStop-2] c.g.filter.SessionIdLogFilter            : Destruindo o filtro de logging

2017-11-16 16:26:48.036  WARN 6476 --- [ost-startStop-2] c.g.filter.SessionIdLogFilter            : Destruindo o filtro de logging

2017-11-16 16:26:48.792  INFO 6476 --- [  restartedMain] com.gitspringboot.ArticalMain            : Starting ArticalMain on ashrafPC with PID 6476 (C:\Users\Administrator\git\gitspringboot\gitspringboot\target\classes started by Administrator in C:\Users\Administrator\git\gitspringboot\gitspringboot)

2017-11-16 16:26:48.792  INFO 6476 --- [  restartedMain] com.gitspringboot.ArticalMain            : The following profiles are active: dev

2017-11-16 16:26:51.589  INFO 6476 --- [ost-startStop-1] c.g.filter.SessionIdLogFilter            : Ashraf logging filter

2017-11-16 16:26:51.590  INFO 6476 --- [ost-startStop-1] c.g.filter.SessionIdLogFilter            : Ashraf logging filter

2017-11-16 16:26:54.313  INFO 6476 --- [  restartedMain] com.gitspringboot.ArticalMain            : Started ArticalMain in 5.604 seconds (JVM running for 538.91)

2017-11-16 16:26:55.807  WARN 6476 --- [ost-startStop-1] c.g.filter.SessionIdLogFilter            : Destruindo o filtro de logging

2017-11-16 16:26:55.807  WARN 6476 --- [ost-startStop-1] c.g.filter.SessionIdLogFilter            : Destruindo o filtro de logging

2017-11-16 16:26:56.208  INFO 6476 --- [  restartedMain] com.gitspringboot.ArticalMain            : Starting ArticalMain on ashrafPC with PID 6476 (C:\Users\Administrator\git\gitspringboot\gitspringboot\target\classes started by Administrator in C:\Users\Administrator\git\gitspringboot\gitspringboot)

2017-11-16 16:26:56.209  INFO 6476 --- [  restartedMain] com.gitspringboot.ArticalMain            : The following profiles are active: dev

2017-11-16 16:26:57.932  INFO 6476 --- [ost-startStop-1] c.g.filter.SessionIdLogFilter            : Ashraf logging filter

2017-11-16 16:26:57.933  INFO 6476 --- [ost-startStop-1] c.g.filter.SessionIdLogFilter            : Ashraf logging filter

2017-11-16 16:27:00.624  INFO 6476 --- [  restartedMain] com.gitspringboot.ArticalMain            : Started ArticalMain in 4.47 seconds (JVM running for 545.221)

2017-11-16 16:29:04.863  INFO 8020 --- [  restartedMain] com.gitspringboot.ArticalMain            : Starting ArticalMain on ashrafPC with PID 8020 (C:\Users\Administrator\git\gitspringboot\gitspringboot\target\classes started by Administrator in C:\Users\Administrator\git\gitspringboot\gitspringboot)

2017-11-16 16:29:04.864  INFO 8020 --- [  restartedMain] com.gitspringboot.ArticalMain            : The following profiles are active: dev

2017-11-16 16:30:02.775  INFO 8020 --- [ost-startStop-1] c.g.filter.SessionIdLogFilter            : Ashraf logging filter

2017-11-16 16:30:02.777  INFO 8020 --- [ost-startStop-1] c.g.filter.SessionIdLogFilter            : Ashraf logging filter

2017-11-16 16:30:19.945  INFO 8020 --- [  restartedMain] com.gitspringboot.ArticalMain            : Started ArticalMain in 75.914 seconds (JVM running for 76.967)

2017-11-16 16:30:26.700  INFO 8020 --- [nio-8081-exec-1] c.g.filter.SessionIdLogFilter            : Hey MyFilter invoked man

2017-11-16 16:30:46.871  INFO 8020 --- [nio-8081-exec-4] c.g.filter.SessionIdLogFilter            : Hey MyFilter invoked man

2017-11-16 16:30:56.873  INFO 8020 --- [nio-8081-exec-6] c.g.filter.SessionIdLogFilter            : Hey MyFilter invoked man

2017-11-16 16:31:23.971  INFO 8020 --- [nio-8081-exec-9] c.g.filter.SessionIdLogFilter            : Hey MyFilter invoked man

2017-11-16 16:32:58.628  INFO 8020 --- [nio-8081-exec-2] c.g.filter.SessionIdLogFilter            : Hey MyFilter invoked man

2017-11-16 16:33:41.160  INFO 8020 --- [nio-8081-exec-4] c.g.filter.SessionIdLogFilter            : Hey MyFilter invoked man
FD473D53B08125AA0CA3E31B7A8761E2
2017-11-16 16:34:16.230  INFO 8020 --- [nio-8081-exec-7] c.g.filter.SessionIdLogFilter            : Hey MyFilter invoked man

2017-11-16 16:48:05.549  INFO 3060 --- [  restartedMain] com.gitspringboot.ArticalMain            : Starting ArticalMain on ashrafPC with PID 3060 (C:\Users\Administrator\git\gitspringboot\gitspringboot\target\classes started by Administrator in C:\Users\Administrator\git\gitspringboot\gitspringboot)

2017-11-16 16:48:05.550  INFO 3060 --- [  restartedMain] com.gitspringboot.ArticalMain            : The following profiles are active: dev

2017-11-16 16:48:16.940  INFO 3060 --- [ost-startStop-1] c.g.filter.SessionIdLogFilter            : Ashraf logging filter

2017-11-16 16:48:16.942  INFO 3060 --- [ost-startStop-1] c.g.filter.SessionIdLogFilter            : Ashraf logging filter

2017-11-16 16:48:25.151  INFO 3060 --- [  restartedMain] com.gitspringboot.ArticalMain            : Started ArticalMain in 20.333 seconds (JVM running for 21.057)

2017-11-16 16:48:30.266  WARN 3060 --- [ost-startStop-2] c.g.filter.SessionIdLogFilter            : Destruindo o filtro de logging

2017-11-16 16:48:30.267  WARN 3060 --- [ost-startStop-2] c.g.filter.SessionIdLogFilter            : Destruindo o filtro de logging

2017-11-16 16:48:31.513  INFO 3060 --- [  restartedMain] com.gitspringboot.ArticalMain            : Starting ArticalMain on ashrafPC with PID 3060 (C:\Users\Administrator\git\gitspringboot\gitspringboot\target\classes started by Administrator in C:\Users\Administrator\git\gitspringboot\gitspringboot)

2017-11-16 16:48:31.515  INFO 3060 --- [  restartedMain] com.gitspringboot.ArticalMain            : The following profiles are active: dev

2017-11-16 16:48:34.731  INFO 3060 --- [ost-startStop-1] c.g.filter.SessionIdLogFilter            : Ashraf logging filter

2017-11-16 16:48:34.734  INFO 3060 --- [ost-startStop-1] c.g.filter.SessionIdLogFilter            : Ashraf logging filter

2017-11-16 16:48:39.335  INFO 3060 --- [  restartedMain] com.gitspringboot.ArticalMain            : Started ArticalMain in 8.562 seconds (JVM running for 35.241)

2017-11-16 16:48:41.031  INFO 3060 --- [nio-8081-exec-1] c.g.filter.SessionIdLogFilter            : Hey MyFilter invoked man

2017-11-16 16:48:43.766  INFO 3060 --- [nio-8081-exec-2] c.g.filter.SessionIdLogFilter            : Hey MyFilter invoked man

2017-11-16 16:49:33.857  WARN 3060 --- [ost-startStop-2] c.g.filter.SessionIdLogFilter            : Destruindo o filtro de logging

2017-11-16 16:49:33.858  WARN 3060 --- [ost-startStop-2] c.g.filter.SessionIdLogFilter            : Destruindo o filtro de logging

2017-11-16 16:49:34.566  INFO 3060 --- [  restartedMain] com.gitspringboot.ArticalMain            : Starting ArticalMain on ashrafPC with PID 3060 (C:\Users\Administrator\git\gitspringboot\gitspringboot\target\classes started by Administrator in C:\Users\Administrator\git\gitspringboot\gitspringboot)

2017-11-16 16:49:34.567  INFO 3060 --- [  restartedMain] com.gitspringboot.ArticalMain            : The following profiles are active: dev

2017-11-16 16:49:37.850  INFO 3060 --- [ost-startStop-1] c.g.filter.SessionIdLogFilter            : Ashraf logging filter

2017-11-16 16:49:37.856  INFO 3060 --- [ost-startStop-1] c.g.filter.SessionIdLogFilter            : Ashraf logging filter

2017-11-16 16:49:41.645  INFO 3060 --- [  restartedMain] com.gitspringboot.ArticalMain            : Started ArticalMain in 7.272 seconds (JVM running for 97.548)

2017-11-16 16:49:51.734  WARN 3060 --- [ost-startStop-2] c.g.filter.SessionIdLogFilter            : Destruindo o filtro de logging

2017-11-16 16:49:51.735  WARN 3060 --- [ost-startStop-2] c.g.filter.SessionIdLogFilter            : Destruindo o filtro de logging

2017-11-16 16:49:52.231  INFO 3060 --- [  restartedMain] com.gitspringboot.ArticalMain            : Starting ArticalMain on ashrafPC with PID 3060 (C:\Users\Administrator\git\gitspringboot\gitspringboot\target\classes started by Administrator in C:\Users\Administrator\git\gitspringboot\gitspringboot)

2017-11-16 16:49:52.231  INFO 3060 --- [  restartedMain] com.gitspringboot.ArticalMain            : The following profiles are active: dev

2017-11-16 16:49:55.197  INFO 3060 --- [ost-startStop-1] c.g.filter.SessionIdLogFilter            : Ashraf logging filter

2017-11-16 16:49:55.199  INFO 3060 --- [ost-startStop-1] c.g.filter.SessionIdLogFilter            : Ashraf logging filter

2017-11-16 16:49:58.698  INFO 3060 --- [  restartedMain] com.gitspringboot.ArticalMain            : Started ArticalMain in 6.545 seconds (JVM running for 114.6)

2017-11-16 16:50:08.643  INFO 3060 --- [nio-8081-exec-1] c.g.filter.SessionIdLogFilter            : Hey MyFilter invoked man

2017-11-16 16:50:10.422  INFO 3060 --- [nio-8081-exec-2] c.g.filter.SessionIdLogFilter            : Hey MyFilter invoked man

2017-11-16 16:53:17.475  WARN 3060 --- [ost-startStop-2] c.g.filter.SessionIdLogFilter            : Destruindo o filtro de logging

2017-11-16 16:53:17.477  WARN 3060 --- [ost-startStop-2] c.g.filter.SessionIdLogFilter            : Destruindo o filtro de logging

2017-11-16 16:53:17.977  INFO 3060 --- [  restartedMain] com.gitspringboot.ArticalMain            : Starting ArticalMain on ashrafPC with PID 3060 (C:\Users\Administrator\git\gitspringboot\gitspringboot\target\classes started by Administrator in C:\Users\Administrator\git\gitspringboot\gitspringboot)

2017-11-16 16:53:17.977  INFO 3060 --- [  restartedMain] com.gitspringboot.ArticalMain            : The following profiles are active: dev

2017-11-16 16:53:21.159  INFO 3060 --- [ost-startStop-1] c.g.filter.SessionIdLogFilter            : Ashraf logging filter

2017-11-16 16:53:21.161  INFO 3060 --- [ost-startStop-1] c.g.filter.SessionIdLogFilter            : Ashraf logging filter

2017-11-16 16:53:24.764  INFO 3060 --- [  restartedMain] com.gitspringboot.ArticalMain            : Started ArticalMain in 6.867 seconds (JVM running for 320.657)

2017-11-16 16:53:29.004  INFO 3060 --- [nio-8081-exec-1] c.g.filter.SessionIdLogFilter            : Hey MyFilter invoked man

2017-11-16 16:53:30.225  INFO 3060 --- [nio-8081-exec-2] c.g.filter.SessionIdLogFilter            : Hey MyFilter invoked man

2017-11-16 16:54:37.252  WARN 3060 --- [ost-startStop-2] c.g.filter.SessionIdLogFilter            : Destruindo o filtro de logging

2017-11-16 16:54:37.253  WARN 3060 --- [ost-startStop-2] c.g.filter.SessionIdLogFilter            : Destruindo o filtro de logging

2017-11-16 16:54:37.705  INFO 3060 --- [  restartedMain] com.gitspringboot.ArticalMain            : Starting ArticalMain on ashrafPC with PID 3060 (C:\Users\Administrator\git\gitspringboot\gitspringboot\target\classes started by Administrator in C:\Users\Administrator\git\gitspringboot\gitspringboot)

2017-11-16 16:54:37.705  INFO 3060 --- [  restartedMain] com.gitspringboot.ArticalMain            : The following profiles are active: dev

2017-11-16 16:57:04.242  INFO 7764 --- [  restartedMain] com.gitspringboot.ArticalMain            : Starting ArticalMain on ashrafPC with PID 7764 (C:\Users\Administrator\git\gitspringboot\gitspringboot\target\classes started by Administrator in C:\Users\Administrator\git\gitspringboot\gitspringboot)

2017-11-16 16:57:04.243  INFO 7764 --- [  restartedMain] com.gitspringboot.ArticalMain            : The following profiles are active: dev

2017-11-16 16:57:14.674  INFO 7764 --- [ost-startStop-1] c.g.filter.SessionIdLogFilter            : Ashraf logging filter

2017-11-16 16:57:14.676  INFO 7764 --- [ost-startStop-1] c.g.filter.SessionIdLogFilter            : Ashraf logging filter

2017-11-16 16:57:40.975  INFO 3304 --- [  restartedMain] com.gitspringboot.ArticalMain            : Starting ArticalMain on ashrafPC with PID 3304 (C:\Users\Administrator\git\gitspringboot\gitspringboot\target\classes started by Administrator in C:\Users\Administrator\git\gitspringboot\gitspringboot)

2017-11-16 16:57:40.976  INFO 3304 --- [  restartedMain] com.gitspringboot.ArticalMain            : The following profiles are active: dev

2017-11-16 16:57:51.540  INFO 3304 --- [ost-startStop-1] c.g.filter.SessionIdLogFilter            : Ashraf logging filter

2017-11-16 16:57:51.542  INFO 3304 --- [ost-startStop-1] c.g.filter.SessionIdLogFilter            : Ashraf logging filter

2017-11-16 16:57:59.339  INFO 3304 --- [  restartedMain] com.gitspringboot.ArticalMain            : Started ArticalMain in 19.257 seconds (JVM running for 19.969)

2017-11-16 16:58:08.301  INFO 3304 --- [nio-8081-exec-1] c.g.filter.SessionIdLogFilter            : Hey MyFilter invoked man

2017-11-16 16:58:56.829  INFO 5112 --- [  restartedMain] com.gitspringboot.ArticalMain            : Starting ArticalMain on ashrafPC with PID 5112 (C:\Users\Administrator\git\gitspringboot\gitspringboot\target\classes started by Administrator in C:\Users\Administrator\git\gitspringboot\gitspringboot)

2017-11-16 16:58:56.830  INFO 5112 --- [  restartedMain] com.gitspringboot.ArticalMain            : The following profiles are active: dev

2017-11-16 16:59:08.498  INFO 5112 --- [ost-startStop-1] c.g.filter.SessionIdLogFilter            : Ashraf logging filter

2017-11-16 16:59:08.500  INFO 5112 --- [ost-startStop-1] c.g.filter.SessionIdLogFilter            : Ashraf logging filter

2017-11-16 16:59:16.100  INFO 5112 --- [  restartedMain] com.gitspringboot.ArticalMain            : Started ArticalMain in 20.122 seconds (JVM running for 20.852)

2017-11-16 16:59:23.309  INFO 5112 --- [nio-8081-exec-1] c.g.filter.SessionIdLogFilter            : Hey MyFilter invoked man

2017-11-16 17:01:09.570  WARN 5112 --- [ost-startStop-2] c.g.filter.SessionIdLogFilter            : Destruindo o filtro de logging

2017-11-16 17:01:09.570  WARN 5112 --- [ost-startStop-2] c.g.filter.SessionIdLogFilter            : Destruindo o filtro de logging

2017-11-16 17:01:10.293  INFO 5112 --- [  restartedMain] com.gitspringboot.ArticalMain            : Starting ArticalMain on ashrafPC with PID 5112 (C:\Users\Administrator\git\gitspringboot\gitspringboot\target\classes started by Administrator in C:\Users\Administrator\git\gitspringboot\gitspringboot)

2017-11-16 17:01:10.299  INFO 5112 --- [  restartedMain] com.gitspringboot.ArticalMain            : The following profiles are active: dev

2017-11-16 17:01:14.033  INFO 5112 --- [ost-startStop-1] c.g.filter.SessionIdLogFilter            : Ashraf logging filter

2017-11-16 17:01:14.036  INFO 5112 --- [ost-startStop-1] c.g.filter.SessionIdLogFilter            : Ashraf logging filter

2017-11-16 17:01:18.038  INFO 5112 --- [  restartedMain] com.gitspringboot.ArticalMain            : Started ArticalMain in 7.94 seconds (JVM running for 142.785)

2017-11-16 17:01:35.108  INFO 5112 --- [nio-8081-exec-1] c.g.filter.SessionIdLogFilter            : Hey MyFilter invoked man

2017-11-16 17:03:55.746  INFO 3312 --- [  restartedMain] com.gitspringboot.ArticalMain            : Starting ArticalMain on ashrafPC with PID 3312 (C:\Users\Administrator\git\gitspringboot\gitspringboot\target\classes started by Administrator in C:\Users\Administrator\git\gitspringboot\gitspringboot)

2017-11-16 17:03:55.747  INFO 3312 --- [  restartedMain] com.gitspringboot.ArticalMain            : The following profiles are active: dev

2017-11-16 17:04:05.952  INFO 3312 --- [ost-startStop-1] c.g.filter.SessionIdLogFilter            : Ashraf logging filter

2017-11-16 17:04:05.954  INFO 3312 --- [ost-startStop-1] c.g.filter.SessionIdLogFilter            : Ashraf logging filter

2017-11-16 17:04:13.602  INFO 3312 --- [  restartedMain] com.gitspringboot.ArticalMain            : Started ArticalMain in 18.575 seconds (JVM running for 19.304)

2017-11-16 17:04:31.555  INFO 3312 --- [nio-8081-exec-1] c.g.filter.SessionIdLogFilter            : Hey MyFilter invoked man

2017-11-16 17:08:00.749  WARN 3312 --- [ost-startStop-2] c.g.filter.SessionIdLogFilter            : Destruindo o filtro de logging

2017-11-16 17:08:00.750  WARN 3312 --- [ost-startStop-2] c.g.filter.SessionIdLogFilter            : Destruindo o filtro de logging

2017-11-16 17:08:01.654  INFO 3312 --- [  restartedMain] com.gitspringboot.ArticalMain            : Starting ArticalMain on ashrafPC with PID 3312 (C:\Users\Administrator\git\gitspringboot\gitspringboot\target\classes started by Administrator in C:\Users\Administrator\git\gitspringboot\gitspringboot)

2017-11-16 17:08:01.655  INFO 3312 --- [  restartedMain] com.gitspringboot.ArticalMain            : The following profiles are active: dev

2017-11-16 17:08:05.325  INFO 3312 --- [ost-startStop-1] c.g.filter.SessionIdLogFilter            : Ashraf logging filter

2017-11-16 17:08:05.327  INFO 3312 --- [ost-startStop-1] c.g.filter.SessionIdLogFilter            : Ashraf logging filter

2017-11-16 17:08:09.774  INFO 3312 --- [  restartedMain] com.gitspringboot.ArticalMain            : Started ArticalMain in 8.369 seconds (JVM running for 255.467)

2017-11-16 17:08:15.399  WARN 3312 --- [ost-startStop-2] c.g.filter.SessionIdLogFilter            : Destruindo o filtro de logging

2017-11-16 17:08:15.400  WARN 3312 --- [ost-startStop-2] c.g.filter.SessionIdLogFilter            : Destruindo o filtro de logging

2017-11-16 17:08:16.100  INFO 3312 --- [  restartedMain] com.gitspringboot.ArticalMain            : Starting ArticalMain on ashrafPC with PID 3312 (C:\Users\Administrator\git\gitspringboot\gitspringboot\target\classes started by Administrator in C:\Users\Administrator\git\gitspringboot\gitspringboot)

2017-11-16 17:08:16.100  INFO 3312 --- [  restartedMain] com.gitspringboot.ArticalMain            : The following profiles are active: dev

2017-11-16 17:08:19.143  INFO 3312 --- [ost-startStop-1] c.g.filter.SessionIdLogFilter            : Ashraf logging filter

2017-11-16 17:08:19.145  INFO 3312 --- [ost-startStop-1] c.g.filter.SessionIdLogFilter            : Ashraf logging filter

2017-11-16 17:08:23.633  INFO 3312 --- [  restartedMain] com.gitspringboot.ArticalMain            : Started ArticalMain in 7.612 seconds (JVM running for 269.325)

2017-11-16 17:08:41.080  INFO 3312 --- [nio-8081-exec-1] c.g.filter.SessionIdLogFilter            : Hey MyFilter invoked man

2017-11-16 17:09:15.495  WARN 3312 --- [ost-startStop-2] c.g.filter.SessionIdLogFilter            : Destruindo o filtro de logging

2017-11-16 17:09:15.500  WARN 3312 --- [ost-startStop-2] c.g.filter.SessionIdLogFilter            : Destruindo o filtro de logging

2017-11-16 17:09:16.068  INFO 3312 --- [  restartedMain] com.gitspringboot.ArticalMain            : Starting ArticalMain on ashrafPC with PID 3312 (C:\Users\Administrator\git\gitspringboot\gitspringboot\target\classes started by Administrator in C:\Users\Administrator\git\gitspringboot\gitspringboot)

2017-11-16 17:09:16.068  INFO 3312 --- [  restartedMain] com.gitspringboot.ArticalMain            : The following profiles are active: dev

2017-11-16 17:09:18.692  INFO 3312 --- [ost-startStop-1] c.g.filter.SessionIdLogFilter            : Ashraf logging filter

2017-11-16 17:09:18.705  INFO 3312 --- [ost-startStop-1] c.g.filter.SessionIdLogFilter            : Ashraf logging filter

2017-11-16 17:09:22.236  INFO 3312 --- [  restartedMain] com.gitspringboot.ArticalMain            : Started ArticalMain in 6.261 seconds (JVM running for 327.926)

2017-11-16 17:09:32.543  INFO 3312 --- [nio-8081-exec-1] c.g.filter.SessionIdLogFilter            : Hey MyFilter invoked man

2017-11-16 17:15:06.013  INFO 8760 --- [  restartedMain] com.gitspringboot.ArticalMain            : Starting ArticalMain on ashrafPC with PID 8760 (C:\Users\Administrator\git\gitspringboot\gitspringboot\target\classes started by Administrator in C:\Users\Administrator\git\gitspringboot\gitspringboot)

2017-11-16 17:15:06.014  INFO 8760 --- [  restartedMain] com.gitspringboot.ArticalMain            : The following profiles are active: dev

2017-11-16 17:15:16.732  INFO 8760 --- [ost-startStop-1] c.g.filter.SessionIdLogFilter            : Ashraf logging filter

2017-11-16 17:15:16.734  INFO 8760 --- [ost-startStop-1] c.g.filter.SessionIdLogFilter            : Ashraf logging filter

2017-11-16 17:15:24.626  INFO 8760 --- [  restartedMain] com.gitspringboot.ArticalMain            : Started ArticalMain in 19.386 seconds (JVM running for 20.119)

2017-11-16 17:16:25.495  INFO 5820 --- [  restartedMain] com.gitspringboot.ArticalMain            : Starting ArticalMain on ashrafPC with PID 5820 (C:\Users\Administrator\git\gitspringboot\gitspringboot\target\classes started by Administrator in C:\Users\Administrator\git\gitspringboot\gitspringboot)

2017-11-16 17:16:25.496  INFO 5820 --- [  restartedMain] com.gitspringboot.ArticalMain            : The following profiles are active: dev

2017-11-16 17:16:36.808  INFO 5820 --- [ost-startStop-1] c.g.filter.SessionIdLogFilter            : Ashraf logging filter

2017-11-16 17:16:36.810  INFO 5820 --- [ost-startStop-1] c.g.filter.SessionIdLogFilter            : Ashraf logging filter

2017-11-16 17:16:44.494  INFO 5820 --- [  restartedMain] com.gitspringboot.ArticalMain            : Started ArticalMain in 19.763 seconds (JVM running for 20.891)

2017-11-16 17:16:45.709  INFO 5820 --- [nio-8081-exec-1] c.g.filter.SessionIdLogFilter            : Hey MyFilter invoked man

2017-11-16 17:18:45.270  INFO 5324 --- [  restartedMain] com.gitspringboot.ArticalMain            : Starting ArticalMain on ashrafPC with PID 5324 (C:\Users\Administrator\git\gitspringboot\gitspringboot\target\classes started by Administrator in C:\Users\Administrator\git\gitspringboot\gitspringboot)

2017-11-16 17:18:45.271  INFO 5324 --- [  restartedMain] com.gitspringboot.ArticalMain            : The following profiles are active: dev

2017-11-16 17:18:56.011  INFO 5324 --- [ost-startStop-1] c.g.filter.SessionIdLogFilter            : Ashraf logging filter

2017-11-16 17:18:56.012  INFO 5324 --- [ost-startStop-1] c.g.filter.SessionIdLogFilter            : Ashraf logging filter

2017-11-16 17:19:04.362  INFO 5324 --- [  restartedMain] com.gitspringboot.ArticalMain            : Started ArticalMain in 19.881 seconds (JVM running for 20.562)

2017-11-16 17:19:05.204  INFO 5324 --- [nio-8081-exec-1] c.g.filter.SessionIdLogFilter            : Hey MyFilter invoked man

2017-11-16 17:21:19.517  INFO 8340 --- [  restartedMain] com.gitspringboot.ArticalMain            : Starting ArticalMain on ashrafPC with PID 8340 (C:\Users\Administrator\git\gitspringboot\gitspringboot\target\classes started by Administrator in C:\Users\Administrator\git\gitspringboot\gitspringboot)

2017-11-16 17:21:19.518  INFO 8340 --- [  restartedMain] com.gitspringboot.ArticalMain            : The following profiles are active: dev

2017-11-16 17:21:34.653  INFO 8340 --- [ost-startStop-1] c.g.filter.SessionIdLogFilter            : Ashraf logging filter

2017-11-16 17:21:34.655  INFO 8340 --- [ost-startStop-1] c.g.filter.SessionIdLogFilter            : Ashraf logging filter

2017-11-16 17:21:54.243  INFO 8340 --- [  restartedMain] com.gitspringboot.ArticalMain            : Started ArticalMain in 35.553 seconds (JVM running for 36.573)

2017-11-16 17:22:11.731  INFO 8340 --- [nio-8081-exec-1] c.g.filter.SessionIdLogFilter            : Hey MyFilter invoked man

2017-11-16 17:22:46.079  WARN 8340 --- [ost-startStop-2] c.g.filter.SessionIdLogFilter            : Destruindo o filtro de logging

2017-11-16 17:22:46.080  WARN 8340 --- [ost-startStop-2] c.g.filter.SessionIdLogFilter            : Destruindo o filtro de logging

2017-11-16 17:22:47.071  INFO 8340 --- [  restartedMain] com.gitspringboot.ArticalMain            : Starting ArticalMain on ashrafPC with PID 8340 (C:\Users\Administrator\git\gitspringboot\gitspringboot\target\classes started by Administrator in C:\Users\Administrator\git\gitspringboot\gitspringboot)

2017-11-16 17:22:47.071  INFO 8340 --- [  restartedMain] com.gitspringboot.ArticalMain            : The following profiles are active: dev

2017-11-16 17:22:54.869  INFO 8340 --- [ost-startStop-1] c.g.filter.SessionIdLogFilter            : Ashraf logging filter

2017-11-16 17:22:54.871  INFO 8340 --- [ost-startStop-1] c.g.filter.SessionIdLogFilter            : Ashraf logging filter

2017-11-16 17:23:06.864  INFO 8340 --- [  restartedMain] com.gitspringboot.ArticalMain            : Started ArticalMain in 20.046 seconds (JVM running for 109.191)

2017-11-16 17:23:16.612  INFO 8340 --- [nio-8081-exec-1] c.g.filter.SessionIdLogFilter            : Hey MyFilter invoked man

2017-11-16 17:25:55.951  INFO 8776 --- [  restartedMain] com.gitspringboot.ArticalMain            : Starting ArticalMain on ashrafPC with PID 8776 (C:\Users\Administrator\git\gitspringboot\gitspringboot\target\classes started by Administrator in C:\Users\Administrator\git\gitspringboot\gitspringboot)

2017-11-16 17:25:55.952  INFO 8776 --- [  restartedMain] com.gitspringboot.ArticalMain            : The following profiles are active: dev

2017-11-16 17:26:07.631  INFO 8776 --- [ost-startStop-1] c.g.filter.SessionIdLogFilter            : Ashraf logging filter

2017-11-16 17:26:07.634  INFO 8776 --- [ost-startStop-1] c.g.filter.SessionIdLogFilter            : Ashraf logging filter

2017-11-16 17:26:15.900  INFO 8776 --- [  restartedMain] com.gitspringboot.ArticalMain            : Started ArticalMain in 20.88 seconds (JVM running for 21.587)

2017-11-16 17:26:23.971  INFO 8776 --- [nio-8081-exec-1] c.g.filter.SessionIdLogFilter            : Hey MyFilter invoked man

2017-11-16 17:26:42.883  INFO 8776 --- [nio-8081-exec-3] c.g.filter.SessionIdLogFilter            : Hey MyFilter invoked man

2017-11-16 17:27:04.690  WARN 8776 --- [ost-startStop-2] c.g.filter.SessionIdLogFilter            : Destruindo o filtro de logging

2017-11-16 17:27:04.691  WARN 8776 --- [ost-startStop-2] c.g.filter.SessionIdLogFilter            : Destruindo o filtro de logging

2017-11-16 17:27:05.435  INFO 8776 --- [  restartedMain] com.gitspringboot.ArticalMain            : Starting ArticalMain on ashrafPC with PID 8776 (C:\Users\Administrator\git\gitspringboot\gitspringboot\target\classes started by Administrator in C:\Users\Administrator\git\gitspringboot\gitspringboot)

2017-11-16 17:27:05.435  INFO 8776 --- [  restartedMain] com.gitspringboot.ArticalMain            : The following profiles are active: dev

2017-11-16 17:27:08.613  INFO 8776 --- [ost-startStop-1] c.g.filter.SessionIdLogFilter            : Ashraf logging filter

2017-11-16 17:27:08.615  INFO 8776 --- [ost-startStop-1] c.g.filter.SessionIdLogFilter            : Ashraf logging filter

2017-11-16 17:27:13.130  INFO 8776 --- [  restartedMain] com.gitspringboot.ArticalMain            : Started ArticalMain in 7.841 seconds (JVM running for 78.813)

2017-11-16 17:27:20.994  INFO 8776 --- [nio-8081-exec-1] c.g.filter.SessionIdLogFilter            : Hey MyFilter invoked man

2017-11-16 18:26:00.093  INFO 6772 --- [  restartedMain] com.gitspringboot.ArticalMain            : Starting ArticalMain on ashrafPC with PID 6772 (C:\Users\Administrator\git\gitspringboot\gitspringboot\target\classes started by Administrator in C:\Users\Administrator\git\gitspringboot\gitspringboot)

2017-11-16 18:26:00.094  INFO 6772 --- [  restartedMain] com.gitspringboot.ArticalMain            : The following profiles are active: dev

2017-11-16 18:26:11.887  INFO 6772 --- [ost-startStop-1] c.g.filter.SessionIdLogFilter            : Ashraf logging filter

2017-11-16 18:26:11.889  INFO 6772 --- [ost-startStop-1] c.g.filter.SessionIdLogFilter            : Ashraf logging filter

2017-11-16 18:26:20.211  INFO 6772 --- [  restartedMain] com.gitspringboot.ArticalMain            : Started ArticalMain in 20.948 seconds (JVM running for 21.855)

2017-11-16 18:26:38.836  INFO 6772 --- [nio-8081-exec-1] c.g.filter.SessionIdLogFilter            : Hey MyFilter invoked man

2017-11-16 18:28:45.324  WARN 6772 --- [ost-startStop-2] c.g.filter.SessionIdLogFilter            : Destruindo o filtro de logging

2017-11-16 18:28:45.325  WARN 6772 --- [ost-startStop-2] c.g.filter.SessionIdLogFilter            : Destruindo o filtro de logging

2017-11-16 18:28:46.292  INFO 6772 --- [  restartedMain] com.gitspringboot.ArticalMain            : Starting ArticalMain on ashrafPC with PID 6772 (C:\Users\Administrator\git\gitspringboot\gitspringboot\target\classes started by Administrator in C:\Users\Administrator\git\gitspringboot\gitspringboot)

2017-11-16 18:28:46.292  INFO 6772 --- [  restartedMain] com.gitspringboot.ArticalMain            : The following profiles are active: dev

2017-11-16 18:31:47.185  INFO 6576 --- [  restartedMain] com.gitspringboot.ArticalMain            : Starting ArticalMain on ashrafPC with PID 6576 (C:\Users\Administrator\git\gitspringboot\gitspringboot\target\classes started by Administrator in C:\Users\Administrator\git\gitspringboot\gitspringboot)

2017-11-16 18:31:47.186  INFO 6576 --- [  restartedMain] com.gitspringboot.ArticalMain            : The following profiles are active: dev

2017-11-16 18:31:58.609  INFO 6576 --- [ost-startStop-1] c.g.filter.SessionIdLogFilter            : Ashraf logging filter

2017-11-16 18:31:58.611  INFO 6576 --- [ost-startStop-1] c.g.filter.SessionIdLogFilter            : Ashraf logging filter

2017-11-16 18:32:07.669  INFO 6576 --- [  restartedMain] com.gitspringboot.ArticalMain            : Started ArticalMain in 21.22 seconds (JVM running for 22.072)

2017-11-16 18:32:08.492  INFO 6576 --- [nio-8081-exec-1] c.g.filter.SessionIdLogFilter            : Hey MyFilter invoked man

2017-11-16 18:44:32.686  INFO 7348 --- [  restartedMain] com.gitspringboot.ArticalMain            : Starting ArticalMain on ashrafPC with PID 7348 (C:\Users\Administrator\git\gitspringboot\gitspringboot\target\classes started by Administrator in C:\Users\Administrator\git\gitspringboot\gitspringboot)

2017-11-16 18:44:32.686  INFO 7348 --- [  restartedMain] com.gitspringboot.ArticalMain            : The following profiles are active: dev

2017-11-16 18:44:43.486  INFO 7348 --- [ost-startStop-1] c.g.filter.SessionIdLogFilter            : Ashraf logging filter

2017-11-16 18:44:43.488  INFO 7348 --- [ost-startStop-1] c.g.filter.SessionIdLogFilter            : Ashraf logging filter

2017-11-16 18:44:53.313  INFO 7348 --- [  restartedMain] com.gitspringboot.ArticalMain            : Started ArticalMain in 21.361 seconds (JVM running for 22.046)

2017-11-16 18:51:48.464  INFO 7348 --- [nio-8081-exec-3] c.g.filter.SessionIdLogFilter            : Hey MyFilter invoked man

2017-11-16 18:52:19.571  INFO 7348 --- [nio-8081-exec-6] c.g.filter.SessionIdLogFilter            : Hey MyFilter invoked man

2017-11-16 18:52:20.575  INFO 7348 --- [nio-8081-exec-7] c.g.filter.SessionIdLogFilter            : Hey MyFilter invoked man

2017-11-16 18:53:09.446  WARN 7348 --- [ost-startStop-2] c.g.filter.SessionIdLogFilter            : Destruindo o filtro de logging

2017-11-16 18:53:09.447  WARN 7348 --- [ost-startStop-2] c.g.filter.SessionIdLogFilter            : Destruindo o filtro de logging

2017-11-16 18:53:10.600  INFO 7348 --- [  restartedMain] com.gitspringboot.ArticalMain            : Starting ArticalMain on ashrafPC with PID 7348 (C:\Users\Administrator\git\gitspringboot\gitspringboot\target\classes started by Administrator in C:\Users\Administrator\git\gitspringboot\gitspringboot)

2017-11-16 18:53:10.601  INFO 7348 --- [  restartedMain] com.gitspringboot.ArticalMain            : The following profiles are active: dev

2017-11-16 18:53:14.562  INFO 7348 --- [ost-startStop-1] c.g.filter.SessionIdLogFilter            : Ashraf logging filter

2017-11-16 18:53:14.563  INFO 7348 --- [ost-startStop-1] c.g.filter.SessionIdLogFilter            : Ashraf logging filter

2017-11-16 18:53:19.477  INFO 7348 --- [  restartedMain] com.gitspringboot.ArticalMain            : Started ArticalMain in 9.076 seconds (JVM running for 528.19)

2017-11-16 18:53:53.527  WARN 7348 --- [ost-startStop-2] c.g.filter.SessionIdLogFilter            : Destruindo o filtro de logging

2017-11-16 18:53:53.528  WARN 7348 --- [ost-startStop-2] c.g.filter.SessionIdLogFilter            : Destruindo o filtro de logging

2017-11-16 18:53:54.224  INFO 7348 --- [  restartedMain] com.gitspringboot.ArticalMain            : Starting ArticalMain on ashrafPC with PID 7348 (C:\Users\Administrator\git\gitspringboot\gitspringboot\target\classes started by Administrator in C:\Users\Administrator\git\gitspringboot\gitspringboot)

2017-11-16 18:53:54.226  INFO 7348 --- [  restartedMain] com.gitspringboot.ArticalMain            : The following profiles are active: dev

2017-11-16 18:53:57.946  INFO 7348 --- [ost-startStop-1] c.g.filter.SessionIdLogFilter            : Ashraf logging filter

2017-11-16 18:53:57.948  INFO 7348 --- [ost-startStop-1] c.g.filter.SessionIdLogFilter            : Ashraf logging filter

2017-11-16 18:54:01.837  INFO 7348 --- [  restartedMain] com.gitspringboot.ArticalMain            : Started ArticalMain in 7.865 seconds (JVM running for 570.548)

2017-11-16 18:54:09.793  INFO 7348 --- [nio-8081-exec-3] c.g.filter.SessionIdLogFilter            : Hey MyFilter invoked man

2017-11-16 18:54:09.830  INFO 7348 --- [nio-8081-exec-3] c.g.filter.SessionIdLogFilter            : Hey MyFilter invoked man
7165199B508E9ACF4CBCF47B9D9F1D61
2017-11-16 18:54:11.737  INFO 7348 --- [nio-8081-exec-5] c.g.filter.SessionIdLogFilter            : Hey MyFilter invoked man

2017-11-16 18:54:11.740  INFO 7348 --- [nio-8081-exec-4] c.g.filter.SessionIdLogFilter            : Hey MyFilter invoked man

2017-11-16 18:54:11.755  INFO 7348 --- [nio-8081-exec-6] c.g.filter.SessionIdLogFilter            : Hey MyFilter invoked man

2017-11-16 18:57:03.841  WARN 7348 --- [ost-startStop-2] c.g.filter.SessionIdLogFilter            : Destruindo o filtro de logging

2017-11-16 18:57:03.842  WARN 7348 --- [ost-startStop-2] c.g.filter.SessionIdLogFilter            : Destruindo o filtro de logging

2017-11-16 18:57:04.880  INFO 7348 --- [  restartedMain] com.gitspringboot.ArticalMain            : Starting ArticalMain on ashrafPC with PID 7348 (C:\Users\Administrator\git\gitspringboot\gitspringboot\target\classes started by Administrator in C:\Users\Administrator\git\gitspringboot\gitspringboot)

2017-11-16 18:57:04.881  INFO 7348 --- [  restartedMain] com.gitspringboot.ArticalMain            : The following profiles are active: dev

2017-11-16 18:57:07.998  INFO 7348 --- [ost-startStop-1] c.g.filter.SessionIdLogFilter            : Ashraf logging filter

2017-11-16 18:57:08.001  INFO 7348 --- [ost-startStop-1] c.g.filter.SessionIdLogFilter            : Ashraf logging filter

2017-11-16 18:57:12.032  INFO 7348 --- [  restartedMain] com.gitspringboot.ArticalMain            : Started ArticalMain in 7.271 seconds (JVM running for 760.735)

2017-11-16 18:57:20.891  INFO 7348 --- [nio-8081-exec-3] c.g.filter.SessionIdLogFilter            : Hey MyFilter invoked man

2017-11-16 18:57:20.934  INFO 7348 --- [nio-8081-exec-3] c.g.filter.SessionIdLogFilter            : Hey MyFilter invoked man
1DEF282F2D29D7E0A443FA3A488380E4
2017-11-16 18:57:39.459  INFO 7348 --- [nio-8081-exec-1] c.g.filter.SessionIdLogFilter            : Hey MyFilter invoked man

2017-11-16 18:57:39.465  INFO 7348 --- [nio-8081-exec-1] c.g.filter.SessionIdLogFilter            : Hey MyFilter invoked man
1DEF282F2D29D7E0A443FA3A488380E4
2017-11-16 18:57:45.764  INFO 7348 --- [nio-8081-exec-5] c.g.filter.SessionIdLogFilter            : Hey MyFilter invoked man

2017-11-16 18:57:45.769  INFO 7348 --- [nio-8081-exec-5] c.g.filter.SessionIdLogFilter            : Hey MyFilter invoked man
B835554E0FC35F0420983C45DD9600AD
2017-11-16 18:57:50.922  INFO 7348 --- [nio-8081-exec-8] c.g.filter.SessionIdLogFilter            : Hey MyFilter invoked man

2017-11-16 18:57:50.927  INFO 7348 --- [nio-8081-exec-8] c.g.filter.SessionIdLogFilter            : Hey MyFilter invoked man
B835554E0FC35F0420983C45DD9600AD
2017-11-16 18:58:09.261  INFO 3900 --- [  restartedMain] com.gitspringboot.ArticalMain            : Starting ArticalMain on ashrafPC with PID 3900 (C:\Users\Administrator\git\gitspringboot\gitspringboot\target\classes started by Administrator in C:\Users\Administrator\git\gitspringboot\gitspringboot)

2017-11-16 18:58:09.262  INFO 3900 --- [  restartedMain] com.gitspringboot.ArticalMain            : The following profiles are active: dev

2017-11-16 18:58:21.682  INFO 3900 --- [ost-startStop-1] c.g.filter.SessionIdLogFilter            : Ashraf logging filter

2017-11-16 18:58:21.684  INFO 3900 --- [ost-startStop-1] c.g.filter.SessionIdLogFilter            : Ashraf logging filter

2017-11-16 18:58:30.960  INFO 3900 --- [  restartedMain] com.gitspringboot.ArticalMain            : Started ArticalMain in 22.467 seconds (JVM running for 23.204)

2017-11-16 18:58:38.110  INFO 3900 --- [nio-8081-exec-4] c.g.filter.SessionIdLogFilter            : Hey MyFilter invoked man

2017-11-16 18:58:38.266  INFO 3900 --- [nio-8081-exec-4] c.g.filter.SessionIdLogFilter            : Hey MyFilter invoked man
C2AB13C4EEB90E35CD581C28EC4D9740
2017-11-16 18:58:43.162  INFO 3900 --- [nio-8081-exec-6] c.g.filter.SessionIdLogFilter            : Hey MyFilter invoked man

2017-11-16 18:58:57.011  INFO 3900 --- [nio-8081-exec-7] c.g.filter.SessionIdLogFilter            : Hey MyFilter invoked man

2017-11-16 18:59:48.678  INFO 3900 --- [nio-8081-exec-9] c.g.filter.SessionIdLogFilter            : Hey MyFilter invoked man

2017-11-16 18:59:48.696  INFO 3900 --- [nio-8081-exec-9] c.g.filter.SessionIdLogFilter            : Hey MyFilter invoked man
C2AB13C4EEB90E35CD581C28EC4D9740
2017-11-16 18:59:56.145  INFO 3900 --- [nio-8081-exec-2] c.g.filter.SessionIdLogFilter            : Hey MyFilter invoked man

2017-11-16 18:59:56.162  INFO 3900 --- [nio-8081-exec-2] c.g.filter.SessionIdLogFilter            : Hey MyFilter invoked man
863E427A2989953930A15D6627B0F4FF
2017-11-16 19:00:00.374  INFO 3900 --- [nio-8081-exec-4] c.g.filter.SessionIdLogFilter            : Hey MyFilter invoked man
C2AB13C4EEB90E35CD581C28EC4D9740
2017-11-16 19:21:25.488  INFO 2856 --- [  restartedMain] com.gitspringboot.ArticalMain            : Starting ArticalMain on ashrafPC with PID 2856 (C:\Users\Administrator\git\gitspringboot\gitspringboot\target\classes started by Administrator in C:\Users\Administrator\git\gitspringboot\gitspringboot)

2017-11-16 19:21:25.489  INFO 2856 --- [  restartedMain] com.gitspringboot.ArticalMain            : The following profiles are active: dev

2017-11-16 19:21:36.128  INFO 2856 --- [ost-startStop-1] c.g.filter.SessionIdLogFilter            : Ashraf logging filter

2017-11-16 19:21:36.130  INFO 2856 --- [ost-startStop-1] c.g.filter.SessionIdLogFilter            : Ashraf logging filter

2017-11-16 19:21:43.823  INFO 2856 --- [  restartedMain] com.gitspringboot.ArticalMain            : Started ArticalMain in 19.099 seconds (JVM running for 19.815)

2017-11-16 19:21:59.836  INFO 2856 --- [nio-8081-exec-3] c.g.filter.SessionIdLogFilter            : Hey MyFilter invoked man

2017-11-16 19:21:59.950  INFO 2856 --- [nio-8081-exec-3] c.g.filter.SessionIdLogFilter            : Hey MyFilter invoked man
BF456332402A2E8B5A0F6CB73534E2B8
2017-11-16 19:22:29.142  INFO 2856 --- [nio-8081-exec-4] c.g.filter.SessionIdLogFilter            : Hey MyFilter invoked man

2017-11-16 19:22:36.171  INFO 2856 --- [nio-8081-exec-7] c.g.filter.SessionIdLogFilter            : Hey MyFilter invoked man

2017-11-16 19:22:36.189  INFO 2856 --- [nio-8081-exec-7] c.g.filter.SessionIdLogFilter            : Hey MyFilter invoked man
1D91059E1BF9C230F284C894109C5EA4
2017-11-16 19:22:56.866  INFO 2856 --- [nio-8081-exec-1] c.g.filter.SessionIdLogFilter            : Hey MyFilter invoked man

2017-11-16 19:22:56.876  INFO 2856 --- [nio-8081-exec-1] c.g.filter.SessionIdLogFilter            : Hey MyFilter invoked man
753EAE70D2F13AC858201F19FAF559F5
2017-11-16 19:23:02.538  INFO 2856 --- [nio-8081-exec-3] c.g.filter.SessionIdLogFilter            : Hey MyFilter invoked man
BF456332402A2E8B5A0F6CB73534E2B8
2017-11-16 19:23:02.558  INFO 2856 --- [nio-8081-exec-3] c.g.filter.SessionIdLogFilter            : Hey MyFilter invoked man
753EAE70D2F13AC858201F19FAF559F5
2017-11-16 19:24:34.885  WARN 2856 --- [ost-startStop-2] c.g.filter.SessionIdLogFilter            : Destruindo o filtro de logging

2017-11-16 19:24:34.886  WARN 2856 --- [ost-startStop-2] c.g.filter.SessionIdLogFilter            : Destruindo o filtro de logging

2017-11-16 19:24:35.656  INFO 2856 --- [  restartedMain] com.gitspringboot.ArticalMain            : Starting ArticalMain on ashrafPC with PID 2856 (C:\Users\Administrator\git\gitspringboot\gitspringboot\target\classes started by Administrator in C:\Users\Administrator\git\gitspringboot\gitspringboot)

2017-11-16 19:24:35.656  INFO 2856 --- [  restartedMain] com.gitspringboot.ArticalMain            : The following profiles are active: dev

2017-11-16 19:26:33.901  INFO 7324 --- [  restartedMain] com.gitspringboot.ArticalMain            : Starting ArticalMain on ashrafPC with PID 7324 (C:\Users\Administrator\git\gitspringboot\gitspringboot\target\classes started by Administrator in C:\Users\Administrator\git\gitspringboot\gitspringboot)

2017-11-16 19:26:33.902  INFO 7324 --- [  restartedMain] com.gitspringboot.ArticalMain            : The following profiles are active: dev

2017-11-16 19:26:44.239  INFO 7324 --- [ost-startStop-1] c.g.filter.SessionIdLogFilter            : Ashraf logging filter

2017-11-16 19:26:44.241  INFO 7324 --- [ost-startStop-1] c.g.filter.SessionIdLogFilter            : Ashraf logging filter

2017-11-16 19:26:52.850  INFO 7324 --- [  restartedMain] com.gitspringboot.ArticalMain            : Started ArticalMain in 19.692 seconds (JVM running for 20.356)

2017-11-16 19:27:00.091  INFO 7324 --- [nio-8081-exec-3] c.g.filter.SessionIdLogFilter            : Hey MyFilter invoked man

2017-11-16 19:27:00.237  INFO 7324 --- [nio-8081-exec-3] c.g.filter.SessionIdLogFilter            : Hey MyFilter invoked man
EF78EAC157C53D788B9FB7A36F77DF3B
2017-11-16 19:27:26.425  INFO 7324 --- [nio-8081-exec-4] c.g.filter.SessionIdLogFilter            : Hey MyFilter invoked man

2017-11-16 19:27:26.435  INFO 7324 --- [nio-8081-exec-4] c.g.filter.SessionIdLogFilter            : Hey MyFilter invoked man
579817F89344A2128A5547ADBB3D46F1
2017-11-16 19:28:07.823  WARN 7324 --- [ost-startStop-2] c.g.filter.SessionIdLogFilter            : Destruindo o filtro de logging

2017-11-16 19:28:07.825  WARN 7324 --- [ost-startStop-2] c.g.filter.SessionIdLogFilter            : Destruindo o filtro de logging

2017-11-16 19:28:08.914  INFO 7324 --- [  restartedMain] com.gitspringboot.ArticalMain            : Starting ArticalMain on ashrafPC with PID 7324 (C:\Users\Administrator\git\gitspringboot\gitspringboot\target\classes started by Administrator in C:\Users\Administrator\git\gitspringboot\gitspringboot)

2017-11-16 19:28:08.915  INFO 7324 --- [  restartedMain] com.gitspringboot.ArticalMain            : The following profiles are active: dev

2017-11-16 19:28:12.673  INFO 7324 --- [ost-startStop-1] c.g.filter.SessionIdLogFilter            : Ashraf logging filter

2017-11-16 19:28:12.675  INFO 7324 --- [ost-startStop-1] c.g.filter.SessionIdLogFilter            : Ashraf logging filter

2017-11-16 19:28:17.050  INFO 7324 --- [  restartedMain] com.gitspringboot.ArticalMain            : Started ArticalMain in 8.441 seconds (JVM running for 104.553)

2017-11-16 19:28:21.260  INFO 7324 --- [nio-8081-exec-1] c.g.filter.SessionIdLogFilter            : Hey MyFilter invoked man

2017-11-16 19:28:32.910  INFO 7324 --- [nio-8081-exec-4] c.g.filter.SessionIdLogFilter            : Hey MyFilter invoked man

2017-11-16 19:28:49.237  INFO 7324 --- [nio-8081-exec-9] c.g.filter.SessionIdLogFilter            : Hey MyFilter invoked man

2017-11-16 19:28:49.307  INFO 7324 --- [nio-8081-exec-9] c.g.filter.SessionIdLogFilter            : Hey MyFilter invoked man
72707FEF0846942104F0B789617FADB8
2017-11-16 19:29:07.862  WARN 7324 --- [ost-startStop-2] c.g.filter.SessionIdLogFilter            : Destruindo o filtro de logging

2017-11-16 19:29:07.862  WARN 7324 --- [ost-startStop-2] c.g.filter.SessionIdLogFilter            : Destruindo o filtro de logging

2017-11-16 19:29:08.710  INFO 7324 --- [  restartedMain] com.gitspringboot.ArticalMain            : Starting ArticalMain on ashrafPC with PID 7324 (C:\Users\Administrator\git\gitspringboot\gitspringboot\target\classes started by Administrator in C:\Users\Administrator\git\gitspringboot\gitspringboot)

2017-11-16 19:29:08.711  INFO 7324 --- [  restartedMain] com.gitspringboot.ArticalMain            : The following profiles are active: dev

2017-11-16 19:29:13.318  INFO 7324 --- [ost-startStop-1] c.g.filter.SessionIdLogFilter            : Ashraf logging filter

2017-11-16 19:29:13.318  INFO 7324 --- [ost-startStop-1] c.g.filter.SessionIdLogFilter            : Ashraf logging filter

2017-11-16 19:29:17.290  INFO 7324 --- [  restartedMain] com.gitspringboot.ArticalMain            : Started ArticalMain in 8.816 seconds (JVM running for 164.794)

2017-11-16 19:29:28.480  INFO 7324 --- [nio-8081-exec-1] c.g.filter.SessionIdLogFilter            : Hey MyFilter invoked man

2017-11-16 19:29:33.763  INFO 7324 --- [nio-8081-exec-6] c.g.filter.SessionIdLogFilter            : Hey MyFilter invoked man

2017-11-16 19:29:33.827  INFO 7324 --- [nio-8081-exec-6] c.g.filter.SessionIdLogFilter            : Hey MyFilter invoked man
879CB002954BFC6679009A08011104C5
2017-11-16 19:29:40.295  INFO 7324 --- [nio-8081-exec-1] c.g.filter.SessionIdLogFilter            : Hey MyFilter invoked man
72707FEF0846942104F0B789617FADB8
2017-11-16 19:29:40.306  INFO 7324 --- [nio-8081-exec-1] c.g.filter.SessionIdLogFilter            : Hey MyFilter invoked man
5A40DEBF9E23C162CB0C6CF28F757717
2017-11-16 19:29:53.744  INFO 7324 --- [nio-8081-exec-3] c.g.filter.SessionIdLogFilter            : Hey MyFilter invoked man

2017-11-16 19:37:55.991  INFO 6932 --- [  restartedMain] com.gitspringboot.ArticalMain            : Starting ArticalMain on ashrafPC with PID 6932 (C:\Users\Administrator\git\gitspringboot\gitspringboot\target\classes started by Administrator in C:\Users\Administrator\git\gitspringboot\gitspringboot)

2017-11-16 19:37:55.992  INFO 6932 --- [  restartedMain] com.gitspringboot.ArticalMain            : The following profiles are active: dev

2017-11-16 19:38:06.652  INFO 6932 --- [ost-startStop-1] c.g.filter.SessionIdLogFilter            : Ashraf logging filter

2017-11-16 19:38:06.654  INFO 6932 --- [ost-startStop-1] c.g.filter.SessionIdLogFilter            : Ashraf logging filter

2017-11-16 19:38:14.165  INFO 6932 --- [  restartedMain] com.gitspringboot.ArticalMain            : Started ArticalMain in 19.143 seconds (JVM running for 19.864)

2017-11-16 19:38:22.340  INFO 6932 --- [nio-8081-exec-5] c.g.filter.SessionIdLogFilter            : Hey MyFilter invoked man

2017-11-16 19:38:22.459  INFO 6932 --- [nio-8081-exec-5] c.g.filter.SessionIdLogFilter            : Hey MyFilter invoked man
23FF84D3632B2DD3DD5C277E9E7394BB
2017-11-16 19:38:27.859  INFO 6932 --- [nio-8081-exec-6] c.g.filter.SessionIdLogFilter            : Hey MyFilter invoked man

2017-11-16 19:39:00.507  INFO 5108 --- [  restartedMain] com.gitspringboot.ArticalMain            : Starting ArticalMain on ashrafPC with PID 5108 (C:\Users\Administrator\git\gitspringboot\gitspringboot\target\classes started by Administrator in C:\Users\Administrator\git\gitspringboot\gitspringboot)

2017-11-16 19:39:00.508  INFO 5108 --- [  restartedMain] com.gitspringboot.ArticalMain            : The following profiles are active: dev

2017-11-16 19:39:10.841  INFO 5108 --- [ost-startStop-1] c.g.filter.SessionIdLogFilter            : Ashraf logging filter

2017-11-16 19:39:10.843  INFO 5108 --- [ost-startStop-1] c.g.filter.SessionIdLogFilter            : Ashraf logging filter

2017-11-16 19:39:18.702  INFO 5108 --- [  restartedMain] com.gitspringboot.ArticalMain            : Started ArticalMain in 18.91 seconds (JVM running for 19.587)

2017-11-16 19:39:19.663  INFO 5108 --- [nio-8081-exec-1] c.g.filter.SessionIdLogFilter            : Hey MyFilter invoked man

2017-11-16 19:39:21.923  INFO 5108 --- [nio-8081-exec-2] c.g.filter.SessionIdLogFilter            : Hey MyFilter invoked man

2017-11-16 19:39:24.505  INFO 5108 --- [nio-8081-exec-3] c.g.filter.SessionIdLogFilter            : Hey MyFilter invoked man

2017-11-16 19:39:57.818  INFO 3288 --- [  restartedMain] com.gitspringboot.ArticalMain            : Starting ArticalMain on ashrafPC with PID 3288 (C:\Users\Administrator\git\gitspringboot\gitspringboot\target\classes started by Administrator in C:\Users\Administrator\git\gitspringboot\gitspringboot)

2017-11-16 19:39:57.819  INFO 3288 --- [  restartedMain] com.gitspringboot.ArticalMain            : The following profiles are active: dev

2017-11-16 19:40:09.532  INFO 3288 --- [ost-startStop-1] c.g.filter.SessionIdLogFilter            : Ashraf logging filter

2017-11-16 19:40:09.534  INFO 3288 --- [ost-startStop-1] c.g.filter.SessionIdLogFilter            : Ashraf logging filter

2017-11-16 19:40:18.879  INFO 3288 --- [  restartedMain] com.gitspringboot.ArticalMain            : Started ArticalMain in 21.912 seconds (JVM running for 22.586)

2017-11-16 19:40:22.070  INFO 3288 --- [nio-8081-exec-1] c.g.filter.SessionIdLogFilter            : Hey MyFilter invoked man

2017-11-16 19:44:26.550  INFO 8276 --- [  restartedMain] com.gitspringboot.ArticalMain            : Starting ArticalMain on ashrafPC with PID 8276 (C:\Users\Administrator\git\gitspringboot\gitspringboot\target\classes started by Administrator in C:\Users\Administrator\git\gitspringboot\gitspringboot)

2017-11-16 19:44:26.551  INFO 8276 --- [  restartedMain] com.gitspringboot.ArticalMain            : The following profiles are active: dev

2017-11-16 19:44:37.625  INFO 8276 --- [ost-startStop-1] c.g.filter.SessionIdLogFilter            : Ashraf logging filter

2017-11-16 19:44:37.628  INFO 8276 --- [ost-startStop-1] c.g.filter.SessionIdLogFilter            : Ashraf logging filter

2017-11-16 19:44:45.411  INFO 8276 --- [  restartedMain] com.gitspringboot.ArticalMain            : Started ArticalMain in 19.755 seconds (JVM running for 20.43)

2017-11-16 19:44:54.746  INFO 8276 --- [nio-8081-exec-3] c.g.filter.SessionIdLogFilter            : Hey MyFilter invoked man

2017-11-16 19:44:54.883  INFO 8276 --- [nio-8081-exec-3] c.g.filter.SessionIdLogFilter            : Hey MyFilter invoked man
170CC51443AEBDA97B8291FC16325086
2017-11-16 19:44:56.268  INFO 8276 --- [nio-8081-exec-4] c.g.filter.SessionIdLogFilter            : Hey MyFilter invoked man

2017-11-16 19:44:56.269  INFO 8276 --- [nio-8081-exec-5] c.g.filter.SessionIdLogFilter            : Hey MyFilter invoked man

2017-11-16 19:44:56.332  INFO 8276 --- [nio-8081-exec-6] c.g.filter.SessionIdLogFilter            : Hey MyFilter invoked man

2017-11-16 19:48:09.125  INFO 6676 --- [  restartedMain] com.gitspringboot.ArticalMain            : Starting ArticalMain on ashrafPC with PID 6676 (C:\Users\Administrator\git\gitspringboot\gitspringboot\target\classes started by Administrator in C:\Users\Administrator\git\gitspringboot\gitspringboot)

2017-11-16 19:48:09.126  INFO 6676 --- [  restartedMain] com.gitspringboot.ArticalMain            : The following profiles are active: dev

2017-11-16 19:48:20.397  INFO 6676 --- [ost-startStop-1] c.g.filter.SessionIdLogFilter            : Ashraf logging filter

2017-11-16 19:48:20.398  INFO 6676 --- [ost-startStop-1] c.g.filter.SessionIdLogFilter            : Ashraf logging filter

2017-11-16 19:48:28.413  INFO 6676 --- [  restartedMain] com.gitspringboot.ArticalMain            : Started ArticalMain in 20.14 seconds (JVM running for 21.027)

2017-11-16 19:48:32.267  INFO 6676 --- [nio-8081-exec-1] c.g.filter.SessionIdLogFilter            : Hey MyFilter invoked man

2017-11-16 19:50:28.825  INFO 6676 --- [nio-8081-exec-3] c.g.filter.SessionIdLogFilter            : Hey MyFilter invoked man

2017-11-16 19:50:47.410  INFO 6676 --- [nio-8081-exec-4] c.g.filter.SessionIdLogFilter            : Hey MyFilter invoked man

2017-11-16 20:39:17.982  INFO 3024 --- [  restartedMain] com.gitspringboot.ArticalMain            : Starting ArticalMain on ashrafPC with PID 3024 (C:\Users\Administrator\git\gitspringboot\gitspringboot\target\classes started by Administrator in C:\Users\Administrator\git\gitspringboot\gitspringboot)

2017-11-16 20:39:18.001  INFO 3024 --- [  restartedMain] com.gitspringboot.ArticalMain            : The following profiles are active: dev

2017-11-16 20:39:29.070  INFO 3024 --- [ost-startStop-1] c.g.filter.SessionIdLogFilter            : Ashraf logging filter

2017-11-16 20:39:29.072  INFO 3024 --- [ost-startStop-1] c.g.filter.SessionIdLogFilter            : Ashraf logging filter

2017-11-16 20:39:38.074  INFO 3024 --- [  restartedMain] com.gitspringboot.ArticalMain            : Started ArticalMain in 20.882 seconds (JVM running for 21.81)

2017-11-16 20:39:43.659  INFO 3024 --- [nio-8081-exec-1] c.g.filter.SessionIdLogFilter            : Hey MyFilter invoked man

2017-11-16 20:39:55.521  INFO 3024 --- [nio-8081-exec-6] c.g.filter.SessionIdLogFilter            : Hey MyFilter invoked man

2017-11-16 20:39:55.595  INFO 3024 --- [nio-8081-exec-6] c.g.filter.SessionIdLogFilter            : Hey MyFilter invoked man
C5116EE3BFAECFFC1F9FD0C5E493B55C
2017-11-16 20:39:57.508  INFO 3024 --- [nio-8081-exec-7] c.g.filter.SessionIdLogFilter            : Hey MyFilter invoked man

2017-11-16 20:39:57.537  INFO 3024 --- [nio-8081-exec-8] c.g.filter.SessionIdLogFilter            : Hey MyFilter invoked man

2017-11-16 20:39:57.755  INFO 3024 --- [nio-8081-exec-9] c.g.filter.SessionIdLogFilter            : Hey MyFilter invoked man

2017-11-16 20:40:13.529  INFO 3024 --- [io-8081-exec-10] c.g.filter.SessionIdLogFilter            : Hey MyFilter invoked man

