2017-11-18 16:59:26.764  INFO 8468 --- [  restartedMain] com.gitspringboot.ArticalMain            : Starting ArticalMain on ashrafPC with PID 8468 (C:\Users\Administrator\git\gitspringboot\gitspringboot\target\classes started by Administrator in C:\Users\Administrator\git\gitspringboot\gitspringboot)

2017-11-18 16:59:26.810  INFO 8468 --- [  restartedMain] com.gitspringboot.ArticalMain            : The following profiles are active: dev

2017-11-18 16:59:52.506  INFO 8468 --- [ost-startStop-1] c.g.filter.SessionIdLogFilter            : Ashraf logging filter

2017-11-18 16:59:52.508  INFO 8468 --- [ost-startStop-1] c.g.filter.SessionIdLogFilter            : Ashraf logging filter

2017-11-18 16:59:56.262  WARN 8468 --- [ost-startStop-1] c.g.filter.SessionIdLogFilter            : Destruindo o filtro de logging

2017-11-18 16:59:56.263  WARN 8468 --- [ost-startStop-1] c.g.filter.SessionIdLogFilter            : Destruindo o filtro de logging

2017-11-18 17:01:54.709  INFO 9480 --- [  restartedMain] com.gitspringboot.ArticalMain            : Starting ArticalMain on ashrafPC with PID 9480 (C:\Users\Administrator\git\gitspringboot\gitspringboot\target\classes started by Administrator in C:\Users\Administrator\git\gitspringboot\gitspringboot)

2017-11-18 17:01:54.710  INFO 9480 --- [  restartedMain] com.gitspringboot.ArticalMain            : The following profiles are active: dev

2017-11-18 17:02:07.329  INFO 9480 --- [ost-startStop-1] c.g.filter.SessionIdLogFilter            : Ashraf logging filter

2017-11-18 17:02:07.331  INFO 9480 --- [ost-startStop-1] c.g.filter.SessionIdLogFilter            : Ashraf logging filter

2017-11-18 17:02:17.430  INFO 9480 --- [  restartedMain] com.gitspringboot.ArticalMain            : Started ArticalMain in 23.55 seconds (JVM running for 24.343)

2017-11-18 17:02:39.355  INFO 9480 --- [nio-8081-exec-4] c.g.filter.SessionIdLogFilter            : Hey MyFilter invoked man

2017-11-18 17:02:39.489  INFO 9480 --- [nio-8081-exec-4] c.g.filter.SessionIdLogFilter            : Hey MyFilter invoked man
4209D83A24AAD8DA64C1395ADD61B3BB
2017-11-18 17:02:41.228  INFO 9480 --- [nio-8081-exec-6] c.g.filter.SessionIdLogFilter            : Hey MyFilter invoked man

2017-11-18 17:02:41.378  INFO 9480 --- [nio-8081-exec-5] c.g.filter.SessionIdLogFilter            : Hey MyFilter invoked man

2017-11-18 17:02:41.387  INFO 9480 --- [nio-8081-exec-7] c.g.filter.SessionIdLogFilter            : Hey MyFilter invoked man

2017-11-18 17:03:05.499  INFO 9480 --- [nio-8081-exec-2] c.g.filter.SessionIdLogFilter            : Hey MyFilter invoked man

2017-11-18 17:04:01.666  WARN 9480 --- [ost-startStop-2] c.g.filter.SessionIdLogFilter            : Destruindo o filtro de logging

2017-11-18 17:04:01.667  WARN 9480 --- [ost-startStop-2] c.g.filter.SessionIdLogFilter            : Destruindo o filtro de logging

2017-11-18 17:04:02.505  INFO 9480 --- [  restartedMain] com.gitspringboot.ArticalMain            : Starting ArticalMain on ashrafPC with PID 9480 (C:\Users\Administrator\git\gitspringboot\gitspringboot\target\classes started by Administrator in C:\Users\Administrator\git\gitspringboot\gitspringboot)

2017-11-18 17:04:02.506  INFO 9480 --- [  restartedMain] com.gitspringboot.ArticalMain            : The following profiles are active: dev

2017-11-18 17:04:06.132  INFO 9480 --- [ost-startStop-1] c.g.filter.SessionIdLogFilter            : Ashraf logging filter

2017-11-18 17:04:06.143  INFO 9480 --- [ost-startStop-1] c.g.filter.SessionIdLogFilter            : Ashraf logging filter

2017-11-18 17:04:11.054  INFO 9480 --- [  restartedMain] com.gitspringboot.ArticalMain            : Started ArticalMain in 8.703 seconds (JVM running for 137.962)

2017-11-18 17:04:30.342  INFO 9480 --- [nio-8081-exec-6] c.g.filter.SessionIdLogFilter            : Hey MyFilter invoked man

2017-11-18 17:04:30.421  INFO 9480 --- [nio-8081-exec-6] c.g.filter.SessionIdLogFilter            : Hey MyFilter invoked man
84184CFB95813C10D00239D33B8A29AC
2017-11-18 17:04:31.013  INFO 9480 --- [nio-8081-exec-7] c.g.filter.SessionIdLogFilter            : Hey MyFilter invoked man

2017-11-18 17:04:31.031  INFO 9480 --- [nio-8081-exec-8] c.g.filter.SessionIdLogFilter            : Hey MyFilter invoked man

2017-11-18 17:04:31.082  INFO 9480 --- [nio-8081-exec-9] c.g.filter.SessionIdLogFilter            : Hey MyFilter invoked man

2017-11-18 17:04:37.073  INFO 9480 --- [nio-8081-exec-2] c.g.filter.SessionIdLogFilter            : Hey MyFilter invoked man

2017-11-18 17:07:10.052  INFO 7268 --- [  restartedMain] com.gitspringboot.ArticalMain            : Starting ArticalMain on ashrafPC with PID 7268 (C:\Users\Administrator\git\gitspringboot\gitspringboot\target\classes started by Administrator in C:\Users\Administrator\git\gitspringboot\gitspringboot)

2017-11-18 17:07:10.053  INFO 7268 --- [  restartedMain] com.gitspringboot.ArticalMain            : The following profiles are active: dev

2017-11-18 17:07:22.106  INFO 7268 --- [ost-startStop-1] c.g.filter.SessionIdLogFilter            : Ashraf logging filter

2017-11-18 17:07:22.108  INFO 7268 --- [ost-startStop-1] c.g.filter.SessionIdLogFilter            : Ashraf logging filter

2017-11-18 17:07:31.825  INFO 7268 --- [  restartedMain] com.gitspringboot.ArticalMain            : Started ArticalMain in 22.659 seconds (JVM running for 23.455)

2017-11-18 17:08:27.053  INFO 7268 --- [nio-8081-exec-3] c.g.filter.SessionIdLogFilter            : Hey MyFilter invoked man

2017-11-18 17:08:27.203  INFO 7268 --- [nio-8081-exec-3] c.g.filter.SessionIdLogFilter            : Hey MyFilter invoked man
53BF76CA653F40600DCB5A4AE66CD715
2017-11-18 17:08:29.069  INFO 7268 --- [nio-8081-exec-5] c.g.filter.SessionIdLogFilter            : Hey MyFilter invoked man

2017-11-18 17:08:29.123  INFO 7268 --- [nio-8081-exec-6] c.g.filter.SessionIdLogFilter            : Hey MyFilter invoked man

2017-11-18 17:08:29.126  INFO 7268 --- [nio-8081-exec-4] c.g.filter.SessionIdLogFilter            : Hey MyFilter invoked man

2017-11-18 17:08:31.184  INFO 7268 --- [io-8081-exec-10] c.g.filter.SessionIdLogFilter            : Hey MyFilter invoked man

2017-11-18 17:08:32.733  INFO 7268 --- [nio-8081-exec-1] c.g.filter.SessionIdLogFilter            : Hey MyFilter invoked man

2017-11-18 17:09:31.798  INFO 8572 --- [  restartedMain] com.gitspringboot.ArticalMain            : Starting ArticalMain on ashrafPC with PID 8572 (C:\Users\Administrator\git\gitspringboot\gitspringboot\target\classes started by Administrator in C:\Users\Administrator\git\gitspringboot\gitspringboot)

2017-11-18 17:09:31.799  INFO 8572 --- [  restartedMain] com.gitspringboot.ArticalMain            : The following profiles are active: dev

2017-11-18 17:09:44.331  INFO 8572 --- [ost-startStop-1] c.g.filter.SessionIdLogFilter            : Ashraf logging filter

2017-11-18 17:09:44.333  INFO 8572 --- [ost-startStop-1] c.g.filter.SessionIdLogFilter            : Ashraf logging filter

2017-11-18 17:09:54.653  INFO 8572 --- [  restartedMain] com.gitspringboot.ArticalMain            : Started ArticalMain in 23.781 seconds (JVM running for 24.625)

2017-11-18 17:10:19.289  INFO 8572 --- [nio-8081-exec-3] c.g.filter.SessionIdLogFilter            : Hey MyFilter invoked man

2017-11-18 17:10:19.449  INFO 8572 --- [nio-8081-exec-3] c.g.filter.SessionIdLogFilter            : Hey MyFilter invoked man
CE1173FD58817EA74F3188570B761408
2017-11-18 17:10:21.123  INFO 8572 --- [nio-8081-exec-4] c.g.filter.SessionIdLogFilter            : Hey MyFilter invoked man

2017-11-18 17:10:21.199  INFO 8572 --- [nio-8081-exec-6] c.g.filter.SessionIdLogFilter            : Hey MyFilter invoked man

2017-11-18 17:10:21.227  INFO 8572 --- [nio-8081-exec-5] c.g.filter.SessionIdLogFilter            : Hey MyFilter invoked man

2017-11-18 17:10:29.941  INFO 8572 --- [io-8081-exec-10] c.g.filter.SessionIdLogFilter            : Hey MyFilter invoked man

2017-11-18 17:17:43.782  WARN 8572 --- [ost-startStop-2] c.g.filter.SessionIdLogFilter            : Destruindo o filtro de logging

2017-11-18 17:17:43.783  WARN 8572 --- [ost-startStop-2] c.g.filter.SessionIdLogFilter            : Destruindo o filtro de logging

2017-11-18 17:17:44.762  INFO 8572 --- [  restartedMain] com.gitspringboot.ArticalMain            : Starting ArticalMain on ashrafPC with PID 8572 (C:\Users\Administrator\git\gitspringboot\gitspringboot\target\classes started by Administrator in C:\Users\Administrator\git\gitspringboot\gitspringboot)

2017-11-18 17:17:44.765  INFO 8572 --- [  restartedMain] com.gitspringboot.ArticalMain            : The following profiles are active: dev

2017-11-18 17:17:49.957  INFO 8572 --- [ost-startStop-1] c.g.filter.SessionIdLogFilter            : Ashraf logging filter

2017-11-18 17:17:49.960  INFO 8572 --- [ost-startStop-1] c.g.filter.SessionIdLogFilter            : Ashraf logging filter

2017-11-18 18:56:12.469  INFO 788 --- [  restartedMain] com.gitspringboot.ArticalMain            : Starting ArticalMain on ashrafPC with PID 788 (C:\Users\Administrator\git\gitspringboot\gitspringboot\target\classes started by Administrator in C:\Users\Administrator\git\gitspringboot\gitspringboot)

2017-11-18 18:56:12.495  INFO 788 --- [  restartedMain] com.gitspringboot.ArticalMain            : The following profiles are active: dev

2017-11-18 18:56:24.961  INFO 788 --- [ost-startStop-1] c.g.filter.SessionIdLogFilter            : Ashraf logging filter

2017-11-18 18:56:24.963  INFO 788 --- [ost-startStop-1] c.g.filter.SessionIdLogFilter            : Ashraf logging filter

2017-11-18 18:56:33.629  INFO 788 --- [  restartedMain] com.gitspringboot.ArticalMain            : Started ArticalMain in 21.887 seconds (JVM running for 22.572)

2017-11-18 18:57:01.774  INFO 788 --- [nio-8081-exec-6] c.g.filter.SessionIdLogFilter            : Hey MyFilter invoked man

2017-11-18 18:57:01.927  INFO 788 --- [nio-8081-exec-6] c.g.filter.SessionIdLogFilter            : Hey MyFilter invoked man
D0D0EE38C3841CE08485D6C60308EFAA
2017-11-18 18:57:04.483  INFO 788 --- [nio-8081-exec-7] c.g.filter.SessionIdLogFilter            : Hey MyFilter invoked man

2017-11-18 18:57:04.487  INFO 788 --- [nio-8081-exec-8] c.g.filter.SessionIdLogFilter            : Hey MyFilter invoked man

2017-11-18 18:57:04.509  INFO 788 --- [nio-8081-exec-9] c.g.filter.SessionIdLogFilter            : Hey MyFilter invoked man

2017-11-18 18:57:07.827  INFO 788 --- [nio-8081-exec-4] c.g.filter.SessionIdLogFilter            : Hey MyFilter invoked man

2017-11-18 19:55:05.214  INFO 8200 --- [  restartedMain] com.gitspringboot.ArticalMain            : Starting ArticalMain on ashrafPC with PID 8200 (C:\Users\Administrator\git\gitspringboot\gitspringboot\target\classes started by Administrator in C:\Users\Administrator\git\gitspringboot\gitspringboot)

2017-11-18 19:55:05.215  INFO 8200 --- [  restartedMain] com.gitspringboot.ArticalMain            : The following profiles are active: dev

2017-11-18 19:55:15.170  INFO 8200 --- [ost-startStop-1] c.g.filter.SessionIdLogFilter            : Ashraf logging filter

2017-11-18 19:55:15.172  INFO 8200 --- [ost-startStop-1] c.g.filter.SessionIdLogFilter            : Ashraf logging filter

2017-11-18 19:55:22.619  INFO 8200 --- [  restartedMain] com.gitspringboot.ArticalMain            : Started ArticalMain in 18.246 seconds (JVM running for 18.928)

2017-11-18 19:55:40.392  INFO 8200 --- [nio-8081-exec-3] c.g.filter.SessionIdLogFilter            : Hey MyFilter invoked man

2017-11-18 19:55:40.525  INFO 8200 --- [nio-8081-exec-3] c.g.filter.SessionIdLogFilter            : Hey MyFilter invoked man
4BD128D8EAB275A20CE5B00120EDFBB2
2017-11-18 19:55:41.937  INFO 8200 --- [nio-8081-exec-4] c.g.filter.SessionIdLogFilter            : Hey MyFilter invoked man

2017-11-18 19:55:41.940  INFO 8200 --- [nio-8081-exec-6] c.g.filter.SessionIdLogFilter            : Hey MyFilter invoked man

2017-11-18 19:55:41.942  INFO 8200 --- [nio-8081-exec-5] c.g.filter.SessionIdLogFilter            : Hey MyFilter invoked man

2017-11-18 19:55:55.703  INFO 8200 --- [io-8081-exec-10] c.g.filter.SessionIdLogFilter            : Hey MyFilter invoked man

2017-11-18 19:57:28.646  WARN 8200 --- [ost-startStop-2] c.g.filter.SessionIdLogFilter            : Destruindo o filtro de logging

2017-11-18 19:57:28.647  WARN 8200 --- [ost-startStop-2] c.g.filter.SessionIdLogFilter            : Destruindo o filtro de logging

2017-11-18 19:57:29.613  INFO 8200 --- [  restartedMain] com.gitspringboot.ArticalMain            : Starting ArticalMain on ashrafPC with PID 8200 (C:\Users\Administrator\git\gitspringboot\gitspringboot\target\classes started by Administrator in C:\Users\Administrator\git\gitspringboot\gitspringboot)

2017-11-18 19:57:29.613  INFO 8200 --- [  restartedMain] com.gitspringboot.ArticalMain            : The following profiles are active: dev

2017-11-18 19:57:32.853  INFO 8200 --- [ost-startStop-1] c.g.filter.SessionIdLogFilter            : Ashraf logging filter

2017-11-18 19:57:32.855  INFO 8200 --- [ost-startStop-1] c.g.filter.SessionIdLogFilter            : Ashraf logging filter

2017-11-18 19:57:37.712  INFO 8200 --- [  restartedMain] com.gitspringboot.ArticalMain            : Started ArticalMain in 8.226 seconds (JVM running for 154.016)

2017-11-18 19:57:45.835  INFO 8200 --- [nio-8081-exec-3] c.g.filter.SessionIdLogFilter            : Hey MyFilter invoked man

2017-11-18 19:57:45.925  INFO 8200 --- [nio-8081-exec-3] c.g.filter.SessionIdLogFilter            : Hey MyFilter invoked man
A83A4605A6D787E1CA12B62CE5CBA695
2017-11-18 19:57:46.264  INFO 8200 --- [nio-8081-exec-4] c.g.filter.SessionIdLogFilter            : Hey MyFilter invoked man

2017-11-18 19:57:46.303  INFO 8200 --- [nio-8081-exec-5] c.g.filter.SessionIdLogFilter            : Hey MyFilter invoked man

2017-11-18 19:57:46.319  INFO 8200 --- [nio-8081-exec-6] c.g.filter.SessionIdLogFilter            : Hey MyFilter invoked man

2017-11-18 19:57:51.950  INFO 8200 --- [nio-8081-exec-9] c.g.filter.SessionIdLogFilter            : Hey MyFilter invoked man

2017-11-18 20:02:55.055  INFO 8416 --- [  restartedMain] com.gitspringboot.ArticalMain            : Starting ArticalMain on ashrafPC with PID 8416 (C:\Users\Administrator\git\gitspringboot\gitspringboot\target\classes started by Administrator in C:\Users\Administrator\git\gitspringboot\gitspringboot)

2017-11-18 20:02:55.056  INFO 8416 --- [  restartedMain] com.gitspringboot.ArticalMain            : The following profiles are active: dev

2017-11-18 20:03:05.670  INFO 8416 --- [ost-startStop-1] c.g.filter.SessionIdLogFilter            : Ashraf logging filter

2017-11-18 20:03:05.672  INFO 8416 --- [ost-startStop-1] c.g.filter.SessionIdLogFilter            : Ashraf logging filter

2017-11-18 20:03:13.835  INFO 8416 --- [  restartedMain] com.gitspringboot.ArticalMain            : Started ArticalMain in 19.635 seconds (JVM running for 20.322)

2017-11-18 20:03:17.035  INFO 8416 --- [nio-8081-exec-3] c.g.filter.SessionIdLogFilter            : Hey MyFilter invoked man

2017-11-18 20:03:17.160  INFO 8416 --- [nio-8081-exec-3] c.g.filter.SessionIdLogFilter            : Hey MyFilter invoked man
C6E13EE8C63150219B37D82A5872BBFE
2017-11-18 20:03:18.427  INFO 8416 --- [nio-8081-exec-4] c.g.filter.SessionIdLogFilter            : Hey MyFilter invoked man

2017-11-18 20:03:18.449  INFO 8416 --- [nio-8081-exec-6] c.g.filter.SessionIdLogFilter            : Hey MyFilter invoked man

2017-11-18 20:03:18.465  INFO 8416 --- [nio-8081-exec-5] c.g.filter.SessionIdLogFilter            : Hey MyFilter invoked man

2017-11-18 20:03:20.516  INFO 8416 --- [nio-8081-exec-7] c.g.filter.SessionIdLogFilter            : Hey MyFilter invoked man

2017-11-18 20:35:15.294  WARN 8416 --- [ost-startStop-2] c.g.filter.SessionIdLogFilter            : Destruindo o filtro de logging

2017-11-18 20:35:15.295  WARN 8416 --- [ost-startStop-2] c.g.filter.SessionIdLogFilter            : Destruindo o filtro de logging

2017-11-18 20:35:16.555  INFO 8416 --- [  restartedMain] com.gitspringboot.ArticalMain            : Starting ArticalMain on ashrafPC with PID 8416 (C:\Users\Administrator\git\gitspringboot\gitspringboot\target\classes started by Administrator in C:\Users\Administrator\git\gitspringboot\gitspringboot)

2017-11-18 20:35:16.558  INFO 8416 --- [  restartedMain] com.gitspringboot.ArticalMain            : The following profiles are active: dev

2017-11-18 20:35:21.246  INFO 8416 --- [ost-startStop-1] c.g.filter.SessionIdLogFilter            : Ashraf logging filter

2017-11-18 20:35:21.249  INFO 8416 --- [ost-startStop-1] c.g.filter.SessionIdLogFilter            : Ashraf logging filter

2017-11-18 20:35:27.006  INFO 8416 --- [  restartedMain] com.gitspringboot.ArticalMain            : Started ArticalMain in 10.714 seconds (JVM running for 1953.412)

2017-11-18 20:37:11.655  INFO 8416 --- [nio-8081-exec-5] c.g.filter.SessionIdLogFilter            : Hey MyFilter invoked man

2017-11-18 20:37:11.723  INFO 8416 --- [nio-8081-exec-5] c.g.filter.SessionIdLogFilter            : Hey MyFilter invoked man
4C3D7015D2670610B0D93B24DB32520B
2017-11-18 20:37:12.197  INFO 8416 --- [nio-8081-exec-8] c.g.filter.SessionIdLogFilter            : Hey MyFilter invoked man

2017-11-18 20:37:12.210  INFO 8416 --- [nio-8081-exec-6] c.g.filter.SessionIdLogFilter            : Hey MyFilter invoked man

2017-11-18 20:37:12.240  INFO 8416 --- [nio-8081-exec-7] c.g.filter.SessionIdLogFilter            : Hey MyFilter invoked man

2017-11-18 20:37:18.515  INFO 8416 --- [nio-8081-exec-9] c.g.filter.SessionIdLogFilter            : Hey MyFilter invoked man

2017-11-18 20:59:47.981  INFO 6672 --- [  restartedMain] com.gitspringboot.ArticalMain            : Starting ArticalMain on ashrafPC with PID 6672 (C:\Users\Administrator\git\gitspringboot\gitspringboot\target\classes started by Administrator in C:\Users\Administrator\git\gitspringboot\gitspringboot)

2017-11-18 20:59:47.982  INFO 6672 --- [  restartedMain] com.gitspringboot.ArticalMain            : The following profiles are active: dev

2017-11-18 20:59:59.893  INFO 6672 --- [ost-startStop-1] c.g.filter.SessionIdLogFilter            : Ashraf logging filter

2017-11-18 20:59:59.895  INFO 6672 --- [ost-startStop-1] c.g.filter.SessionIdLogFilter            : Ashraf logging filter

2017-11-18 21:00:08.577  INFO 6672 --- [  restartedMain] com.gitspringboot.ArticalMain            : Started ArticalMain in 21.371 seconds (JVM running for 22.165)

2017-11-18 21:00:13.709  INFO 6672 --- [nio-8081-exec-3] c.g.filter.SessionIdLogFilter            : Hey MyFilter invoked man

2017-11-18 21:00:13.852  INFO 6672 --- [nio-8081-exec-3] c.g.filter.SessionIdLogFilter            : Hey MyFilter invoked man
9DEA41254371EA19B4C79561968C144A
2017-11-18 21:00:15.464  INFO 6672 --- [nio-8081-exec-4] c.g.filter.SessionIdLogFilter            : Hey MyFilter invoked man

2017-11-18 21:00:15.507  INFO 6672 --- [nio-8081-exec-6] c.g.filter.SessionIdLogFilter            : Hey MyFilter invoked man

2017-11-18 21:00:15.521  INFO 6672 --- [nio-8081-exec-5] c.g.filter.SessionIdLogFilter            : Hey MyFilter invoked man

2017-11-18 21:00:33.516  INFO 6672 --- [io-8081-exec-10] c.g.filter.SessionIdLogFilter            : Hey MyFilter invoked man

2017-11-18 21:32:15.959  INFO 5308 --- [  restartedMain] com.gitspringboot.ArticalMain            : Starting ArticalMain on ashrafPC with PID 5308 (C:\Users\Administrator\git\gitspringboot\gitspringboot\target\classes started by Administrator in C:\Users\Administrator\git\gitspringboot\gitspringboot)

2017-11-18 21:32:15.960  INFO 5308 --- [  restartedMain] com.gitspringboot.ArticalMain            : The following profiles are active: dev

2017-11-18 21:32:26.459  INFO 5308 --- [ost-startStop-1] c.g.filter.SessionIdLogFilter            : Ashraf logging filter

2017-11-18 21:32:26.462  INFO 5308 --- [ost-startStop-1] c.g.filter.SessionIdLogFilter            : Ashraf logging filter

2017-11-18 21:32:34.078  INFO 5308 --- [  restartedMain] com.gitspringboot.ArticalMain            : Started ArticalMain in 18.823 seconds (JVM running for 19.547)

2017-11-18 21:33:09.358  INFO 5308 --- [nio-8081-exec-3] c.g.filter.SessionIdLogFilter            : Hey MyFilter invoked man

2017-11-18 21:33:09.475  INFO 5308 --- [nio-8081-exec-3] c.g.filter.SessionIdLogFilter            : Hey MyFilter invoked man
2B047A58ED3522F1F7FF54542C581A9B
2017-11-18 21:33:10.568  INFO 5308 --- [nio-8081-exec-5] c.g.filter.SessionIdLogFilter            : Hey MyFilter invoked man

2017-11-18 21:33:10.575  INFO 5308 --- [nio-8081-exec-4] c.g.filter.SessionIdLogFilter            : Hey MyFilter invoked man

2017-11-18 21:33:10.600  INFO 5308 --- [nio-8081-exec-6] c.g.filter.SessionIdLogFilter            : Hey MyFilter invoked man

2017-11-18 21:33:13.458  INFO 5308 --- [io-8081-exec-10] c.g.filter.SessionIdLogFilter            : Hey MyFilter invoked man

2017-11-18 21:39:23.231  INFO 6716 --- [  restartedMain] com.gitspringboot.ArticalMain            : Starting ArticalMain on ashrafPC with PID 6716 (C:\Users\Administrator\git\gitspringboot\gitspringboot\target\classes started by Administrator in C:\Users\Administrator\git\gitspringboot\gitspringboot)

2017-11-18 21:39:23.233  INFO 6716 --- [  restartedMain] com.gitspringboot.ArticalMain            : The following profiles are active: dev

2017-11-18 21:39:34.094  INFO 6716 --- [ost-startStop-1] c.g.filter.SessionIdLogFilter            : Ashraf logging filter

2017-11-18 21:39:34.096  INFO 6716 --- [ost-startStop-1] c.g.filter.SessionIdLogFilter            : Ashraf logging filter

2017-11-18 21:39:41.772  INFO 6716 --- [  restartedMain] com.gitspringboot.ArticalMain            : Started ArticalMain in 19.267 seconds (JVM running for 19.96)

2017-11-18 21:39:59.525  INFO 6716 --- [nio-8081-exec-3] c.g.filter.SessionIdLogFilter            : Hey MyFilter invoked man

2017-11-18 21:39:59.647  INFO 6716 --- [nio-8081-exec-3] c.g.filter.SessionIdLogFilter            : Hey MyFilter invoked man
9725F9AD0833DDA25B099ABCF203F008
2017-11-18 21:40:01.024  INFO 6716 --- [nio-8081-exec-4] c.g.filter.SessionIdLogFilter            : Hey MyFilter invoked man

2017-11-18 21:40:01.030  INFO 6716 --- [nio-8081-exec-5] c.g.filter.SessionIdLogFilter            : Hey MyFilter invoked man

2017-11-18 21:40:01.086  INFO 6716 --- [nio-8081-exec-6] c.g.filter.SessionIdLogFilter            : Hey MyFilter invoked man

2017-11-18 21:40:04.299  INFO 6716 --- [nio-8081-exec-7] c.g.filter.SessionIdLogFilter            : Hey MyFilter invoked man

2017-11-18 21:40:29.656  WARN 6716 --- [ost-startStop-2] c.g.filter.SessionIdLogFilter            : Destruindo o filtro de logging

2017-11-18 21:40:29.657  WARN 6716 --- [ost-startStop-2] c.g.filter.SessionIdLogFilter            : Destruindo o filtro de logging

2017-11-18 21:40:30.497  INFO 6716 --- [  restartedMain] com.gitspringboot.ArticalMain            : Starting ArticalMain on ashrafPC with PID 6716 (C:\Users\Administrator\git\gitspringboot\gitspringboot\target\classes started by Administrator in C:\Users\Administrator\git\gitspringboot\gitspringboot)

2017-11-18 21:40:30.497  INFO 6716 --- [  restartedMain] com.gitspringboot.ArticalMain            : The following profiles are active: dev

2017-11-18 21:40:35.498  INFO 6716 --- [  restartedMain] com.gitspringboot.ArticalMain            : Starting ArticalMain on ashrafPC with PID 6716 (C:\Users\Administrator\git\gitspringboot\gitspringboot\target\classes started by Administrator in C:\Users\Administrator\git\gitspringboot\gitspringboot)

2017-11-18 21:40:35.498  INFO 6716 --- [  restartedMain] com.gitspringboot.ArticalMain            : The following profiles are active: dev

2017-11-18 21:40:38.874  INFO 6716 --- [ost-startStop-1] c.g.filter.SessionIdLogFilter            : Ashraf logging filter

2017-11-18 21:40:38.876  INFO 6716 --- [ost-startStop-1] c.g.filter.SessionIdLogFilter            : Ashraf logging filter

2017-11-18 21:40:43.135  INFO 6716 --- [  restartedMain] com.gitspringboot.ArticalMain            : Started ArticalMain in 7.739 seconds (JVM running for 81.321)

2017-11-18 21:41:04.010  INFO 6716 --- [nio-8081-exec-3] c.g.filter.SessionIdLogFilter            : Hey MyFilter invoked man

2017-11-18 21:41:04.075  INFO 6716 --- [nio-8081-exec-3] c.g.filter.SessionIdLogFilter            : Hey MyFilter invoked man
1D1C81AC606616241116AC4EFC395240
2017-11-18 21:41:04.412  INFO 6716 --- [nio-8081-exec-4] c.g.filter.SessionIdLogFilter            : Hey MyFilter invoked man

2017-11-18 21:41:04.414  INFO 6716 --- [nio-8081-exec-5] c.g.filter.SessionIdLogFilter            : Hey MyFilter invoked man

2017-11-18 21:41:04.433  INFO 6716 --- [nio-8081-exec-6] c.g.filter.SessionIdLogFilter            : Hey MyFilter invoked man

2017-11-18 21:41:06.972  INFO 6716 --- [io-8081-exec-10] c.g.filter.SessionIdLogFilter            : Hey MyFilter invoked man

2017-11-18 21:41:26.525  INFO 6716 --- [nio-8081-exec-6] c.g.filter.SessionIdLogFilter            : Hey MyFilter invoked man
1D1C81AC606616241116AC4EFC395240
2017-11-18 21:41:39.844  INFO 6716 --- [nio-8081-exec-9] c.g.filter.SessionIdLogFilter            : Hey MyFilter invoked man

2017-11-18 21:44:01.064  INFO 6716 --- [io-8081-exec-10] c.g.filter.SessionIdLogFilter            : Hey MyFilter invoked man
1D1C81AC606616241116AC4EFC395240
2017-11-18 21:46:12.008  WARN 6716 --- [ost-startStop-2] c.g.filter.SessionIdLogFilter            : Destruindo o filtro de logging

2017-11-18 21:46:12.009  WARN 6716 --- [ost-startStop-2] c.g.filter.SessionIdLogFilter            : Destruindo o filtro de logging

2017-11-18 21:46:12.539  INFO 6716 --- [  restartedMain] com.gitspringboot.ArticalMain            : Starting ArticalMain on ashrafPC with PID 6716 (C:\Users\Administrator\git\gitspringboot\gitspringboot\target\classes started by Administrator in C:\Users\Administrator\git\gitspringboot\gitspringboot)

2017-11-18 21:46:12.539  INFO 6716 --- [  restartedMain] com.gitspringboot.ArticalMain            : The following profiles are active: dev

2017-11-18 21:47:13.752  INFO 6716 --- [  restartedMain] com.gitspringboot.ArticalMain            : Starting ArticalMain on ashrafPC with PID 6716 (C:\Users\Administrator\git\gitspringboot\gitspringboot\target\classes started by Administrator in C:\Users\Administrator\git\gitspringboot\gitspringboot)

2017-11-18 21:47:13.753  INFO 6716 --- [  restartedMain] com.gitspringboot.ArticalMain            : The following profiles are active: dev

2017-11-18 21:47:30.610  INFO 6716 --- [  restartedMain] com.gitspringboot.ArticalMain            : Starting ArticalMain on ashrafPC with PID 6716 (C:\Users\Administrator\git\gitspringboot\gitspringboot\target\classes started by Administrator in C:\Users\Administrator\git\gitspringboot\gitspringboot)

2017-11-18 21:47:30.610  INFO 6716 --- [  restartedMain] com.gitspringboot.ArticalMain            : The following profiles are active: dev

2017-11-18 21:47:33.684  INFO 6716 --- [ost-startStop-1] c.g.filter.SessionIdLogFilter            : Ashraf logging filter

2017-11-18 21:47:33.685  INFO 6716 --- [ost-startStop-1] c.g.filter.SessionIdLogFilter            : Ashraf logging filter

2017-11-18 21:47:37.225  INFO 6716 --- [  restartedMain] com.gitspringboot.ArticalMain            : Started ArticalMain in 6.671 seconds (JVM running for 495.393)

2017-11-18 21:48:15.076  INFO 6716 --- [nio-8081-exec-1] c.g.filter.SessionIdLogFilter            : Hey MyFilter invoked man

2017-11-18 21:48:15.131  INFO 6716 --- [nio-8081-exec-1] c.g.filter.SessionIdLogFilter            : Hey MyFilter invoked man
1D1C81AC606616241116AC4EFC395240
2017-11-18 21:48:15.440  INFO 6716 --- [nio-8081-exec-3] c.g.filter.SessionIdLogFilter            : Hey MyFilter invoked man

2017-11-18 21:48:15.468  INFO 6716 --- [nio-8081-exec-2] c.g.filter.SessionIdLogFilter            : Hey MyFilter invoked man

2017-11-18 21:48:15.482  INFO 6716 --- [nio-8081-exec-4] c.g.filter.SessionIdLogFilter            : Hey MyFilter invoked man

2017-11-18 21:48:52.978  INFO 6716 --- [io-8081-exec-10] c.g.filter.SessionIdLogFilter            : Hey MyFilter invoked man

2017-11-18 21:48:52.983  INFO 6716 --- [io-8081-exec-10] c.g.filter.SessionIdLogFilter            : Hey MyFilter invoked man
362369487722CEC2579DFFEB454D56F8
2017-11-18 21:48:53.027  INFO 6716 --- [nio-8081-exec-1] c.g.filter.SessionIdLogFilter            : Hey MyFilter invoked man
1D1C81AC606616241116AC4EFC395240
2017-11-18 21:48:53.028  INFO 6716 --- [nio-8081-exec-3] c.g.filter.SessionIdLogFilter            : Hey MyFilter invoked man
1D1C81AC606616241116AC4EFC395240
2017-11-18 21:48:53.042  INFO 6716 --- [nio-8081-exec-2] c.g.filter.SessionIdLogFilter            : Hey MyFilter invoked man
1D1C81AC606616241116AC4EFC395240
2017-11-18 21:48:54.740  INFO 6716 --- [nio-8081-exec-4] c.g.filter.SessionIdLogFilter            : Hey MyFilter invoked man
1D1C81AC606616241116AC4EFC395240
2017-11-18 21:59:01.865  INFO 8412 --- [  restartedMain] com.gitspringboot.ArticalMain            : Starting ArticalMain on ashrafPC with PID 8412 (C:\Users\Administrator\git\gitspringboot\gitspringboot\target\classes started by Administrator in C:\Users\Administrator\git\gitspringboot\gitspringboot)

2017-11-18 21:59:01.866  INFO 8412 --- [  restartedMain] com.gitspringboot.ArticalMain            : The following profiles are active: dev

2017-11-18 21:59:12.453  INFO 8412 --- [ost-startStop-1] c.g.filter.SessionIdLogFilter            : Ashraf logging filter

2017-11-18 21:59:12.455  INFO 8412 --- [ost-startStop-1] c.g.filter.SessionIdLogFilter            : Ashraf logging filter

2017-11-18 21:59:20.672  INFO 8412 --- [  restartedMain] com.gitspringboot.ArticalMain            : Started ArticalMain in 19.526 seconds (JVM running for 20.228)

2017-11-18 21:59:35.166  INFO 8412 --- [nio-8081-exec-3] c.g.filter.SessionIdLogFilter            : Hey MyFilter invoked man

2017-11-18 21:59:35.297  INFO 8412 --- [nio-8081-exec-3] c.g.filter.SessionIdLogFilter            : Hey MyFilter invoked man
E849970B6B28B3C71DA373D4B18DB52C
2017-11-18 21:59:36.535  INFO 8412 --- [nio-8081-exec-4] c.g.filter.SessionIdLogFilter            : Hey MyFilter invoked man

2017-11-18 21:59:36.566  INFO 8412 --- [nio-8081-exec-6] c.g.filter.SessionIdLogFilter            : Hey MyFilter invoked man

2017-11-18 21:59:36.576  INFO 8412 --- [nio-8081-exec-5] c.g.filter.SessionIdLogFilter            : Hey MyFilter invoked man

2017-11-18 21:59:38.616  INFO 8412 --- [nio-8081-exec-7] c.g.filter.SessionIdLogFilter            : Hey MyFilter invoked man

2017-11-18 22:04:05.533  WARN 8412 --- [ost-startStop-2] c.g.filter.SessionIdLogFilter            : Destruindo o filtro de logging

2017-11-18 22:04:05.534  WARN 8412 --- [ost-startStop-2] c.g.filter.SessionIdLogFilter            : Destruindo o filtro de logging

2017-11-18 22:04:06.240  INFO 8412 --- [  restartedMain] com.gitspringboot.ArticalMain            : Starting ArticalMain on ashrafPC with PID 8412 (C:\Users\Administrator\git\gitspringboot\gitspringboot\target\classes started by Administrator in C:\Users\Administrator\git\gitspringboot\gitspringboot)

2017-11-18 22:04:06.241  INFO 8412 --- [  restartedMain] com.gitspringboot.ArticalMain            : The following profiles are active: dev

2017-11-18 22:04:09.712  INFO 8412 --- [ost-startStop-1] c.g.filter.SessionIdLogFilter            : Ashraf logging filter

2017-11-18 22:04:09.714  INFO 8412 --- [ost-startStop-1] c.g.filter.SessionIdLogFilter            : Ashraf logging filter

2017-11-18 22:04:14.105  INFO 8412 --- [  restartedMain] com.gitspringboot.ArticalMain            : Started ArticalMain in 7.989 seconds (JVM running for 313.648)

2017-11-18 22:04:23.240  WARN 8412 --- [ost-startStop-2] c.g.filter.SessionIdLogFilter            : Destruindo o filtro de logging

2017-11-18 22:04:23.241  WARN 8412 --- [ost-startStop-2] c.g.filter.SessionIdLogFilter            : Destruindo o filtro de logging

2017-11-18 22:04:23.847  INFO 8412 --- [  restartedMain] com.gitspringboot.ArticalMain            : Starting ArticalMain on ashrafPC with PID 8412 (C:\Users\Administrator\git\gitspringboot\gitspringboot\target\classes started by Administrator in C:\Users\Administrator\git\gitspringboot\gitspringboot)

2017-11-18 22:04:23.847  INFO 8412 --- [  restartedMain] com.gitspringboot.ArticalMain            : The following profiles are active: dev

2017-11-18 22:04:26.804  INFO 8412 --- [ost-startStop-1] c.g.filter.SessionIdLogFilter            : Ashraf logging filter

2017-11-18 22:04:26.809  INFO 8412 --- [ost-startStop-1] c.g.filter.SessionIdLogFilter            : Ashraf logging filter

2017-11-18 22:04:30.846  INFO 8412 --- [  restartedMain] com.gitspringboot.ArticalMain            : Started ArticalMain in 7.119 seconds (JVM running for 330.389)

2017-11-18 22:05:00.395  WARN 8412 --- [ost-startStop-2] c.g.filter.SessionIdLogFilter            : Destruindo o filtro de logging

2017-11-18 22:05:00.395  WARN 8412 --- [ost-startStop-2] c.g.filter.SessionIdLogFilter            : Destruindo o filtro de logging

2017-11-18 22:05:00.994  INFO 8412 --- [  restartedMain] com.gitspringboot.ArticalMain            : Starting ArticalMain on ashrafPC with PID 8412 (C:\Users\Administrator\git\gitspringboot\gitspringboot\target\classes started by Administrator in C:\Users\Administrator\git\gitspringboot\gitspringboot)

2017-11-18 22:05:00.994  INFO 8412 --- [  restartedMain] com.gitspringboot.ArticalMain            : The following profiles are active: dev

2017-11-18 22:05:03.562  INFO 8412 --- [ost-startStop-1] c.g.filter.SessionIdLogFilter            : Ashraf logging filter

2017-11-18 22:05:03.564  INFO 8412 --- [ost-startStop-1] c.g.filter.SessionIdLogFilter            : Ashraf logging filter

2017-11-18 22:05:06.807  INFO 8412 --- [  restartedMain] com.gitspringboot.ArticalMain            : Started ArticalMain in 5.934 seconds (JVM running for 366.348)

2017-11-18 22:05:21.256  INFO 8412 --- [nio-8081-exec-1] c.g.filter.SessionIdLogFilter            : Hey MyFilter invoked man

2017-11-18 22:05:26.516  INFO 8412 --- [nio-8081-exec-7] c.g.filter.SessionIdLogFilter            : Hey MyFilter invoked man

2017-11-18 22:05:26.589  INFO 8412 --- [nio-8081-exec-7] c.g.filter.SessionIdLogFilter            : Hey MyFilter invoked man
8623DF8FBCAF3FB506F26AA756A3249F
2017-11-18 22:05:26.918  INFO 8412 --- [nio-8081-exec-8] c.g.filter.SessionIdLogFilter            : Hey MyFilter invoked man

2017-11-18 22:05:26.924  INFO 8412 --- [nio-8081-exec-9] c.g.filter.SessionIdLogFilter            : Hey MyFilter invoked man

2017-11-18 22:05:26.946  INFO 8412 --- [io-8081-exec-10] c.g.filter.SessionIdLogFilter            : Hey MyFilter invoked man

2017-11-18 22:05:33.674  INFO 8412 --- [nio-8081-exec-3] c.g.filter.SessionIdLogFilter            : Hey MyFilter invoked man

2017-11-18 22:07:15.234  INFO 7820 --- [  restartedMain] com.gitspringboot.ArticalMain            : Starting ArticalMain on ashrafPC with PID 7820 (C:\Users\Administrator\git\gitspringboot\gitspringboot\target\classes started by Administrator in C:\Users\Administrator\git\gitspringboot\gitspringboot)

2017-11-18 22:07:15.235  INFO 7820 --- [  restartedMain] com.gitspringboot.ArticalMain            : The following profiles are active: dev

2017-11-18 22:07:27.435  INFO 7820 --- [ost-startStop-1] c.g.filter.SessionIdLogFilter            : Ashraf logging filter

2017-11-18 22:07:27.437  INFO 7820 --- [ost-startStop-1] c.g.filter.SessionIdLogFilter            : Ashraf logging filter

2017-11-18 22:07:42.963  INFO 7820 --- [  restartedMain] com.gitspringboot.ArticalMain            : Started ArticalMain in 28.587 seconds (JVM running for 29.919)

2017-11-18 22:07:57.938  INFO 7820 --- [nio-8081-exec-3] c.g.filter.SessionIdLogFilter            : Hey MyFilter invoked man

2017-11-18 22:07:58.117  INFO 7820 --- [nio-8081-exec-3] c.g.filter.SessionIdLogFilter            : Hey MyFilter invoked man
59E8CD815B38B950C4BE4033079C9EA6
2017-11-18 22:07:59.381  INFO 7820 --- [nio-8081-exec-4] c.g.filter.SessionIdLogFilter            : Hey MyFilter invoked man

2017-11-18 22:07:59.382  INFO 7820 --- [nio-8081-exec-5] c.g.filter.SessionIdLogFilter            : Hey MyFilter invoked man

2017-11-18 22:07:59.438  INFO 7820 --- [nio-8081-exec-6] c.g.filter.SessionIdLogFilter            : Hey MyFilter invoked man

2017-11-18 22:08:06.274  INFO 7820 --- [io-8081-exec-10] c.g.filter.SessionIdLogFilter            : Hey MyFilter invoked man

2017-11-18 22:16:42.442  INFO 7820 --- [nio-8081-exec-5] c.g.filter.SessionIdLogFilter            : Hey MyFilter invoked man
59E8CD815B38B950C4BE4033079C9EA6
