2017-11-20 18:36:40.245  INFO 7512 --- [  restartedMain] com.gitspringboot.ArticalMain            : Starting ArticalMain on ashrafPC with PID 7512 (C:\Users\Administrator\git\gitspringboot\gitspringboot\target\classes started by Administrator in C:\Users\Administrator\git\gitspringboot\gitspringboot)

2017-11-20 18:36:40.264  INFO 7512 --- [  restartedMain] com.gitspringboot.ArticalMain            : The following profiles are active: dev

2017-11-20 18:36:55.222  INFO 7512 --- [ost-startStop-1] c.g.filter.SessionIdLogFilter            : Ashraf logging filter

2017-11-20 18:36:55.224  INFO 7512 --- [ost-startStop-1] c.g.filter.SessionIdLogFilter            : Ashraf logging filter

2017-11-20 18:37:06.303  INFO 7512 --- [  restartedMain] com.gitspringboot.ArticalMain            : Started ArticalMain in 26.785 seconds (JVM running for 27.513)

2017-11-20 18:39:20.714  WARN 7512 --- [ost-startStop-2] c.g.filter.SessionIdLogFilter            : Destruindo o filtro de logging

2017-11-20 18:39:20.715  WARN 7512 --- [ost-startStop-2] c.g.filter.SessionIdLogFilter            : Destruindo o filtro de logging

2017-11-20 18:39:21.797  INFO 7512 --- [  restartedMain] com.gitspringboot.ArticalMain            : Starting ArticalMain on ashrafPC with PID 7512 (C:\Users\Administrator\git\gitspringboot\gitspringboot\target\classes started by Administrator in C:\Users\Administrator\git\gitspringboot\gitspringboot)

2017-11-20 18:39:21.799  INFO 7512 --- [  restartedMain] com.gitspringboot.ArticalMain            : The following profiles are active: dev

2017-11-20 18:39:26.118  INFO 7512 --- [ost-startStop-1] c.g.filter.SessionIdLogFilter            : Ashraf logging filter

2017-11-20 18:39:26.120  INFO 7512 --- [ost-startStop-1] c.g.filter.SessionIdLogFilter            : Ashraf logging filter

2017-11-20 18:39:31.038  INFO 7512 --- [  restartedMain] com.gitspringboot.ArticalMain            : Started ArticalMain in 9.386 seconds (JVM running for 172.247)

2017-11-20 18:40:45.505  WARN 7512 --- [ost-startStop-2] c.g.filter.SessionIdLogFilter            : Destruindo o filtro de logging

2017-11-20 18:40:45.506  WARN 7512 --- [ost-startStop-2] c.g.filter.SessionIdLogFilter            : Destruindo o filtro de logging

2017-11-20 18:40:46.147  INFO 7512 --- [  restartedMain] com.gitspringboot.ArticalMain            : Starting ArticalMain on ashrafPC with PID 7512 (C:\Users\Administrator\git\gitspringboot\gitspringboot\target\classes started by Administrator in C:\Users\Administrator\git\gitspringboot\gitspringboot)

2017-11-20 18:40:46.148  INFO 7512 --- [  restartedMain] com.gitspringboot.ArticalMain            : The following profiles are active: dev

2017-11-20 18:40:49.415  INFO 7512 --- [ost-startStop-1] c.g.filter.SessionIdLogFilter            : Ashraf logging filter

2017-11-20 18:40:49.416  INFO 7512 --- [ost-startStop-1] c.g.filter.SessionIdLogFilter            : Ashraf logging filter

2017-11-20 18:40:53.485  INFO 7512 --- [  restartedMain] com.gitspringboot.ArticalMain            : Started ArticalMain in 7.479 seconds (JVM running for 254.692)

2017-11-20 18:48:36.156  WARN 7512 --- [ost-startStop-2] c.g.filter.SessionIdLogFilter            : Destruindo o filtro de logging

2017-11-20 18:48:36.157  WARN 7512 --- [ost-startStop-2] c.g.filter.SessionIdLogFilter            : Destruindo o filtro de logging

2017-11-20 18:48:36.987  INFO 7512 --- [  restartedMain] com.gitspringboot.ArticalMain            : Starting ArticalMain on ashrafPC with PID 7512 (C:\Users\Administrator\git\gitspringboot\gitspringboot\target\classes started by Administrator in C:\Users\Administrator\git\gitspringboot\gitspringboot)

2017-11-20 18:48:36.994  INFO 7512 --- [  restartedMain] com.gitspringboot.ArticalMain            : The following profiles are active: dev

2017-11-20 18:48:40.236  INFO 7512 --- [ost-startStop-1] c.g.filter.SessionIdLogFilter            : Ashraf logging filter

2017-11-20 18:48:40.237  INFO 7512 --- [ost-startStop-1] c.g.filter.SessionIdLogFilter            : Ashraf logging filter

2017-11-20 18:48:44.053  INFO 7512 --- [  restartedMain] com.gitspringboot.ArticalMain            : Started ArticalMain in 7.288 seconds (JVM running for 725.254)

2017-11-20 18:51:27.884  WARN 7512 --- [ost-startStop-2] c.g.filter.SessionIdLogFilter            : Destruindo o filtro de logging

2017-11-20 18:51:27.884  WARN 7512 --- [ost-startStop-2] c.g.filter.SessionIdLogFilter            : Destruindo o filtro de logging

2017-11-20 18:51:28.635  INFO 7512 --- [  restartedMain] com.gitspringboot.ArticalMain            : Starting ArticalMain on ashrafPC with PID 7512 (C:\Users\Administrator\git\gitspringboot\gitspringboot\target\classes started by Administrator in C:\Users\Administrator\git\gitspringboot\gitspringboot)

2017-11-20 18:51:28.636  INFO 7512 --- [  restartedMain] com.gitspringboot.ArticalMain            : The following profiles are active: dev

2017-11-20 18:51:31.725  INFO 7512 --- [ost-startStop-1] c.g.filter.SessionIdLogFilter            : Ashraf logging filter

2017-11-20 18:51:31.727  INFO 7512 --- [ost-startStop-1] c.g.filter.SessionIdLogFilter            : Ashraf logging filter

2017-11-20 18:51:35.026  INFO 7512 --- [  restartedMain] com.gitspringboot.ArticalMain            : Started ArticalMain in 6.474 seconds (JVM running for 896.226)

2017-11-20 18:52:15.095  WARN 7512 --- [ost-startStop-2] c.g.filter.SessionIdLogFilter            : Destruindo o filtro de logging

2017-11-20 18:52:15.096  WARN 7512 --- [ost-startStop-2] c.g.filter.SessionIdLogFilter            : Destruindo o filtro de logging

2017-11-20 18:52:15.571  INFO 7512 --- [  restartedMain] com.gitspringboot.ArticalMain            : Starting ArticalMain on ashrafPC with PID 7512 (C:\Users\Administrator\git\gitspringboot\gitspringboot\target\classes started by Administrator in C:\Users\Administrator\git\gitspringboot\gitspringboot)

2017-11-20 18:52:15.571  INFO 7512 --- [  restartedMain] com.gitspringboot.ArticalMain            : The following profiles are active: dev

2017-11-20 18:52:17.882  INFO 7512 --- [ost-startStop-1] c.g.filter.SessionIdLogFilter            : Ashraf logging filter

2017-11-20 18:52:17.884  INFO 7512 --- [ost-startStop-1] c.g.filter.SessionIdLogFilter            : Ashraf logging filter

2017-11-20 18:52:20.456  INFO 7512 --- [  restartedMain] com.gitspringboot.ArticalMain            : Started ArticalMain in 4.951 seconds (JVM running for 941.655)

2017-11-20 18:53:00.359  WARN 7512 --- [ost-startStop-2] c.g.filter.SessionIdLogFilter            : Destruindo o filtro de logging

2017-11-20 18:53:00.359  WARN 7512 --- [ost-startStop-2] c.g.filter.SessionIdLogFilter            : Destruindo o filtro de logging

2017-11-20 18:53:00.964  INFO 7512 --- [  restartedMain] com.gitspringboot.ArticalMain            : Starting ArticalMain on ashrafPC with PID 7512 (C:\Users\Administrator\git\gitspringboot\gitspringboot\target\classes started by Administrator in C:\Users\Administrator\git\gitspringboot\gitspringboot)

2017-11-20 18:53:00.965  INFO 7512 --- [  restartedMain] com.gitspringboot.ArticalMain            : The following profiles are active: dev

2017-11-20 18:53:03.399  INFO 7512 --- [ost-startStop-1] c.g.filter.SessionIdLogFilter            : Ashraf logging filter

2017-11-20 18:53:03.401  INFO 7512 --- [ost-startStop-1] c.g.filter.SessionIdLogFilter            : Ashraf logging filter

2017-11-20 18:53:06.113  INFO 7512 --- [  restartedMain] com.gitspringboot.ArticalMain            : Started ArticalMain in 5.229 seconds (JVM running for 987.311)

2017-11-20 18:54:34.088  WARN 7512 --- [ost-startStop-2] c.g.filter.SessionIdLogFilter            : Destruindo o filtro de logging

2017-11-20 18:54:34.088  WARN 7512 --- [ost-startStop-2] c.g.filter.SessionIdLogFilter            : Destruindo o filtro de logging

2017-11-20 18:54:34.761  INFO 7512 --- [  restartedMain] com.gitspringboot.ArticalMain            : Starting ArticalMain on ashrafPC with PID 7512 (C:\Users\Administrator\git\gitspringboot\gitspringboot\target\classes started by Administrator in C:\Users\Administrator\git\gitspringboot\gitspringboot)

2017-11-20 18:54:34.761  INFO 7512 --- [  restartedMain] com.gitspringboot.ArticalMain            : The following profiles are active: dev

2017-11-20 18:54:37.396  INFO 7512 --- [ost-startStop-1] c.g.filter.SessionIdLogFilter            : Ashraf logging filter

2017-11-20 18:54:37.397  INFO 7512 --- [ost-startStop-1] c.g.filter.SessionIdLogFilter            : Ashraf logging filter

2017-11-20 18:54:40.478  INFO 7512 --- [  restartedMain] com.gitspringboot.ArticalMain            : Started ArticalMain in 5.849 seconds (JVM running for 1081.676)

2017-11-20 18:59:13.976  WARN 7512 --- [ost-startStop-2] c.g.filter.SessionIdLogFilter            : Destruindo o filtro de logging

2017-11-20 18:59:13.977  WARN 7512 --- [ost-startStop-2] c.g.filter.SessionIdLogFilter            : Destruindo o filtro de logging

2017-11-20 18:59:14.726  INFO 7512 --- [  restartedMain] com.gitspringboot.ArticalMain            : Starting ArticalMain on ashrafPC with PID 7512 (C:\Users\Administrator\git\gitspringboot\gitspringboot\target\classes started by Administrator in C:\Users\Administrator\git\gitspringboot\gitspringboot)

2017-11-20 18:59:14.727  INFO 7512 --- [  restartedMain] com.gitspringboot.ArticalMain            : The following profiles are active: dev

2017-11-20 18:59:16.943  INFO 7512 --- [ost-startStop-1] c.g.filter.SessionIdLogFilter            : Ashraf logging filter

2017-11-20 18:59:16.948  INFO 7512 --- [ost-startStop-1] c.g.filter.SessionIdLogFilter            : Ashraf logging filter

2017-11-20 18:59:18.278  WARN 7512 --- [ost-startStop-1] c.g.filter.SessionIdLogFilter            : Destruindo o filtro de logging

2017-11-20 18:59:18.278  WARN 7512 --- [ost-startStop-1] c.g.filter.SessionIdLogFilter            : Destruindo o filtro de logging

2017-11-20 18:59:24.237  INFO 7512 --- [  restartedMain] com.gitspringboot.ArticalMain            : Starting ArticalMain on ashrafPC with PID 7512 (C:\Users\Administrator\git\gitspringboot\gitspringboot\target\classes started by Administrator in C:\Users\Administrator\git\gitspringboot\gitspringboot)

2017-11-20 18:59:24.237  INFO 7512 --- [  restartedMain] com.gitspringboot.ArticalMain            : The following profiles are active: dev

2017-11-20 18:59:27.411  INFO 7512 --- [ost-startStop-1] c.g.filter.SessionIdLogFilter            : Ashraf logging filter

2017-11-20 18:59:27.412  INFO 7512 --- [ost-startStop-1] c.g.filter.SessionIdLogFilter            : Ashraf logging filter

2017-11-20 18:59:30.123  INFO 7512 --- [  restartedMain] com.gitspringboot.ArticalMain            : Started ArticalMain in 6.013 seconds (JVM running for 1371.316)

2017-11-20 19:01:48.631  WARN 7512 --- [ost-startStop-2] c.g.filter.SessionIdLogFilter            : Destruindo o filtro de logging

2017-11-20 19:01:48.631  WARN 7512 --- [ost-startStop-2] c.g.filter.SessionIdLogFilter            : Destruindo o filtro de logging

2017-11-20 19:01:49.311  INFO 7512 --- [  restartedMain] com.gitspringboot.ArticalMain            : Starting ArticalMain on ashrafPC with PID 7512 (C:\Users\Administrator\git\gitspringboot\gitspringboot\target\classes started by Administrator in C:\Users\Administrator\git\gitspringboot\gitspringboot)

2017-11-20 19:01:49.311  INFO 7512 --- [  restartedMain] com.gitspringboot.ArticalMain            : The following profiles are active: dev

2017-11-20 19:01:51.230  INFO 7512 --- [ost-startStop-1] c.g.filter.SessionIdLogFilter            : Ashraf logging filter

2017-11-20 19:01:51.232  INFO 7512 --- [ost-startStop-1] c.g.filter.SessionIdLogFilter            : Ashraf logging filter

2017-11-20 19:01:54.005  INFO 7512 --- [  restartedMain] com.gitspringboot.ArticalMain            : Started ArticalMain in 4.763 seconds (JVM running for 1515.197)

2017-11-20 19:02:08.307  WARN 7512 --- [ost-startStop-2] c.g.filter.SessionIdLogFilter            : Destruindo o filtro de logging

2017-11-20 19:02:08.307  WARN 7512 --- [ost-startStop-2] c.g.filter.SessionIdLogFilter            : Destruindo o filtro de logging

2017-11-20 19:02:09.091  INFO 7512 --- [  restartedMain] com.gitspringboot.ArticalMain            : Starting ArticalMain on ashrafPC with PID 7512 (C:\Users\Administrator\git\gitspringboot\gitspringboot\target\classes started by Administrator in C:\Users\Administrator\git\gitspringboot\gitspringboot)

2017-11-20 19:02:09.092  INFO 7512 --- [  restartedMain] com.gitspringboot.ArticalMain            : The following profiles are active: dev

2017-11-20 19:02:11.064  INFO 7512 --- [ost-startStop-1] c.g.filter.SessionIdLogFilter            : Ashraf logging filter

2017-11-20 19:02:11.065  INFO 7512 --- [ost-startStop-1] c.g.filter.SessionIdLogFilter            : Ashraf logging filter

2017-11-20 19:02:13.586  INFO 7512 --- [  restartedMain] com.gitspringboot.ArticalMain            : Started ArticalMain in 4.56 seconds (JVM running for 1534.777)

2017-11-20 19:04:35.252  WARN 7512 --- [ost-startStop-2] c.g.filter.SessionIdLogFilter            : Destruindo o filtro de logging

2017-11-20 19:04:35.252  WARN 7512 --- [ost-startStop-2] c.g.filter.SessionIdLogFilter            : Destruindo o filtro de logging

2017-11-20 19:04:35.788  INFO 7512 --- [  restartedMain] com.gitspringboot.ArticalMain            : Starting ArticalMain on ashrafPC with PID 7512 (C:\Users\Administrator\git\gitspringboot\gitspringboot\target\classes started by Administrator in C:\Users\Administrator\git\gitspringboot\gitspringboot)

2017-11-20 19:04:35.789  INFO 7512 --- [  restartedMain] com.gitspringboot.ArticalMain            : The following profiles are active: dev

2017-11-20 19:04:37.760  INFO 7512 --- [ost-startStop-1] c.g.filter.SessionIdLogFilter            : Ashraf logging filter

2017-11-20 19:04:37.761  INFO 7512 --- [ost-startStop-1] c.g.filter.SessionIdLogFilter            : Ashraf logging filter

2017-11-20 19:04:40.788  INFO 7512 --- [  restartedMain] com.gitspringboot.ArticalMain            : Started ArticalMain in 5.062 seconds (JVM running for 1681.978)

2017-11-20 19:04:50.607  WARN 7512 --- [ost-startStop-2] c.g.filter.SessionIdLogFilter            : Destruindo o filtro de logging

2017-11-20 19:04:50.607  WARN 7512 --- [ost-startStop-2] c.g.filter.SessionIdLogFilter            : Destruindo o filtro de logging

2017-11-20 19:04:51.264  INFO 7512 --- [  restartedMain] com.gitspringboot.ArticalMain            : Starting ArticalMain on ashrafPC with PID 7512 (C:\Users\Administrator\git\gitspringboot\gitspringboot\target\classes started by Administrator in C:\Users\Administrator\git\gitspringboot\gitspringboot)

2017-11-20 19:04:51.265  INFO 7512 --- [  restartedMain] com.gitspringboot.ArticalMain            : The following profiles are active: dev

2017-11-20 19:04:54.252  INFO 7512 --- [ost-startStop-1] c.g.filter.SessionIdLogFilter            : Ashraf logging filter

2017-11-20 19:04:54.253  INFO 7512 --- [ost-startStop-1] c.g.filter.SessionIdLogFilter            : Ashraf logging filter

2017-11-20 19:04:57.738  INFO 7512 --- [  restartedMain] com.gitspringboot.ArticalMain            : Started ArticalMain in 6.581 seconds (JVM running for 1698.927)

2017-11-20 19:06:12.169  WARN 7512 --- [ost-startStop-2] c.g.filter.SessionIdLogFilter            : Destruindo o filtro de logging

2017-11-20 19:06:12.169  WARN 7512 --- [ost-startStop-2] c.g.filter.SessionIdLogFilter            : Destruindo o filtro de logging

2017-11-20 19:06:13.380  INFO 7512 --- [  restartedMain] com.gitspringboot.ArticalMain            : Starting ArticalMain on ashrafPC with PID 7512 (C:\Users\Administrator\git\gitspringboot\gitspringboot\target\classes started by Administrator in C:\Users\Administrator\git\gitspringboot\gitspringboot)

2017-11-20 19:06:13.380  INFO 7512 --- [  restartedMain] com.gitspringboot.ArticalMain            : The following profiles are active: dev

2017-11-20 19:06:15.376  INFO 7512 --- [ost-startStop-1] c.g.filter.SessionIdLogFilter            : Ashraf logging filter

2017-11-20 19:06:15.377  INFO 7512 --- [ost-startStop-1] c.g.filter.SessionIdLogFilter            : Ashraf logging filter

2017-11-20 19:06:16.355  WARN 7512 --- [ost-startStop-1] c.g.filter.SessionIdLogFilter            : Destruindo o filtro de logging

2017-11-20 19:06:16.355  WARN 7512 --- [ost-startStop-1] c.g.filter.SessionIdLogFilter            : Destruindo o filtro de logging

2017-11-20 19:06:53.398  INFO 7512 --- [  restartedMain] com.gitspringboot.ArticalMain            : Starting ArticalMain on ashrafPC with PID 7512 (C:\Users\Administrator\git\gitspringboot\gitspringboot\target\classes started by Administrator in C:\Users\Administrator\git\gitspringboot\gitspringboot)

2017-11-20 19:06:53.398  INFO 7512 --- [  restartedMain] com.gitspringboot.ArticalMain            : The following profiles are active: dev

2017-11-20 19:06:55.460  INFO 7512 --- [ost-startStop-1] c.g.filter.SessionIdLogFilter            : Ashraf logging filter

2017-11-20 19:06:55.463  INFO 7512 --- [ost-startStop-1] c.g.filter.SessionIdLogFilter            : Ashraf logging filter

2017-11-20 19:06:56.351  WARN 7512 --- [ost-startStop-1] c.g.filter.SessionIdLogFilter            : Destruindo o filtro de logging

2017-11-20 19:06:56.351  WARN 7512 --- [ost-startStop-1] c.g.filter.SessionIdLogFilter            : Destruindo o filtro de logging

2017-11-20 19:07:15.026  INFO 7512 --- [  restartedMain] com.gitspringboot.ArticalMain            : Starting ArticalMain on ashrafPC with PID 7512 (C:\Users\Administrator\git\gitspringboot\gitspringboot\target\classes started by Administrator in C:\Users\Administrator\git\gitspringboot\gitspringboot)

2017-11-20 19:07:15.026  INFO 7512 --- [  restartedMain] com.gitspringboot.ArticalMain            : The following profiles are active: dev

2017-11-20 19:07:16.751  INFO 7512 --- [ost-startStop-1] c.g.filter.SessionIdLogFilter            : Ashraf logging filter

2017-11-20 19:07:16.752  INFO 7512 --- [ost-startStop-1] c.g.filter.SessionIdLogFilter            : Ashraf logging filter

2017-11-20 19:07:19.443  INFO 7512 --- [  restartedMain] com.gitspringboot.ArticalMain            : Started ArticalMain in 4.482 seconds (JVM running for 1840.631)

2017-11-20 19:07:50.076  WARN 7512 --- [ost-startStop-2] c.g.filter.SessionIdLogFilter            : Destruindo o filtro de logging

2017-11-20 19:07:50.088  WARN 7512 --- [ost-startStop-2] c.g.filter.SessionIdLogFilter            : Destruindo o filtro de logging

2017-11-20 19:07:51.098  INFO 7512 --- [  restartedMain] com.gitspringboot.ArticalMain            : Starting ArticalMain on ashrafPC with PID 7512 (C:\Users\Administrator\git\gitspringboot\gitspringboot\target\classes started by Administrator in C:\Users\Administrator\git\gitspringboot\gitspringboot)

2017-11-20 19:07:51.099  INFO 7512 --- [  restartedMain] com.gitspringboot.ArticalMain            : The following profiles are active: dev

2017-11-20 19:07:52.889  INFO 7512 --- [ost-startStop-1] c.g.filter.SessionIdLogFilter            : Ashraf logging filter

2017-11-20 19:07:52.891  INFO 7512 --- [ost-startStop-1] c.g.filter.SessionIdLogFilter            : Ashraf logging filter

2017-11-20 19:07:55.405  INFO 7512 --- [  restartedMain] com.gitspringboot.ArticalMain            : Started ArticalMain in 4.379 seconds (JVM running for 1876.593)

2017-11-20 19:08:07.385  WARN 7512 --- [ost-startStop-2] c.g.filter.SessionIdLogFilter            : Destruindo o filtro de logging

2017-11-20 19:08:07.386  WARN 7512 --- [ost-startStop-2] c.g.filter.SessionIdLogFilter            : Destruindo o filtro de logging

2017-11-20 19:08:08.082  INFO 7512 --- [  restartedMain] com.gitspringboot.ArticalMain            : Starting ArticalMain on ashrafPC with PID 7512 (C:\Users\Administrator\git\gitspringboot\gitspringboot\target\classes started by Administrator in C:\Users\Administrator\git\gitspringboot\gitspringboot)

2017-11-20 19:08:08.083  INFO 7512 --- [  restartedMain] com.gitspringboot.ArticalMain            : The following profiles are active: dev

2017-11-20 19:08:10.473  INFO 7512 --- [ost-startStop-1] c.g.filter.SessionIdLogFilter            : Ashraf logging filter

2017-11-20 19:08:10.474  INFO 7512 --- [ost-startStop-1] c.g.filter.SessionIdLogFilter            : Ashraf logging filter

2017-11-20 19:08:13.433  INFO 7512 --- [  restartedMain] com.gitspringboot.ArticalMain            : Started ArticalMain in 5.428 seconds (JVM running for 1894.62)

2017-11-20 19:08:27.977  WARN 7512 --- [ost-startStop-2] c.g.filter.SessionIdLogFilter            : Destruindo o filtro de logging

2017-11-20 19:08:27.978  WARN 7512 --- [ost-startStop-2] c.g.filter.SessionIdLogFilter            : Destruindo o filtro de logging

2017-11-20 19:08:28.605  INFO 7512 --- [  restartedMain] com.gitspringboot.ArticalMain            : Starting ArticalMain on ashrafPC with PID 7512 (C:\Users\Administrator\git\gitspringboot\gitspringboot\target\classes started by Administrator in C:\Users\Administrator\git\gitspringboot\gitspringboot)

2017-11-20 19:08:28.605  INFO 7512 --- [  restartedMain] com.gitspringboot.ArticalMain            : The following profiles are active: dev

2017-11-20 19:08:30.551  INFO 7512 --- [ost-startStop-1] c.g.filter.SessionIdLogFilter            : Ashraf logging filter

2017-11-20 19:08:30.553  INFO 7512 --- [ost-startStop-1] c.g.filter.SessionIdLogFilter            : Ashraf logging filter

2017-11-20 19:08:33.210  INFO 7512 --- [  restartedMain] com.gitspringboot.ArticalMain            : Started ArticalMain in 4.677 seconds (JVM running for 1914.397)

2017-11-20 19:11:02.102  WARN 7512 --- [ost-startStop-2] c.g.filter.SessionIdLogFilter            : Destruindo o filtro de logging

2017-11-20 19:11:02.103  WARN 7512 --- [ost-startStop-2] c.g.filter.SessionIdLogFilter            : Destruindo o filtro de logging

2017-11-20 19:11:02.644  INFO 7512 --- [  restartedMain] com.gitspringboot.ArticalMain            : Starting ArticalMain on ashrafPC with PID 7512 (C:\Users\Administrator\git\gitspringboot\gitspringboot\target\classes started by Administrator in C:\Users\Administrator\git\gitspringboot\gitspringboot)

2017-11-20 19:11:02.645  INFO 7512 --- [  restartedMain] com.gitspringboot.ArticalMain            : The following profiles are active: dev

2017-11-20 19:11:04.768  INFO 7512 --- [ost-startStop-1] c.g.filter.SessionIdLogFilter            : Ashraf logging filter

2017-11-20 19:11:04.772  INFO 7512 --- [ost-startStop-1] c.g.filter.SessionIdLogFilter            : Ashraf logging filter

2017-11-20 19:11:07.620  INFO 7512 --- [  restartedMain] com.gitspringboot.ArticalMain            : Started ArticalMain in 5.099 seconds (JVM running for 2068.805)

2017-11-20 19:12:59.429  WARN 7512 --- [ost-startStop-2] c.g.filter.SessionIdLogFilter            : Destruindo o filtro de logging

2017-11-20 19:12:59.429  WARN 7512 --- [ost-startStop-2] c.g.filter.SessionIdLogFilter            : Destruindo o filtro de logging

2017-11-20 19:12:59.947  INFO 7512 --- [  restartedMain] com.gitspringboot.ArticalMain            : Starting ArticalMain on ashrafPC with PID 7512 (C:\Users\Administrator\git\gitspringboot\gitspringboot\target\classes started by Administrator in C:\Users\Administrator\git\gitspringboot\gitspringboot)

2017-11-20 19:12:59.948  INFO 7512 --- [  restartedMain] com.gitspringboot.ArticalMain            : The following profiles are active: dev

2017-11-20 19:13:02.122  INFO 7512 --- [ost-startStop-1] c.g.filter.SessionIdLogFilter            : Ashraf logging filter

2017-11-20 19:13:02.123  INFO 7512 --- [ost-startStop-1] c.g.filter.SessionIdLogFilter            : Ashraf logging filter

2017-11-20 19:13:04.819  INFO 7512 --- [  restartedMain] com.gitspringboot.ArticalMain            : Started ArticalMain in 4.926 seconds (JVM running for 2186.002)

2017-11-20 19:14:21.420  WARN 7512 --- [ost-startStop-2] c.g.filter.SessionIdLogFilter            : Destruindo o filtro de logging

2017-11-20 19:14:21.420  WARN 7512 --- [ost-startStop-2] c.g.filter.SessionIdLogFilter            : Destruindo o filtro de logging

2017-11-20 19:14:22.195  INFO 7512 --- [  restartedMain] com.gitspringboot.ArticalMain            : Starting ArticalMain on ashrafPC with PID 7512 (C:\Users\Administrator\git\gitspringboot\gitspringboot\target\classes started by Administrator in C:\Users\Administrator\git\gitspringboot\gitspringboot)

2017-11-20 19:14:22.196  INFO 7512 --- [  restartedMain] com.gitspringboot.ArticalMain            : The following profiles are active: dev

2017-11-20 19:14:24.180  INFO 7512 --- [ost-startStop-1] c.g.filter.SessionIdLogFilter            : Ashraf logging filter

2017-11-20 19:14:24.181  INFO 7512 --- [ost-startStop-1] c.g.filter.SessionIdLogFilter            : Ashraf logging filter

2017-11-20 19:14:27.187  INFO 7512 --- [  restartedMain] com.gitspringboot.ArticalMain            : Started ArticalMain in 5.069 seconds (JVM running for 2268.37)

2017-11-20 19:15:04.797  INFO 7512 --- [nio-8081-exec-1] c.g.filter.SessionIdLogFilter            : Hey MyFilter invoked man

2017-11-20 19:19:23.022  WARN 7512 --- [ost-startStop-2] c.g.filter.SessionIdLogFilter            : Destruindo o filtro de logging

2017-11-20 19:19:23.022  WARN 7512 --- [ost-startStop-2] c.g.filter.SessionIdLogFilter            : Destruindo o filtro de logging

2017-11-20 19:19:23.947  INFO 7512 --- [  restartedMain] com.gitspringboot.ArticalMain            : Starting ArticalMain on ashrafPC with PID 7512 (C:\Users\Administrator\git\gitspringboot\gitspringboot\target\classes started by Administrator in C:\Users\Administrator\git\gitspringboot\gitspringboot)

2017-11-20 19:19:23.948  INFO 7512 --- [  restartedMain] com.gitspringboot.ArticalMain            : The following profiles are active: dev

2017-11-20 19:19:26.010  INFO 7512 --- [ost-startStop-1] c.g.filter.SessionIdLogFilter            : Ashraf logging filter

2017-11-20 19:19:26.017  INFO 7512 --- [ost-startStop-1] c.g.filter.SessionIdLogFilter            : Ashraf logging filter

2017-11-20 19:19:28.858  INFO 7512 --- [  restartedMain] com.gitspringboot.ArticalMain            : Started ArticalMain in 4.978 seconds (JVM running for 2570.037)

2017-11-20 19:19:46.206  INFO 7512 --- [nio-8081-exec-1] c.g.filter.SessionIdLogFilter            : Hey MyFilter invoked man

2017-11-20 19:21:15.009  WARN 7512 --- [ost-startStop-2] c.g.filter.SessionIdLogFilter            : Destruindo o filtro de logging

2017-11-20 19:21:15.010  WARN 7512 --- [ost-startStop-2] c.g.filter.SessionIdLogFilter            : Destruindo o filtro de logging

2017-11-20 19:21:15.578  INFO 7512 --- [  restartedMain] com.gitspringboot.ArticalMain            : Starting ArticalMain on ashrafPC with PID 7512 (C:\Users\Administrator\git\gitspringboot\gitspringboot\target\classes started by Administrator in C:\Users\Administrator\git\gitspringboot\gitspringboot)

2017-11-20 19:21:15.579  INFO 7512 --- [  restartedMain] com.gitspringboot.ArticalMain            : The following profiles are active: dev

2017-11-20 19:21:17.261  INFO 7512 --- [ost-startStop-1] c.g.filter.SessionIdLogFilter            : Ashraf logging filter

2017-11-20 19:21:17.262  INFO 7512 --- [ost-startStop-1] c.g.filter.SessionIdLogFilter            : Ashraf logging filter

2017-11-20 19:21:19.756  INFO 7512 --- [  restartedMain] com.gitspringboot.ArticalMain            : Started ArticalMain in 4.245 seconds (JVM running for 2680.934)

2017-11-20 19:21:24.588  INFO 7512 --- [nio-8081-exec-1] c.g.filter.SessionIdLogFilter            : Hey MyFilter invoked man

2017-11-20 19:21:55.392  INFO 7512 --- [nio-8081-exec-3] c.g.filter.SessionIdLogFilter            : Hey MyFilter invoked man

2017-11-20 19:22:08.322  INFO 7512 --- [nio-8081-exec-5] c.g.filter.SessionIdLogFilter            : Hey MyFilter invoked man

2017-11-20 19:26:10.472  WARN 7512 --- [ost-startStop-2] c.g.filter.SessionIdLogFilter            : Destruindo o filtro de logging

2017-11-20 19:26:10.473  WARN 7512 --- [ost-startStop-2] c.g.filter.SessionIdLogFilter            : Destruindo o filtro de logging

2017-11-20 19:26:11.866  INFO 7512 --- [  restartedMain] com.gitspringboot.ArticalMain            : Starting ArticalMain on ashrafPC with PID 7512 (C:\Users\Administrator\git\gitspringboot\gitspringboot\target\classes started by Administrator in C:\Users\Administrator\git\gitspringboot\gitspringboot)

2017-11-20 19:26:11.895  INFO 7512 --- [  restartedMain] com.gitspringboot.ArticalMain            : The following profiles are active: dev

2017-11-20 19:26:14.072  INFO 7512 --- [ost-startStop-1] c.g.filter.SessionIdLogFilter            : Ashraf logging filter

2017-11-20 19:26:14.074  INFO 7512 --- [ost-startStop-1] c.g.filter.SessionIdLogFilter            : Ashraf logging filter

2017-11-20 19:26:16.790  INFO 7512 --- [  restartedMain] com.gitspringboot.ArticalMain            : Started ArticalMain in 5.008 seconds (JVM running for 2977.964)

2017-11-20 19:26:26.207  INFO 7512 --- [nio-8081-exec-1] c.g.filter.SessionIdLogFilter            : Hey MyFilter invoked man

2017-11-20 19:49:12.295  INFO 7036 --- [  restartedMain] com.gitspringboot.ArticalMain            : Starting ArticalMain on ashrafPC with PID 7036 (C:\Users\Administrator\git\gitspringboot\gitspringboot\target\classes started by Administrator in C:\Users\Administrator\git\gitspringboot\gitspringboot)

2017-11-20 19:49:12.296  INFO 7036 --- [  restartedMain] com.gitspringboot.ArticalMain            : The following profiles are active: dev

2017-11-20 19:49:31.463  INFO 7036 --- [ost-startStop-1] c.g.filter.SessionIdLogFilter            : Ashraf logging filter

2017-11-20 19:49:31.465  INFO 7036 --- [ost-startStop-1] c.g.filter.SessionIdLogFilter            : Ashraf logging filter

2017-11-20 19:49:42.635  INFO 7036 --- [  restartedMain] com.gitspringboot.ArticalMain            : Started ArticalMain in 31.881 seconds (JVM running for 33.649)

2017-11-20 19:49:53.308  INFO 7036 --- [nio-8081-exec-1] c.g.filter.SessionIdLogFilter            : Hey MyFilter invoked man

2017-11-20 21:02:13.262  WARN 7036 --- [ost-startStop-2] c.g.filter.SessionIdLogFilter            : Destruindo o filtro de logging

2017-11-20 21:02:13.263  WARN 7036 --- [ost-startStop-2] c.g.filter.SessionIdLogFilter            : Destruindo o filtro de logging

2017-11-20 21:02:14.307  INFO 7036 --- [  restartedMain] com.gitspringboot.ArticalMain            : Starting ArticalMain on ashrafPC with PID 7036 (C:\Users\Administrator\git\gitspringboot\gitspringboot\target\classes started by Administrator in C:\Users\Administrator\git\gitspringboot\gitspringboot)

2017-11-20 21:02:14.308  INFO 7036 --- [  restartedMain] com.gitspringboot.ArticalMain            : The following profiles are active: dev

2017-11-20 21:02:18.620  INFO 7036 --- [ost-startStop-1] c.g.filter.SessionIdLogFilter            : Ashraf logging filter

2017-11-20 21:02:18.622  INFO 7036 --- [ost-startStop-1] c.g.filter.SessionIdLogFilter            : Ashraf logging filter

2017-11-20 21:02:24.309  INFO 7036 --- [  restartedMain] com.gitspringboot.ArticalMain            : Started ArticalMain in 10.314 seconds (JVM running for 4395.277)

2017-11-20 21:05:43.345  WARN 7036 --- [ost-startStop-2] c.g.filter.SessionIdLogFilter            : Destruindo o filtro de logging

2017-11-20 21:05:43.346  WARN 7036 --- [ost-startStop-2] c.g.filter.SessionIdLogFilter            : Destruindo o filtro de logging

2017-11-20 21:05:44.223  INFO 7036 --- [  restartedMain] com.gitspringboot.ArticalMain            : Starting ArticalMain on ashrafPC with PID 7036 (C:\Users\Administrator\git\gitspringboot\gitspringboot\target\classes started by Administrator in C:\Users\Administrator\git\gitspringboot\gitspringboot)

2017-11-20 21:05:44.224  INFO 7036 --- [  restartedMain] com.gitspringboot.ArticalMain            : The following profiles are active: dev

2017-11-20 21:05:47.450  INFO 7036 --- [ost-startStop-1] c.g.filter.SessionIdLogFilter            : Ashraf logging filter

2017-11-20 21:05:47.452  INFO 7036 --- [ost-startStop-1] c.g.filter.SessionIdLogFilter            : Ashraf logging filter

2017-11-20 21:05:51.780  INFO 7036 --- [  restartedMain] com.gitspringboot.ArticalMain            : Started ArticalMain in 7.828 seconds (JVM running for 4602.747)

2017-11-20 21:07:11.613  WARN 7036 --- [ost-startStop-2] c.g.filter.SessionIdLogFilter            : Destruindo o filtro de logging

2017-11-20 21:07:11.614  WARN 7036 --- [ost-startStop-2] c.g.filter.SessionIdLogFilter            : Destruindo o filtro de logging

2017-11-20 21:07:12.605  INFO 7036 --- [  restartedMain] com.gitspringboot.ArticalMain            : Starting ArticalMain on ashrafPC with PID 7036 (C:\Users\Administrator\git\gitspringboot\gitspringboot\target\classes started by Administrator in C:\Users\Administrator\git\gitspringboot\gitspringboot)

2017-11-20 21:07:12.606  INFO 7036 --- [  restartedMain] com.gitspringboot.ArticalMain            : The following profiles are active: dev

2017-11-20 21:07:15.841  INFO 7036 --- [ost-startStop-1] c.g.filter.SessionIdLogFilter            : Ashraf logging filter

2017-11-20 21:07:15.845  INFO 7036 --- [ost-startStop-1] c.g.filter.SessionIdLogFilter            : Ashraf logging filter

2017-11-20 21:07:19.814  INFO 7036 --- [  restartedMain] com.gitspringboot.ArticalMain            : Started ArticalMain in 7.406 seconds (JVM running for 4690.779)

2017-11-20 21:07:49.219  WARN 7036 --- [ost-startStop-2] c.g.filter.SessionIdLogFilter            : Destruindo o filtro de logging

2017-11-20 21:07:49.220  WARN 7036 --- [ost-startStop-2] c.g.filter.SessionIdLogFilter            : Destruindo o filtro de logging

2017-11-20 21:07:50.214  INFO 7036 --- [  restartedMain] com.gitspringboot.ArticalMain            : Starting ArticalMain on ashrafPC with PID 7036 (C:\Users\Administrator\git\gitspringboot\gitspringboot\target\classes started by Administrator in C:\Users\Administrator\git\gitspringboot\gitspringboot)

2017-11-20 21:07:50.215  INFO 7036 --- [  restartedMain] com.gitspringboot.ArticalMain            : The following profiles are active: dev

2017-11-20 21:07:53.551  INFO 7036 --- [ost-startStop-1] c.g.filter.SessionIdLogFilter            : Ashraf logging filter

2017-11-20 21:07:53.553  INFO 7036 --- [ost-startStop-1] c.g.filter.SessionIdLogFilter            : Ashraf logging filter

2017-11-20 21:07:57.025  INFO 7036 --- [  restartedMain] com.gitspringboot.ArticalMain            : Started ArticalMain in 7.109 seconds (JVM running for 4727.989)

2017-11-20 21:08:45.847  WARN 7036 --- [ost-startStop-2] c.g.filter.SessionIdLogFilter            : Destruindo o filtro de logging

2017-11-20 21:08:45.848  WARN 7036 --- [ost-startStop-2] c.g.filter.SessionIdLogFilter            : Destruindo o filtro de logging

2017-11-20 21:08:46.720  INFO 7036 --- [  restartedMain] com.gitspringboot.ArticalMain            : Starting ArticalMain on ashrafPC with PID 7036 (C:\Users\Administrator\git\gitspringboot\gitspringboot\target\classes started by Administrator in C:\Users\Administrator\git\gitspringboot\gitspringboot)

2017-11-20 21:08:46.721  INFO 7036 --- [  restartedMain] com.gitspringboot.ArticalMain            : The following profiles are active: dev

2017-11-20 21:08:50.168  INFO 7036 --- [ost-startStop-1] c.g.filter.SessionIdLogFilter            : Ashraf logging filter

2017-11-20 21:08:50.170  INFO 7036 --- [ost-startStop-1] c.g.filter.SessionIdLogFilter            : Ashraf logging filter

2017-11-20 21:08:53.377  INFO 7036 --- [  restartedMain] com.gitspringboot.ArticalMain            : Started ArticalMain in 6.735 seconds (JVM running for 4784.342)

2017-11-20 21:08:59.127  WARN 7036 --- [ost-startStop-1] c.g.filter.SessionIdLogFilter            : Destruindo o filtro de logging

2017-11-20 21:08:59.128  WARN 7036 --- [ost-startStop-1] c.g.filter.SessionIdLogFilter            : Destruindo o filtro de logging

2017-11-20 21:08:59.817  INFO 7036 --- [  restartedMain] com.gitspringboot.ArticalMain            : Starting ArticalMain on ashrafPC with PID 7036 (C:\Users\Administrator\git\gitspringboot\gitspringboot\target\classes started by Administrator in C:\Users\Administrator\git\gitspringboot\gitspringboot)

2017-11-20 21:08:59.818  INFO 7036 --- [  restartedMain] com.gitspringboot.ArticalMain            : The following profiles are active: dev

2017-11-20 21:09:02.614  INFO 7036 --- [ost-startStop-1] c.g.filter.SessionIdLogFilter            : Ashraf logging filter

2017-11-20 21:09:02.615  INFO 7036 --- [ost-startStop-1] c.g.filter.SessionIdLogFilter            : Ashraf logging filter

2017-11-20 21:09:05.693  INFO 7036 --- [  restartedMain] com.gitspringboot.ArticalMain            : Started ArticalMain in 5.97 seconds (JVM running for 4796.657)

2017-11-20 21:09:11.629  INFO 7036 --- [nio-8081-exec-1] c.g.filter.SessionIdLogFilter            : Hey MyFilter invoked man

2017-11-20 21:16:45.244  INFO 7288 --- [  restartedMain] com.gitspringboot.ArticalMain            : Starting ArticalMain on ashrafPC with PID 7288 (C:\Users\Administrator\git\gitspringboot\gitspringboot\target\classes started by Administrator in C:\Users\Administrator\git\gitspringboot\gitspringboot)

2017-11-20 21:16:45.245  INFO 7288 --- [  restartedMain] com.gitspringboot.ArticalMain            : The following profiles are active: dev

2017-11-20 21:16:58.521  INFO 7288 --- [ost-startStop-1] c.g.filter.SessionIdLogFilter            : Ashraf logging filter

2017-11-20 21:16:58.523  INFO 7288 --- [ost-startStop-1] c.g.filter.SessionIdLogFilter            : Ashraf logging filter

2017-11-20 21:17:11.026  INFO 6820 --- [  restartedMain] com.gitspringboot.ArticalMain            : Starting ArticalMain on ashrafPC with PID 6820 (C:\Users\Administrator\git\gitspringboot\gitspringboot\target\classes started by Administrator in C:\Users\Administrator\git\gitspringboot\gitspringboot)

2017-11-20 21:17:11.027  INFO 6820 --- [  restartedMain] com.gitspringboot.ArticalMain            : The following profiles are active: dev

2017-11-20 21:17:23.368  INFO 6820 --- [ost-startStop-1] c.g.filter.SessionIdLogFilter            : Ashraf logging filter

2017-11-20 21:17:23.377  INFO 6820 --- [ost-startStop-1] c.g.filter.SessionIdLogFilter            : Ashraf logging filter

2017-11-20 21:17:33.483  INFO 6820 --- [  restartedMain] com.gitspringboot.ArticalMain            : Started ArticalMain in 23.272 seconds (JVM running for 24.059)

2017-11-20 21:18:04.693  INFO 6820 --- [nio-8081-exec-1] c.g.filter.SessionIdLogFilter            : Hey MyFilter invoked man

2017-11-20 21:18:22.092  INFO 6820 --- [nio-8081-exec-3] c.g.filter.SessionIdLogFilter            : Hey MyFilter invoked man

2017-11-20 21:24:17.723  WARN 6820 --- [ost-startStop-2] c.g.filter.SessionIdLogFilter            : Destruindo o filtro de logging

2017-11-20 21:24:17.724  WARN 6820 --- [ost-startStop-2] c.g.filter.SessionIdLogFilter            : Destruindo o filtro de logging

2017-11-20 21:24:18.434  INFO 6820 --- [  restartedMain] com.gitspringboot.ArticalMain            : Starting ArticalMain on ashrafPC with PID 6820 (C:\Users\Administrator\git\gitspringboot\gitspringboot\target\classes started by Administrator in C:\Users\Administrator\git\gitspringboot\gitspringboot)

2017-11-20 21:24:18.435  INFO 6820 --- [  restartedMain] com.gitspringboot.ArticalMain            : The following profiles are active: dev

2017-11-20 21:24:21.863  INFO 6820 --- [ost-startStop-1] c.g.filter.SessionIdLogFilter            : Ashraf logging filter

2017-11-20 21:24:21.865  INFO 6820 --- [ost-startStop-1] c.g.filter.SessionIdLogFilter            : Ashraf logging filter

2017-11-20 21:24:26.293  INFO 6820 --- [  restartedMain] com.gitspringboot.ArticalMain            : Started ArticalMain in 7.969 seconds (JVM running for 436.864)

2017-11-20 21:26:32.742  WARN 6820 --- [ost-startStop-2] c.g.filter.SessionIdLogFilter            : Destruindo o filtro de logging

2017-11-20 21:26:32.743  WARN 6820 --- [ost-startStop-2] c.g.filter.SessionIdLogFilter            : Destruindo o filtro de logging

2017-11-20 21:26:33.383  INFO 6820 --- [  restartedMain] com.gitspringboot.ArticalMain            : Starting ArticalMain on ashrafPC with PID 6820 (C:\Users\Administrator\git\gitspringboot\gitspringboot\target\classes started by Administrator in C:\Users\Administrator\git\gitspringboot\gitspringboot)

2017-11-20 21:26:33.383  INFO 6820 --- [  restartedMain] com.gitspringboot.ArticalMain            : The following profiles are active: dev

2017-11-20 21:26:36.541  INFO 6820 --- [ost-startStop-1] c.g.filter.SessionIdLogFilter            : Ashraf logging filter

2017-11-20 21:26:36.543  INFO 6820 --- [ost-startStop-1] c.g.filter.SessionIdLogFilter            : Ashraf logging filter

2017-11-20 21:26:40.387  INFO 6820 --- [  restartedMain] com.gitspringboot.ArticalMain            : Started ArticalMain in 7.113 seconds (JVM running for 570.956)

2017-11-20 21:26:47.862  INFO 6820 --- [nio-8081-exec-1] c.g.filter.SessionIdLogFilter            : Hey MyFilter invoked man

