2017-12-10 00:32:58.002  INFO 1948 --- [           main] com.gitspringboot.ArticalMain            : Starting ArticalMain v0.0.1-SNAPSHOT on ashrafPC with PID 1948 (C:\Program Files\Apache Software Foundation\Tomcat 8.5\webapps\gitspringboot-0.0.1-SNAPSHOT.war started by Administrator in C:\Program Files\Apache Software Foundation\Tomcat 8.5\webapps)

2017-12-10 00:32:58.044  INFO 1948 --- [           main] com.gitspringboot.ArticalMain            : The following profiles are active: dev

2017-12-10 00:33:16.811  INFO 1948 --- [ost-startStop-1] c.g.filter.SessionIdLogFilter            : Ashraf logging filter

2017-12-10 00:33:16.815  INFO 1948 --- [ost-startStop-1] c.g.filter.SessionIdLogFilter            : Ashraf logging filter

2017-12-10 00:34:41.220  INFO 1948 --- [           main] com.gitspringboot.ArticalMain            : Started ArticalMain in 104.251 seconds (JVM running for 105.268)

2017-12-10 00:35:09.351  INFO 1948 --- [nio-9090-exec-6] c.g.filter.SessionIdLogFilter            : Hey MyFilter invoked man

2017-12-10 00:35:19.493  INFO 1948 --- [nio-9090-exec-4] c.g.filter.SessionIdLogFilter            : Hey MyFilter invoked man

2017-12-10 00:35:19.589  INFO 1948 --- [nio-9090-exec-4] c.g.filter.SessionIdLogFilter            : Hey MyFilter invoked man
D17B50D50C16B2F12C82E33240C6CF48
2017-12-10 00:35:22.989  INFO 1948 --- [nio-9090-exec-5] c.g.filter.SessionIdLogFilter            : Hey MyFilter invoked man

2017-12-10 00:35:23.061  INFO 1948 --- [nio-9090-exec-6] c.g.filter.SessionIdLogFilter            : Hey MyFilter invoked man
2E936AB7F42BA9420777A1F61A167468
2017-12-10 00:35:23.067  INFO 1948 --- [nio-9090-exec-7] c.g.filter.SessionIdLogFilter            : Hey MyFilter invoked man

2017-12-10 00:35:23.070  INFO 1948 --- [nio-9090-exec-8] c.g.filter.SessionIdLogFilter            : Hey MyFilter invoked man

2017-12-10 00:35:23.086  INFO 1948 --- [nio-9090-exec-1] c.g.filter.SessionIdLogFilter            : Hey MyFilter invoked man

2017-12-10 00:35:23.088  INFO 1948 --- [io-9090-exec-10] c.g.filter.SessionIdLogFilter            : Hey MyFilter invoked man

2017-12-10 00:35:23.089  INFO 1948 --- [nio-9090-exec-9] c.g.filter.SessionIdLogFilter            : Hey MyFilter invoked man

2017-12-10 00:35:23.099  INFO 1948 --- [nio-9090-exec-6] c.g.filter.SessionIdLogFilter            : Hey MyFilter invoked man
D17B50D50C16B2F12C82E33240C6CF48
2017-12-10 00:35:23.107  INFO 1948 --- [nio-9090-exec-3] c.g.filter.SessionIdLogFilter            : Hey MyFilter invoked man

2017-12-10 00:35:23.814  INFO 1948 --- [nio-9090-exec-4] c.g.filter.SessionIdLogFilter            : Hey MyFilter invoked man
D17B50D50C16B2F12C82E33240C6CF48
2017-12-10 00:36:37.777  WARN 1948 --- [ost-startStop-2] c.g.filter.SessionIdLogFilter            : Destruindo o filtro de logging

2017-12-10 00:36:37.780  WARN 1948 --- [ost-startStop-2] c.g.filter.SessionIdLogFilter            : Destruindo o filtro de logging

2017-12-10 00:38:39.295  INFO 5496 --- [  restartedMain] com.gitspringboot.ArticalMain            : Starting ArticalMain on ashrafPC with PID 5496 (C:\Users\Administrator\git\gitspringboot\gitspringboot\target\classes started by Administrator in C:\Users\Administrator\git\gitspringboot\gitspringboot)

2017-12-10 00:38:39.296  INFO 5496 --- [  restartedMain] com.gitspringboot.ArticalMain            : The following profiles are active: dev

2017-12-10 00:38:51.470  INFO 5496 --- [ost-startStop-1] c.g.filter.SessionIdLogFilter            : Ashraf logging filter

2017-12-10 00:38:51.470  INFO 5496 --- [ost-startStop-1] c.g.filter.SessionIdLogFilter            : Ashraf logging filter

2017-12-10 00:39:51.171  INFO 5496 --- [nio-8081-exec-5] c.g.filter.SessionIdLogFilter            : Hey MyFilter invoked man

2017-12-10 00:39:51.300  INFO 5496 --- [nio-8081-exec-5] c.g.filter.SessionIdLogFilter            : Hey MyFilter invoked man
37B7EDB519923A611ABC7F58516F146D
2017-12-10 00:39:52.881  INFO 5496 --- [nio-8081-exec-6] c.g.filter.SessionIdLogFilter            : Hey MyFilter invoked man

2017-12-10 00:39:52.994  INFO 5496 --- [nio-8081-exec-7] c.g.filter.SessionIdLogFilter            : Hey MyFilter invoked man

2017-12-10 00:39:53.016  INFO 5496 --- [nio-8081-exec-8] c.g.filter.SessionIdLogFilter            : Hey MyFilter invoked man

2017-12-10 00:39:53.019  INFO 5496 --- [nio-8081-exec-1] c.g.filter.SessionIdLogFilter            : Hey MyFilter invoked man

2017-12-10 00:39:53.021  INFO 5496 --- [nio-8081-exec-7] c.g.filter.SessionIdLogFilter            : Hey MyFilter invoked man
37B7EDB519923A611ABC7F58516F146D
2017-12-10 00:39:53.036  INFO 5496 --- [nio-8081-exec-2] c.g.filter.SessionIdLogFilter            : Hey MyFilter invoked man

2017-12-10 00:39:53.052  INFO 5496 --- [io-8081-exec-10] c.g.filter.SessionIdLogFilter            : Hey MyFilter invoked man

2017-12-10 00:39:53.052  INFO 5496 --- [nio-8081-exec-9] c.g.filter.SessionIdLogFilter            : Hey MyFilter invoked man

2017-12-10 00:39:53.066  INFO 5496 --- [nio-8081-exec-3] c.g.filter.SessionIdLogFilter            : Hey MyFilter invoked man

2017-12-10 00:39:53.472  INFO 5496 --- [nio-8081-exec-4] c.g.filter.SessionIdLogFilter            : Hey MyFilter invoked man

2017-12-10 00:39:53.666  INFO 5496 --- [nio-8081-exec-5] c.g.filter.SessionIdLogFilter            : Hey MyFilter invoked man
37B7EDB519923A611ABC7F58516F146D
2017-12-10 00:39:53.666  INFO 5496 --- [nio-8081-exec-6] c.g.filter.SessionIdLogFilter            : Hey MyFilter invoked man
37B7EDB519923A611ABC7F58516F146D
2017-12-10 00:40:08.260  INFO 5496 --- [  restartedMain] com.gitspringboot.ArticalMain            : Started ArticalMain in 89.709 seconds (JVM running for 90.464)

2017-12-10 20:48:56.636  INFO 5252 --- [  restartedMain] com.gitspringboot.ArticalMain            : Starting ArticalMain on ashrafPC with PID 5252 (C:\Users\Administrator\git\gitspringboot\gitspringboot\target\classes started by Administrator in C:\Users\Administrator\git\gitspringboot\gitspringboot)

2017-12-10 20:48:56.637  INFO 5252 --- [  restartedMain] com.gitspringboot.ArticalMain            : The following profiles are active: dev

2017-12-10 20:49:11.133  INFO 5252 --- [ost-startStop-1] c.g.filter.SessionIdLogFilter            : Ashraf logging filter

2017-12-10 20:49:11.136  INFO 5252 --- [ost-startStop-1] c.g.filter.SessionIdLogFilter            : Ashraf logging filter

2017-12-10 20:49:21.651  WARN 5252 --- [ost-startStop-2] c.g.filter.SessionIdLogFilter            : Destruindo o filtro de logging

2017-12-10 20:49:21.651  WARN 5252 --- [ost-startStop-2] c.g.filter.SessionIdLogFilter            : Destruindo o filtro de logging

2017-12-10 21:05:41.262  INFO 7136 --- [  restartedMain] com.gitspringboot.ArticalMain            : Starting ArticalMain on ashrafPC with PID 7136 (C:\Users\Administrator\git\gitspringboot\gitspringboot\target\classes started by Administrator in C:\Users\Administrator\git\gitspringboot\gitspringboot)

2017-12-10 21:05:41.262  INFO 7136 --- [  restartedMain] com.gitspringboot.ArticalMain            : The following profiles are active: dev

2017-12-10 21:05:56.268  INFO 7136 --- [ost-startStop-1] c.g.filter.SessionIdLogFilter            : Ashraf logging filter

2017-12-10 21:05:56.268  INFO 7136 --- [ost-startStop-1] c.g.filter.SessionIdLogFilter            : Ashraf logging filter

2017-12-10 21:06:36.325  INFO 7136 --- [nio-8081-exec-5] c.g.filter.SessionIdLogFilter            : Hey MyFilter invoked man

2017-12-10 21:06:36.478  INFO 7136 --- [nio-8081-exec-5] c.g.filter.SessionIdLogFilter            : Hey MyFilter invoked man
91905610FB3F9A92661F79D92C1D7F72
2017-12-10 21:06:38.465  INFO 7136 --- [nio-8081-exec-6] c.g.filter.SessionIdLogFilter            : Hey MyFilter invoked man

2017-12-10 21:06:38.465  INFO 7136 --- [nio-8081-exec-7] c.g.filter.SessionIdLogFilter            : Hey MyFilter invoked man

2017-12-10 21:06:38.481  INFO 7136 --- [nio-8081-exec-8] c.g.filter.SessionIdLogFilter            : Hey MyFilter invoked man

2017-12-10 21:06:38.507  INFO 7136 --- [io-8081-exec-10] c.g.filter.SessionIdLogFilter            : Hey MyFilter invoked man

2017-12-10 21:06:38.534  INFO 7136 --- [nio-8081-exec-9] c.g.filter.SessionIdLogFilter            : Hey MyFilter invoked man

2017-12-10 21:06:38.546  INFO 7136 --- [nio-8081-exec-1] c.g.filter.SessionIdLogFilter            : Hey MyFilter invoked man

2017-12-10 21:06:38.605  INFO 7136 --- [nio-8081-exec-2] c.g.filter.SessionIdLogFilter            : Hey MyFilter invoked man

2017-12-10 21:06:38.632  INFO 7136 --- [nio-8081-exec-3] c.g.filter.SessionIdLogFilter            : Hey MyFilter invoked man

2017-12-10 21:06:38.691  INFO 7136 --- [nio-8081-exec-4] c.g.filter.SessionIdLogFilter            : Hey MyFilter invoked man

2017-12-10 21:06:39.140  INFO 7136 --- [nio-8081-exec-5] c.g.filter.SessionIdLogFilter            : Hey MyFilter invoked man
91905610FB3F9A92661F79D92C1D7F72
2017-12-10 21:06:39.316  INFO 7136 --- [nio-8081-exec-9] c.g.filter.SessionIdLogFilter            : Hey MyFilter invoked man
91905610FB3F9A92661F79D92C1D7F72
2017-12-10 21:06:39.320  INFO 7136 --- [io-8081-exec-10] c.g.filter.SessionIdLogFilter            : Hey MyFilter invoked man
91905610FB3F9A92661F79D92C1D7F72
2017-12-10 21:07:16.355  INFO 7136 --- [  restartedMain] com.gitspringboot.ArticalMain            : Started ArticalMain in 96.133 seconds (JVM running for 97.541)

2017-12-10 22:07:59.734  INFO 7448 --- [  restartedMain] com.gitspringboot.ArticalMain            : Starting ArticalMain on ashrafPC with PID 7448 (C:\Users\Administrator\git\gitspringboot\gitspringboot\target\classes started by Administrator in C:\Users\Administrator\git\gitspringboot\gitspringboot)

2017-12-10 22:07:59.761  INFO 7448 --- [  restartedMain] com.gitspringboot.ArticalMain            : The following profiles are active: dev

2017-12-10 22:08:30.572  INFO 7448 --- [ost-startStop-1] c.g.filter.SessionIdLogFilter            : Ashraf logging filter

2017-12-10 22:08:30.575  INFO 7448 --- [ost-startStop-1] c.g.filter.SessionIdLogFilter            : Ashraf logging filter

2017-12-10 22:09:49.998  INFO 7448 --- [  restartedMain] com.gitspringboot.ArticalMain            : Started ArticalMain in 112.66 seconds (JVM running for 115.329)

2017-12-10 22:09:54.675  INFO 7448 --- [nio-8081-exec-1] c.g.filter.SessionIdLogFilter            : Hey MyFilter invoked man

2017-12-10 22:10:05.953  INFO 7448 --- [nio-8081-exec-8] c.g.filter.SessionIdLogFilter            : Hey MyFilter invoked man

2017-12-10 22:10:06.043  INFO 7448 --- [nio-8081-exec-8] c.g.filter.SessionIdLogFilter            : Hey MyFilter invoked man
328AD25073125537A250047E189FC64A
2017-12-10 22:10:08.403  INFO 7448 --- [nio-8081-exec-1] c.g.filter.SessionIdLogFilter            : Hey MyFilter invoked man
24918E20CBA4AF63D70138E47D916DDB
2017-12-10 22:10:08.458  INFO 7448 --- [nio-8081-exec-4] c.g.filter.SessionIdLogFilter            : Hey MyFilter invoked man

2017-12-10 22:10:08.483  INFO 7448 --- [nio-8081-exec-2] c.g.filter.SessionIdLogFilter            : Hey MyFilter invoked man

2017-12-10 22:10:08.519  INFO 7448 --- [nio-8081-exec-6] c.g.filter.SessionIdLogFilter            : Hey MyFilter invoked man

2017-12-10 22:10:08.531  INFO 7448 --- [nio-8081-exec-5] c.g.filter.SessionIdLogFilter            : Hey MyFilter invoked man

2017-12-10 22:10:08.533  INFO 7448 --- [nio-8081-exec-3] c.g.filter.SessionIdLogFilter            : Hey MyFilter invoked man

2017-12-10 22:10:08.570  INFO 7448 --- [nio-8081-exec-7] c.g.filter.SessionIdLogFilter            : Hey MyFilter invoked man

2017-12-10 22:10:08.579  INFO 7448 --- [nio-8081-exec-5] c.g.filter.SessionIdLogFilter            : Hey MyFilter invoked man
328AD25073125537A250047E189FC64A
2017-12-10 22:10:08.588  INFO 7448 --- [nio-8081-exec-9] c.g.filter.SessionIdLogFilter            : Hey MyFilter invoked man

2017-12-10 22:10:09.066  INFO 7448 --- [nio-8081-exec-8] c.g.filter.SessionIdLogFilter            : Hey MyFilter invoked man
328AD25073125537A250047E189FC64A
2017-12-10 22:10:09.284  INFO 7448 --- [nio-8081-exec-4] c.g.filter.SessionIdLogFilter            : Hey MyFilter invoked man
328AD25073125537A250047E189FC64A
2017-12-10 22:10:09.285  INFO 7448 --- [nio-8081-exec-6] c.g.filter.SessionIdLogFilter            : Hey MyFilter invoked man
328AD25073125537A250047E189FC64A
2017-12-10 22:11:11.929  INFO 7448 --- [nio-8081-exec-3] c.g.filter.SessionIdLogFilter            : Hey MyFilter invoked man
328AD25073125537A250047E189FC64A
2017-12-10 22:11:11.957  INFO 7448 --- [nio-8081-exec-3] c.g.filter.SessionIdLogFilter            : Hey MyFilter invoked man
328AD25073125537A250047E189FC64A
2017-12-10 22:11:12.029  INFO 7448 --- [nio-8081-exec-8] c.g.filter.SessionIdLogFilter            : Hey MyFilter invoked man
328AD25073125537A250047E189FC64A
2017-12-10 22:11:12.054  INFO 7448 --- [nio-8081-exec-6] c.g.filter.SessionIdLogFilter            : Hey MyFilter invoked man
328AD25073125537A250047E189FC64A
2017-12-10 22:11:12.083  INFO 7448 --- [nio-8081-exec-8] c.g.filter.SessionIdLogFilter            : Hey MyFilter invoked man
328AD25073125537A250047E189FC64A
2017-12-10 22:11:12.108  INFO 7448 --- [nio-8081-exec-6] c.g.filter.SessionIdLogFilter            : Hey MyFilter invoked man
328AD25073125537A250047E189FC64A
2017-12-10 22:11:12.142  INFO 7448 --- [nio-8081-exec-6] c.g.filter.SessionIdLogFilter            : Hey MyFilter invoked man
328AD25073125537A250047E189FC64A
2017-12-10 22:11:12.160  INFO 7448 --- [nio-8081-exec-8] c.g.filter.SessionIdLogFilter            : Hey MyFilter invoked man
328AD25073125537A250047E189FC64A
2017-12-10 22:11:12.174  INFO 7448 --- [nio-8081-exec-8] c.g.filter.SessionIdLogFilter            : Hey MyFilter invoked man
328AD25073125537A250047E189FC64A
2017-12-10 22:11:12.188  INFO 7448 --- [nio-8081-exec-4] c.g.filter.SessionIdLogFilter            : Hey MyFilter invoked man
328AD25073125537A250047E189FC64A
2017-12-10 22:11:12.200  INFO 7448 --- [nio-8081-exec-7] c.g.filter.SessionIdLogFilter            : Hey MyFilter invoked man
328AD25073125537A250047E189FC64A
2017-12-10 22:11:12.528  INFO 7448 --- [nio-8081-exec-9] c.g.filter.SessionIdLogFilter            : Hey MyFilter invoked man
328AD25073125537A250047E189FC64A
2017-12-10 22:11:12.655  INFO 7448 --- [nio-8081-exec-3] c.g.filter.SessionIdLogFilter            : Hey MyFilter invoked man
328AD25073125537A250047E189FC64A
2017-12-10 22:11:12.662  INFO 7448 --- [nio-8081-exec-1] c.g.filter.SessionIdLogFilter            : Hey MyFilter invoked man
328AD25073125537A250047E189FC64A
2017-12-10 22:11:21.507  INFO 7448 --- [nio-8081-exec-6] c.g.filter.SessionIdLogFilter            : Hey MyFilter invoked man
328AD25073125537A250047E189FC64A
2017-12-10 22:11:21.510  INFO 7448 --- [nio-8081-exec-9] c.g.filter.SessionIdLogFilter            : Hey MyFilter invoked man
328AD25073125537A250047E189FC64A
