2017-11-26 18:57:14.573  INFO 6640 --- [  restartedMain] com.gitspringboot.ArticalMain            : Starting ArticalMain on ashrafPC with PID 6640 (C:\Users\Administrator\git\gitspringboot\gitspringboot\target\classes started by Administrator in C:\Users\Administrator\git\gitspringboot\gitspringboot)

2017-11-26 18:57:14.860  INFO 6640 --- [  restartedMain] com.gitspringboot.ArticalMain            : The following profiles are active: dev

2017-11-26 18:57:34.496  INFO 6640 --- [ost-startStop-1] c.g.filter.SessionIdLogFilter            : Ashraf logging filter

2017-11-26 18:57:34.498  INFO 6640 --- [ost-startStop-1] c.g.filter.SessionIdLogFilter            : Ashraf logging filter

2017-11-26 18:57:47.775  INFO 6640 --- [  restartedMain] com.gitspringboot.ArticalMain            : Started ArticalMain in 35.365 seconds (JVM running for 36.969)

2017-11-26 19:06:29.805  INFO 6640 --- [nio-8081-exec-1] c.g.filter.SessionIdLogFilter            : Hey MyFilter invoked man

2017-11-26 19:06:39.405  INFO 6640 --- [nio-8081-exec-4] c.g.filter.SessionIdLogFilter            : Hey MyFilter invoked man

2017-11-26 19:06:39.529  INFO 6640 --- [nio-8081-exec-4] c.g.filter.SessionIdLogFilter            : Hey MyFilter invoked man
D28A8AF4EEBAB5E6A3D99951FB6AA8F2
2017-11-26 19:06:43.190  INFO 6640 --- [nio-8081-exec-5] c.g.filter.SessionIdLogFilter            : Hey MyFilter invoked man

2017-11-26 19:06:43.580  INFO 6640 --- [nio-8081-exec-9] c.g.filter.SessionIdLogFilter            : Hey MyFilter invoked man

2017-11-26 19:06:43.582  INFO 6640 --- [nio-8081-exec-7] c.g.filter.SessionIdLogFilter            : Hey MyFilter invoked man

2017-11-26 19:06:43.582  INFO 6640 --- [io-8081-exec-10] c.g.filter.SessionIdLogFilter            : Hey MyFilter invoked man

2017-11-26 19:06:43.585  INFO 6640 --- [nio-8081-exec-6] c.g.filter.SessionIdLogFilter            : Hey MyFilter invoked man

2017-11-26 19:06:43.601  INFO 6640 --- [nio-8081-exec-8] c.g.filter.SessionIdLogFilter            : Hey MyFilter invoked man

2017-11-26 19:06:43.644  INFO 6640 --- [nio-8081-exec-6] c.g.filter.SessionIdLogFilter            : Hey MyFilter invoked man
D28A8AF4EEBAB5E6A3D99951FB6AA8F2
2017-11-26 19:06:43.664  INFO 6640 --- [nio-8081-exec-1] c.g.filter.SessionIdLogFilter            : Hey MyFilter invoked man
4813ED72F2F9D18567BFCC287D500227
2017-11-26 19:06:45.966  INFO 6640 --- [nio-8081-exec-3] c.g.filter.SessionIdLogFilter            : Hey MyFilter invoked man

2017-11-26 19:07:21.996  INFO 6640 --- [nio-8081-exec-4] c.g.filter.SessionIdLogFilter            : Hey MyFilter invoked man
D28A8AF4EEBAB5E6A3D99951FB6AA8F2
2017-11-26 19:07:22.369  INFO 6640 --- [nio-8081-exec-5] c.g.filter.SessionIdLogFilter            : Hey MyFilter invoked man
D28A8AF4EEBAB5E6A3D99951FB6AA8F2
2017-11-26 19:07:51.006  INFO 6640 --- [nio-8081-exec-1] c.g.filter.SessionIdLogFilter            : Hey MyFilter invoked man
D28A8AF4EEBAB5E6A3D99951FB6AA8F2
2017-11-26 19:10:56.280  INFO 6640 --- [nio-8081-exec-3] c.g.filter.SessionIdLogFilter            : Hey MyFilter invoked man
D28A8AF4EEBAB5E6A3D99951FB6AA8F2
2017-11-26 19:10:56.299  INFO 6640 --- [nio-8081-exec-3] c.g.filter.SessionIdLogFilter            : Hey MyFilter invoked man
D28A8AF4EEBAB5E6A3D99951FB6AA8F2
2017-11-26 19:10:56.359  INFO 6640 --- [nio-8081-exec-4] c.g.filter.SessionIdLogFilter            : Hey MyFilter invoked man
D28A8AF4EEBAB5E6A3D99951FB6AA8F2
2017-11-26 19:10:56.373  INFO 6640 --- [nio-8081-exec-5] c.g.filter.SessionIdLogFilter            : Hey MyFilter invoked man
D28A8AF4EEBAB5E6A3D99951FB6AA8F2
2017-11-26 19:10:56.374  INFO 6640 --- [nio-8081-exec-7] c.g.filter.SessionIdLogFilter            : Hey MyFilter invoked man
D28A8AF4EEBAB5E6A3D99951FB6AA8F2
2017-11-26 19:10:56.391  INFO 6640 --- [nio-8081-exec-2] c.g.filter.SessionIdLogFilter            : Hey MyFilter invoked man

2017-11-26 19:10:56.391  INFO 6640 --- [nio-8081-exec-9] c.g.filter.SessionIdLogFilter            : Hey MyFilter invoked man
D28A8AF4EEBAB5E6A3D99951FB6AA8F2
2017-11-26 19:10:56.395  INFO 6640 --- [nio-8081-exec-5] c.g.filter.SessionIdLogFilter            : Hey MyFilter invoked man
D28A8AF4EEBAB5E6A3D99951FB6AA8F2
2017-11-26 19:10:56.414  INFO 6640 --- [nio-8081-exec-6] c.g.filter.SessionIdLogFilter            : Hey MyFilter invoked man
D28A8AF4EEBAB5E6A3D99951FB6AA8F2
2017-11-26 19:10:56.543  INFO 6640 --- [nio-8081-exec-5] c.g.filter.SessionIdLogFilter            : Hey MyFilter invoked man
D28A8AF4EEBAB5E6A3D99951FB6AA8F2
2017-11-26 19:10:58.155  INFO 6640 --- [nio-8081-exec-1] c.g.filter.SessionIdLogFilter            : Hey MyFilter invoked man
D28A8AF4EEBAB5E6A3D99951FB6AA8F2
2017-11-26 19:11:05.748  INFO 6640 --- [nio-8081-exec-8] c.g.filter.SessionIdLogFilter            : Hey MyFilter invoked man
D28A8AF4EEBAB5E6A3D99951FB6AA8F2
2017-11-26 19:11:05.862  INFO 6640 --- [nio-8081-exec-3] c.g.filter.SessionIdLogFilter            : Hey MyFilter invoked man
D28A8AF4EEBAB5E6A3D99951FB6AA8F2
2017-11-26 19:11:05.977  INFO 6640 --- [nio-8081-exec-7] c.g.filter.SessionIdLogFilter            : Hey MyFilter invoked man
D28A8AF4EEBAB5E6A3D99951FB6AA8F2
2017-11-26 19:12:29.938  INFO 5508 --- [  restartedMain] com.gitspringboot.ArticalMain            : Starting ArticalMain on ashrafPC with PID 5508 (C:\Users\Administrator\git\gitspringboot\gitspringboot\target\classes started by Administrator in C:\Users\Administrator\git\gitspringboot\gitspringboot)

2017-11-26 19:12:29.939  INFO 5508 --- [  restartedMain] com.gitspringboot.ArticalMain            : The following profiles are active: dev

2017-11-26 19:12:43.792  INFO 5508 --- [ost-startStop-1] c.g.filter.SessionIdLogFilter            : Ashraf logging filter

2017-11-26 19:12:43.795  INFO 5508 --- [ost-startStop-1] c.g.filter.SessionIdLogFilter            : Ashraf logging filter

2017-11-26 19:12:55.619  INFO 5508 --- [  restartedMain] com.gitspringboot.ArticalMain            : Started ArticalMain in 26.598 seconds (JVM running for 27.423)

2017-11-26 19:12:59.720  INFO 5508 --- [nio-8081-exec-3] c.g.filter.SessionIdLogFilter            : Hey MyFilter invoked man

2017-11-26 19:12:59.875  INFO 5508 --- [nio-8081-exec-3] c.g.filter.SessionIdLogFilter            : Hey MyFilter invoked man
5A3B5388EADEFDEB9B3258E5C65F8E13
2017-11-26 19:13:01.666  INFO 5508 --- [nio-8081-exec-7] c.g.filter.SessionIdLogFilter            : Hey MyFilter invoked man

2017-11-26 19:13:01.704  INFO 5508 --- [nio-8081-exec-4] c.g.filter.SessionIdLogFilter            : Hey MyFilter invoked man

2017-11-26 19:13:01.722  INFO 5508 --- [nio-8081-exec-6] c.g.filter.SessionIdLogFilter            : Hey MyFilter invoked man

2017-11-26 19:13:01.732  INFO 5508 --- [nio-8081-exec-8] c.g.filter.SessionIdLogFilter            : Hey MyFilter invoked man

2017-11-26 19:13:01.758  INFO 5508 --- [nio-8081-exec-7] c.g.filter.SessionIdLogFilter            : Hey MyFilter invoked man
5A3B5388EADEFDEB9B3258E5C65F8E13
2017-11-26 19:13:01.800  INFO 5508 --- [nio-8081-exec-4] c.g.filter.SessionIdLogFilter            : Hey MyFilter invoked man
5A3B5388EADEFDEB9B3258E5C65F8E13
2017-11-26 19:13:01.802  INFO 5508 --- [nio-8081-exec-9] c.g.filter.SessionIdLogFilter            : Hey MyFilter invoked man

2017-11-26 19:13:01.804  INFO 5508 --- [nio-8081-exec-5] c.g.filter.SessionIdLogFilter            : Hey MyFilter invoked man

2017-11-26 19:13:02.625  INFO 5508 --- [io-8081-exec-10] c.g.filter.SessionIdLogFilter            : Hey MyFilter invoked man

2017-11-26 19:13:14.038  INFO 5508 --- [nio-8081-exec-1] c.g.filter.SessionIdLogFilter            : Hey MyFilter invoked man

2017-11-26 19:13:14.353  INFO 5508 --- [nio-8081-exec-2] c.g.filter.SessionIdLogFilter            : Hey MyFilter invoked man

2017-11-26 19:17:28.402  INFO 5508 --- [nio-8081-exec-6] c.g.filter.SessionIdLogFilter            : Hey MyFilter invoked man
5A3B5388EADEFDEB9B3258E5C65F8E13
2017-11-26 19:17:28.434  INFO 5508 --- [nio-8081-exec-6] c.g.filter.SessionIdLogFilter            : Hey MyFilter invoked man
5A3B5388EADEFDEB9B3258E5C65F8E13
2017-11-26 19:17:28.874  INFO 5508 --- [io-8081-exec-10] c.g.filter.SessionIdLogFilter            : Hey MyFilter invoked man
5A3B5388EADEFDEB9B3258E5C65F8E13
2017-11-26 19:17:28.898  INFO 5508 --- [nio-8081-exec-1] c.g.filter.SessionIdLogFilter            : Hey MyFilter invoked man
5A3B5388EADEFDEB9B3258E5C65F8E13
2017-11-26 19:17:28.915  INFO 5508 --- [nio-8081-exec-2] c.g.filter.SessionIdLogFilter            : Hey MyFilter invoked man
5A3B5388EADEFDEB9B3258E5C65F8E13
2017-11-26 19:17:28.927  INFO 5508 --- [nio-8081-exec-8] c.g.filter.SessionIdLogFilter            : Hey MyFilter invoked man
5A3B5388EADEFDEB9B3258E5C65F8E13
2017-11-26 19:17:28.936  INFO 5508 --- [nio-8081-exec-3] c.g.filter.SessionIdLogFilter            : Hey MyFilter invoked man
5A3B5388EADEFDEB9B3258E5C65F8E13
2017-11-26 19:17:28.960  INFO 5508 --- [nio-8081-exec-7] c.g.filter.SessionIdLogFilter            : Hey MyFilter invoked man
5A3B5388EADEFDEB9B3258E5C65F8E13
2017-11-26 19:17:28.987  INFO 5508 --- [nio-8081-exec-4] c.g.filter.SessionIdLogFilter            : Hey MyFilter invoked man
5A3B5388EADEFDEB9B3258E5C65F8E13
2017-11-26 19:17:29.016  INFO 5508 --- [nio-8081-exec-9] c.g.filter.SessionIdLogFilter            : Hey MyFilter invoked man
5A3B5388EADEFDEB9B3258E5C65F8E13
2017-11-26 19:17:29.733  INFO 5508 --- [nio-8081-exec-5] c.g.filter.SessionIdLogFilter            : Hey MyFilter invoked man
5A3B5388EADEFDEB9B3258E5C65F8E13
2017-11-26 19:17:51.801  INFO 5508 --- [nio-8081-exec-6] c.g.filter.SessionIdLogFilter            : Hey MyFilter invoked man
5A3B5388EADEFDEB9B3258E5C65F8E13
2017-11-26 19:17:51.807  INFO 5508 --- [nio-8081-exec-6] c.g.filter.SessionIdLogFilter            : Hey MyFilter invoked man
5A3B5388EADEFDEB9B3258E5C65F8E13
2017-11-26 19:17:52.169  INFO 5508 --- [nio-8081-exec-2] c.g.filter.SessionIdLogFilter            : Hey MyFilter invoked man
5A3B5388EADEFDEB9B3258E5C65F8E13
2017-11-26 19:17:52.181  INFO 5508 --- [io-8081-exec-10] c.g.filter.SessionIdLogFilter            : Hey MyFilter invoked man
5A3B5388EADEFDEB9B3258E5C65F8E13
2017-11-26 19:17:52.202  INFO 5508 --- [nio-8081-exec-8] c.g.filter.SessionIdLogFilter            : Hey MyFilter invoked man
5A3B5388EADEFDEB9B3258E5C65F8E13
2017-11-26 19:17:52.210  INFO 5508 --- [nio-8081-exec-7] c.g.filter.SessionIdLogFilter            : Hey MyFilter invoked man
5A3B5388EADEFDEB9B3258E5C65F8E13
2017-11-26 19:17:52.220  INFO 5508 --- [nio-8081-exec-8] c.g.filter.SessionIdLogFilter            : Hey MyFilter invoked man
5A3B5388EADEFDEB9B3258E5C65F8E13
2017-11-26 19:17:52.240  INFO 5508 --- [nio-8081-exec-8] c.g.filter.SessionIdLogFilter            : Hey MyFilter invoked man
5A3B5388EADEFDEB9B3258E5C65F8E13
2017-11-26 19:17:52.255  INFO 5508 --- [nio-8081-exec-4] c.g.filter.SessionIdLogFilter            : Hey MyFilter invoked man
5A3B5388EADEFDEB9B3258E5C65F8E13
2017-11-26 19:17:52.267  INFO 5508 --- [io-8081-exec-10] c.g.filter.SessionIdLogFilter            : Hey MyFilter invoked man
5A3B5388EADEFDEB9B3258E5C65F8E13
2017-11-26 19:17:52.971  INFO 5508 --- [nio-8081-exec-3] c.g.filter.SessionIdLogFilter            : Hey MyFilter invoked man
5A3B5388EADEFDEB9B3258E5C65F8E13
2017-11-26 19:23:15.017  INFO 5508 --- [nio-8081-exec-8] c.g.filter.SessionIdLogFilter            : Hey MyFilter invoked man
5A3B5388EADEFDEB9B3258E5C65F8E13
2017-11-26 19:23:15.023  INFO 5508 --- [nio-8081-exec-8] c.g.filter.SessionIdLogFilter            : Hey MyFilter invoked man
5A3B5388EADEFDEB9B3258E5C65F8E13
2017-11-26 19:23:15.464  INFO 5508 --- [io-8081-exec-10] c.g.filter.SessionIdLogFilter            : Hey MyFilter invoked man
5A3B5388EADEFDEB9B3258E5C65F8E13
2017-11-26 19:23:15.465  INFO 5508 --- [nio-8081-exec-7] c.g.filter.SessionIdLogFilter            : Hey MyFilter invoked man
5A3B5388EADEFDEB9B3258E5C65F8E13
2017-11-26 19:23:15.475  INFO 5508 --- [nio-8081-exec-3] c.g.filter.SessionIdLogFilter            : Hey MyFilter invoked man
5A3B5388EADEFDEB9B3258E5C65F8E13
2017-11-26 19:23:15.477  INFO 5508 --- [nio-8081-exec-5] c.g.filter.SessionIdLogFilter            : Hey MyFilter invoked man
5A3B5388EADEFDEB9B3258E5C65F8E13
2017-11-26 19:23:15.521  INFO 5508 --- [nio-8081-exec-7] c.g.filter.SessionIdLogFilter            : Hey MyFilter invoked man
5A3B5388EADEFDEB9B3258E5C65F8E13
2017-11-26 19:23:15.532  INFO 5508 --- [nio-8081-exec-7] c.g.filter.SessionIdLogFilter            : Hey MyFilter invoked man
5A3B5388EADEFDEB9B3258E5C65F8E13
2017-11-26 19:23:15.546  INFO 5508 --- [nio-8081-exec-7] c.g.filter.SessionIdLogFilter            : Hey MyFilter invoked man
5A3B5388EADEFDEB9B3258E5C65F8E13
2017-11-26 19:23:15.587  INFO 5508 --- [io-8081-exec-10] c.g.filter.SessionIdLogFilter            : Hey MyFilter invoked man
5A3B5388EADEFDEB9B3258E5C65F8E13
2017-11-26 19:23:16.045  INFO 5508 --- [nio-8081-exec-1] c.g.filter.SessionIdLogFilter            : Hey MyFilter invoked man
5A3B5388EADEFDEB9B3258E5C65F8E13
2017-11-26 19:24:24.421  INFO 5508 --- [nio-8081-exec-2] c.g.filter.SessionIdLogFilter            : Hey MyFilter invoked man
5A3B5388EADEFDEB9B3258E5C65F8E13
2017-11-26 19:24:24.438  INFO 5508 --- [nio-8081-exec-2] c.g.filter.SessionIdLogFilter            : Hey MyFilter invoked man
5A3B5388EADEFDEB9B3258E5C65F8E13
2017-11-26 19:24:24.478  INFO 5508 --- [nio-8081-exec-9] c.g.filter.SessionIdLogFilter            : Hey MyFilter invoked man
5A3B5388EADEFDEB9B3258E5C65F8E13
2017-11-26 19:24:24.482  INFO 5508 --- [nio-8081-exec-5] c.g.filter.SessionIdLogFilter            : Hey MyFilter invoked man
5A3B5388EADEFDEB9B3258E5C65F8E13
2017-11-26 19:24:24.486  INFO 5508 --- [nio-8081-exec-1] c.g.filter.SessionIdLogFilter            : Hey MyFilter invoked man
5A3B5388EADEFDEB9B3258E5C65F8E13
2017-11-26 19:24:24.500  INFO 5508 --- [nio-8081-exec-1] c.g.filter.SessionIdLogFilter            : Hey MyFilter invoked man
5A3B5388EADEFDEB9B3258E5C65F8E13
2017-11-26 19:24:24.514  INFO 5508 --- [nio-8081-exec-1] c.g.filter.SessionIdLogFilter            : Hey MyFilter invoked man
5A3B5388EADEFDEB9B3258E5C65F8E13
2017-11-26 19:24:24.539  INFO 5508 --- [nio-8081-exec-1] c.g.filter.SessionIdLogFilter            : Hey MyFilter invoked man
5A3B5388EADEFDEB9B3258E5C65F8E13
2017-11-26 19:24:24.544  INFO 5508 --- [nio-8081-exec-8] c.g.filter.SessionIdLogFilter            : Hey MyFilter invoked man
5A3B5388EADEFDEB9B3258E5C65F8E13
2017-11-26 19:24:24.535  INFO 5508 --- [nio-8081-exec-5] c.g.filter.SessionIdLogFilter            : Hey MyFilter invoked man
5A3B5388EADEFDEB9B3258E5C65F8E13
2017-11-26 19:24:25.097  INFO 5508 --- [io-8081-exec-10] c.g.filter.SessionIdLogFilter            : Hey MyFilter invoked man
5A3B5388EADEFDEB9B3258E5C65F8E13
2017-11-26 19:24:39.950  INFO 5508 --- [nio-8081-exec-7] c.g.filter.SessionIdLogFilter            : Hey MyFilter invoked man
5A3B5388EADEFDEB9B3258E5C65F8E13
2017-11-26 19:24:39.956  INFO 5508 --- [nio-8081-exec-9] c.g.filter.SessionIdLogFilter            : Hey MyFilter invoked man
5A3B5388EADEFDEB9B3258E5C65F8E13
2017-11-26 19:25:23.361  INFO 5508 --- [nio-8081-exec-4] c.g.filter.SessionIdLogFilter            : Hey MyFilter invoked man
5A3B5388EADEFDEB9B3258E5C65F8E13
2017-11-26 19:25:23.370  INFO 5508 --- [nio-8081-exec-4] c.g.filter.SessionIdLogFilter            : Hey MyFilter invoked man
5A3B5388EADEFDEB9B3258E5C65F8E13
2017-11-26 19:25:23.429  INFO 5508 --- [nio-8081-exec-6] c.g.filter.SessionIdLogFilter            : Hey MyFilter invoked man
5A3B5388EADEFDEB9B3258E5C65F8E13
2017-11-26 19:25:23.439  INFO 5508 --- [nio-8081-exec-2] c.g.filter.SessionIdLogFilter            : Hey MyFilter invoked man
5A3B5388EADEFDEB9B3258E5C65F8E13
2017-11-26 19:25:23.479  INFO 5508 --- [nio-8081-exec-8] c.g.filter.SessionIdLogFilter            : Hey MyFilter invoked man
5A3B5388EADEFDEB9B3258E5C65F8E13
2017-11-26 19:25:23.481  INFO 5508 --- [nio-8081-exec-6] c.g.filter.SessionIdLogFilter            : Hey MyFilter invoked man
5A3B5388EADEFDEB9B3258E5C65F8E13
2017-11-26 19:25:23.464  INFO 5508 --- [nio-8081-exec-1] c.g.filter.SessionIdLogFilter            : Hey MyFilter invoked man
5A3B5388EADEFDEB9B3258E5C65F8E13
2017-11-26 19:25:23.498  INFO 5508 --- [nio-8081-exec-2] c.g.filter.SessionIdLogFilter            : Hey MyFilter invoked man
5A3B5388EADEFDEB9B3258E5C65F8E13
2017-11-26 19:25:23.537  INFO 5508 --- [nio-8081-exec-7] c.g.filter.SessionIdLogFilter            : Hey MyFilter invoked man
5A3B5388EADEFDEB9B3258E5C65F8E13
2017-11-26 19:25:23.557  INFO 5508 --- [io-8081-exec-10] c.g.filter.SessionIdLogFilter            : Hey MyFilter invoked man
5A3B5388EADEFDEB9B3258E5C65F8E13
2017-11-26 19:25:24.141  INFO 5508 --- [nio-8081-exec-5] c.g.filter.SessionIdLogFilter            : Hey MyFilter invoked man
5A3B5388EADEFDEB9B3258E5C65F8E13
2017-11-26 19:25:47.999  INFO 5508 --- [nio-8081-exec-7] c.g.filter.SessionIdLogFilter            : Hey MyFilter invoked man
5A3B5388EADEFDEB9B3258E5C65F8E13
2017-11-26 19:25:48.005  INFO 5508 --- [nio-8081-exec-7] c.g.filter.SessionIdLogFilter            : Hey MyFilter invoked man
5A3B5388EADEFDEB9B3258E5C65F8E13
2017-11-26 19:25:48.051  INFO 5508 --- [io-8081-exec-10] c.g.filter.SessionIdLogFilter            : Hey MyFilter invoked man
5A3B5388EADEFDEB9B3258E5C65F8E13
2017-11-26 19:25:48.066  INFO 5508 --- [nio-8081-exec-6] c.g.filter.SessionIdLogFilter            : Hey MyFilter invoked man
5A3B5388EADEFDEB9B3258E5C65F8E13
2017-11-26 19:25:48.090  INFO 5508 --- [nio-8081-exec-5] c.g.filter.SessionIdLogFilter            : Hey MyFilter invoked man
5A3B5388EADEFDEB9B3258E5C65F8E13
2017-11-26 19:25:48.114  INFO 5508 --- [nio-8081-exec-5] c.g.filter.SessionIdLogFilter            : Hey MyFilter invoked man
5A3B5388EADEFDEB9B3258E5C65F8E13
2017-11-26 19:25:48.114  INFO 5508 --- [nio-8081-exec-4] c.g.filter.SessionIdLogFilter            : Hey MyFilter invoked man
5A3B5388EADEFDEB9B3258E5C65F8E13
2017-11-26 19:25:48.129  INFO 5508 --- [nio-8081-exec-9] c.g.filter.SessionIdLogFilter            : Hey MyFilter invoked man
5A3B5388EADEFDEB9B3258E5C65F8E13
2017-11-26 19:25:48.143  INFO 5508 --- [nio-8081-exec-2] c.g.filter.SessionIdLogFilter            : Hey MyFilter invoked man
5A3B5388EADEFDEB9B3258E5C65F8E13
2017-11-26 19:25:48.149  INFO 5508 --- [nio-8081-exec-8] c.g.filter.SessionIdLogFilter            : Hey MyFilter invoked man
5A3B5388EADEFDEB9B3258E5C65F8E13
2017-11-26 19:25:49.069  INFO 5508 --- [nio-8081-exec-3] c.g.filter.SessionIdLogFilter            : Hey MyFilter invoked man
5A3B5388EADEFDEB9B3258E5C65F8E13
2017-11-26 19:26:08.804  INFO 5508 --- [nio-8081-exec-6] c.g.filter.SessionIdLogFilter            : Hey MyFilter invoked man
5A3B5388EADEFDEB9B3258E5C65F8E13
2017-11-26 19:26:08.807  INFO 5508 --- [nio-8081-exec-6] c.g.filter.SessionIdLogFilter            : Hey MyFilter invoked man
5A3B5388EADEFDEB9B3258E5C65F8E13
2017-11-26 19:26:08.970  INFO 5508 --- [nio-8081-exec-4] c.g.filter.SessionIdLogFilter            : Hey MyFilter invoked man
5A3B5388EADEFDEB9B3258E5C65F8E13
2017-11-26 19:26:08.977  INFO 5508 --- [nio-8081-exec-1] c.g.filter.SessionIdLogFilter            : Hey MyFilter invoked man
5A3B5388EADEFDEB9B3258E5C65F8E13
2017-11-26 19:26:08.992  INFO 5508 --- [nio-8081-exec-3] c.g.filter.SessionIdLogFilter            : Hey MyFilter invoked man
5A3B5388EADEFDEB9B3258E5C65F8E13
2017-11-26 19:26:09.004  INFO 5508 --- [nio-8081-exec-4] c.g.filter.SessionIdLogFilter            : Hey MyFilter invoked man
5A3B5388EADEFDEB9B3258E5C65F8E13
2017-11-26 19:26:09.009  INFO 5508 --- [nio-8081-exec-3] c.g.filter.SessionIdLogFilter            : Hey MyFilter invoked man
5A3B5388EADEFDEB9B3258E5C65F8E13
2017-11-26 19:26:09.030  INFO 5508 --- [io-8081-exec-10] c.g.filter.SessionIdLogFilter            : Hey MyFilter invoked man
5A3B5388EADEFDEB9B3258E5C65F8E13
2017-11-26 19:26:09.106  INFO 5508 --- [nio-8081-exec-3] c.g.filter.SessionIdLogFilter            : Hey MyFilter invoked man
5A3B5388EADEFDEB9B3258E5C65F8E13
2017-11-26 19:26:09.223  INFO 5508 --- [io-8081-exec-10] c.g.filter.SessionIdLogFilter            : Hey MyFilter invoked man
5A3B5388EADEFDEB9B3258E5C65F8E13
2017-11-26 19:26:09.905  INFO 5508 --- [nio-8081-exec-9] c.g.filter.SessionIdLogFilter            : Hey MyFilter invoked man
5A3B5388EADEFDEB9B3258E5C65F8E13
2017-11-26 19:26:18.714  INFO 5508 --- [nio-8081-exec-2] c.g.filter.SessionIdLogFilter            : Hey MyFilter invoked man
5A3B5388EADEFDEB9B3258E5C65F8E13
2017-11-26 19:26:18.754  INFO 5508 --- [nio-8081-exec-2] c.g.filter.SessionIdLogFilter            : Hey MyFilter invoked man
5A3B5388EADEFDEB9B3258E5C65F8E13
2017-11-26 19:26:18.840  INFO 5508 --- [io-8081-exec-10] c.g.filter.SessionIdLogFilter            : Hey MyFilter invoked man
5A3B5388EADEFDEB9B3258E5C65F8E13
2017-11-26 19:26:18.845  INFO 5508 --- [nio-8081-exec-1] c.g.filter.SessionIdLogFilter            : Hey MyFilter invoked man
5A3B5388EADEFDEB9B3258E5C65F8E13
2017-11-26 19:26:18.863  INFO 5508 --- [nio-8081-exec-1] c.g.filter.SessionIdLogFilter            : Hey MyFilter invoked man
5A3B5388EADEFDEB9B3258E5C65F8E13
2017-11-26 19:26:18.882  INFO 5508 --- [nio-8081-exec-9] c.g.filter.SessionIdLogFilter            : Hey MyFilter invoked man
5A3B5388EADEFDEB9B3258E5C65F8E13
2017-11-26 19:26:18.901  INFO 5508 --- [nio-8081-exec-9] c.g.filter.SessionIdLogFilter            : Hey MyFilter invoked man
5A3B5388EADEFDEB9B3258E5C65F8E13
2017-11-26 19:26:18.915  INFO 5508 --- [io-8081-exec-10] c.g.filter.SessionIdLogFilter            : Hey MyFilter invoked man
5A3B5388EADEFDEB9B3258E5C65F8E13
2017-11-26 19:26:18.914  INFO 5508 --- [nio-8081-exec-9] c.g.filter.SessionIdLogFilter            : Hey MyFilter invoked man
5A3B5388EADEFDEB9B3258E5C65F8E13
2017-11-26 19:26:18.920  INFO 5508 --- [nio-8081-exec-6] c.g.filter.SessionIdLogFilter            : Hey MyFilter invoked man
5A3B5388EADEFDEB9B3258E5C65F8E13
2017-11-26 19:26:19.477  INFO 5508 --- [nio-8081-exec-4] c.g.filter.SessionIdLogFilter            : Hey MyFilter invoked man
5A3B5388EADEFDEB9B3258E5C65F8E13
2017-11-26 19:26:48.320  INFO 5508 --- [nio-8081-exec-6] c.g.filter.SessionIdLogFilter            : Hey MyFilter invoked man
5A3B5388EADEFDEB9B3258E5C65F8E13
2017-11-26 19:26:48.324  INFO 5508 --- [nio-8081-exec-6] c.g.filter.SessionIdLogFilter            : Hey MyFilter invoked man
5A3B5388EADEFDEB9B3258E5C65F8E13
2017-11-26 19:26:48.377  INFO 5508 --- [io-8081-exec-10] c.g.filter.SessionIdLogFilter            : Hey MyFilter invoked man
5A3B5388EADEFDEB9B3258E5C65F8E13
2017-11-26 19:26:48.389  INFO 5508 --- [nio-8081-exec-9] c.g.filter.SessionIdLogFilter            : Hey MyFilter invoked man
5A3B5388EADEFDEB9B3258E5C65F8E13
2017-11-26 19:26:48.400  INFO 5508 --- [nio-8081-exec-9] c.g.filter.SessionIdLogFilter            : Hey MyFilter invoked man
5A3B5388EADEFDEB9B3258E5C65F8E13
2017-11-26 19:26:48.420  INFO 5508 --- [nio-8081-exec-4] c.g.filter.SessionIdLogFilter            : Hey MyFilter invoked man
5A3B5388EADEFDEB9B3258E5C65F8E13
2017-11-26 19:26:48.425  INFO 5508 --- [nio-8081-exec-7] c.g.filter.SessionIdLogFilter            : Hey MyFilter invoked man
5A3B5388EADEFDEB9B3258E5C65F8E13
2017-11-26 19:26:48.436  INFO 5508 --- [nio-8081-exec-2] c.g.filter.SessionIdLogFilter            : Hey MyFilter invoked man
5A3B5388EADEFDEB9B3258E5C65F8E13
2017-11-26 19:26:48.444  INFO 5508 --- [nio-8081-exec-9] c.g.filter.SessionIdLogFilter            : Hey MyFilter invoked man
5A3B5388EADEFDEB9B3258E5C65F8E13
2017-11-26 19:26:48.449  INFO 5508 --- [nio-8081-exec-7] c.g.filter.SessionIdLogFilter            : Hey MyFilter invoked man
5A3B5388EADEFDEB9B3258E5C65F8E13
2017-11-26 19:26:49.053  INFO 5508 --- [nio-8081-exec-5] c.g.filter.SessionIdLogFilter            : Hey MyFilter invoked man
5A3B5388EADEFDEB9B3258E5C65F8E13
2017-11-26 19:26:55.853  INFO 5508 --- [nio-8081-exec-1] c.g.filter.SessionIdLogFilter            : Hey MyFilter invoked man
5A3B5388EADEFDEB9B3258E5C65F8E13
2017-11-26 19:26:55.856  INFO 5508 --- [nio-8081-exec-1] c.g.filter.SessionIdLogFilter            : Hey MyFilter invoked man
5A3B5388EADEFDEB9B3258E5C65F8E13
2017-11-26 19:26:55.914  INFO 5508 --- [nio-8081-exec-3] c.g.filter.SessionIdLogFilter            : Hey MyFilter invoked man
5A3B5388EADEFDEB9B3258E5C65F8E13
2017-11-26 19:26:55.915  INFO 5508 --- [nio-8081-exec-5] c.g.filter.SessionIdLogFilter            : Hey MyFilter invoked man
5A3B5388EADEFDEB9B3258E5C65F8E13
2017-11-26 19:26:55.921  INFO 5508 --- [nio-8081-exec-9] c.g.filter.SessionIdLogFilter            : Hey MyFilter invoked man
5A3B5388EADEFDEB9B3258E5C65F8E13
2017-11-26 19:26:55.923  INFO 5508 --- [nio-8081-exec-5] c.g.filter.SessionIdLogFilter            : Hey MyFilter invoked man
5A3B5388EADEFDEB9B3258E5C65F8E13
2017-11-26 19:26:55.927  INFO 5508 --- [nio-8081-exec-4] c.g.filter.SessionIdLogFilter            : Hey MyFilter invoked man
5A3B5388EADEFDEB9B3258E5C65F8E13
2017-11-26 19:26:55.937  INFO 5508 --- [nio-8081-exec-9] c.g.filter.SessionIdLogFilter            : Hey MyFilter invoked man
5A3B5388EADEFDEB9B3258E5C65F8E13
2017-11-26 19:26:55.946  INFO 5508 --- [nio-8081-exec-6] c.g.filter.SessionIdLogFilter            : Hey MyFilter invoked man
5A3B5388EADEFDEB9B3258E5C65F8E13
2017-11-26 19:26:55.946  INFO 5508 --- [nio-8081-exec-9] c.g.filter.SessionIdLogFilter            : Hey MyFilter invoked man
5A3B5388EADEFDEB9B3258E5C65F8E13
2017-11-26 19:26:56.484  INFO 5508 --- [nio-8081-exec-8] c.g.filter.SessionIdLogFilter            : Hey MyFilter invoked man
5A3B5388EADEFDEB9B3258E5C65F8E13
2017-11-26 19:27:15.316  INFO 5508 --- [nio-8081-exec-9] c.g.filter.SessionIdLogFilter            : Hey MyFilter invoked man
5A3B5388EADEFDEB9B3258E5C65F8E13
2017-11-26 19:27:15.319  INFO 5508 --- [nio-8081-exec-9] c.g.filter.SessionIdLogFilter            : Hey MyFilter invoked man
5A3B5388EADEFDEB9B3258E5C65F8E13
2017-11-26 19:27:15.379  INFO 5508 --- [nio-8081-exec-6] c.g.filter.SessionIdLogFilter            : Hey MyFilter invoked man
5A3B5388EADEFDEB9B3258E5C65F8E13
2017-11-26 19:27:15.417  INFO 5508 --- [nio-8081-exec-6] c.g.filter.SessionIdLogFilter            : Hey MyFilter invoked man
5A3B5388EADEFDEB9B3258E5C65F8E13
2017-11-26 19:27:15.421  INFO 5508 --- [nio-8081-exec-5] c.g.filter.SessionIdLogFilter            : Hey MyFilter invoked man
5A3B5388EADEFDEB9B3258E5C65F8E13
2017-11-26 19:27:15.429  INFO 5508 --- [nio-8081-exec-6] c.g.filter.SessionIdLogFilter            : Hey MyFilter invoked man
5A3B5388EADEFDEB9B3258E5C65F8E13
2017-11-26 19:27:15.431  INFO 5508 --- [nio-8081-exec-8] c.g.filter.SessionIdLogFilter            : Hey MyFilter invoked man
5A3B5388EADEFDEB9B3258E5C65F8E13
2017-11-26 19:27:15.438  INFO 5508 --- [nio-8081-exec-5] c.g.filter.SessionIdLogFilter            : Hey MyFilter invoked man
5A3B5388EADEFDEB9B3258E5C65F8E13
2017-11-26 19:27:15.449  INFO 5508 --- [nio-8081-exec-8] c.g.filter.SessionIdLogFilter            : Hey MyFilter invoked man
5A3B5388EADEFDEB9B3258E5C65F8E13
2017-11-26 19:27:15.461  INFO 5508 --- [nio-8081-exec-2] c.g.filter.SessionIdLogFilter            : Hey MyFilter invoked man
5A3B5388EADEFDEB9B3258E5C65F8E13
2017-11-26 19:27:16.126  INFO 5508 --- [nio-8081-exec-7] c.g.filter.SessionIdLogFilter            : Hey MyFilter invoked man
5A3B5388EADEFDEB9B3258E5C65F8E13
2017-11-26 21:18:01.418  INFO 7000 --- [  restartedMain] com.gitspringboot.ArticalMain            : Starting ArticalMain on ashrafPC with PID 7000 (C:\Users\Administrator\git\gitspringboot\gitspringboot\target\classes started by Administrator in C:\Users\Administrator\git\gitspringboot\gitspringboot)

2017-11-26 21:18:01.419  INFO 7000 --- [  restartedMain] com.gitspringboot.ArticalMain            : The following profiles are active: dev

2017-11-26 21:18:14.079  INFO 7000 --- [ost-startStop-1] c.g.filter.SessionIdLogFilter            : Ashraf logging filter

2017-11-26 21:18:14.081  INFO 7000 --- [ost-startStop-1] c.g.filter.SessionIdLogFilter            : Ashraf logging filter

2017-11-26 21:18:23.035  INFO 7000 --- [  restartedMain] com.gitspringboot.ArticalMain            : Started ArticalMain in 22.908 seconds (JVM running for 23.671)

2017-11-26 21:18:31.464  INFO 7000 --- [nio-8081-exec-4] c.g.filter.SessionIdLogFilter            : Hey MyFilter invoked man

2017-11-26 21:18:31.590  INFO 7000 --- [nio-8081-exec-4] c.g.filter.SessionIdLogFilter            : Hey MyFilter invoked man
A2BD1AFAB47159D67B9FD4FF68DD8796
2017-11-26 21:18:33.112  INFO 7000 --- [nio-8081-exec-5] c.g.filter.SessionIdLogFilter            : Hey MyFilter invoked man

2017-11-26 21:18:33.186  INFO 7000 --- [nio-8081-exec-5] c.g.filter.SessionIdLogFilter            : Hey MyFilter invoked man
A2BD1AFAB47159D67B9FD4FF68DD8796
2017-11-26 21:18:33.218  INFO 7000 --- [io-8081-exec-10] c.g.filter.SessionIdLogFilter            : Hey MyFilter invoked man

2017-11-26 21:18:33.224  INFO 7000 --- [nio-8081-exec-7] c.g.filter.SessionIdLogFilter            : Hey MyFilter invoked man

2017-11-26 21:18:33.225  INFO 7000 --- [nio-8081-exec-1] c.g.filter.SessionIdLogFilter            : Hey MyFilter invoked man

2017-11-26 21:18:33.247  INFO 7000 --- [nio-8081-exec-9] c.g.filter.SessionIdLogFilter            : Hey MyFilter invoked man

2017-11-26 21:18:33.248  INFO 7000 --- [nio-8081-exec-8] c.g.filter.SessionIdLogFilter            : Hey MyFilter invoked man

2017-11-26 21:18:33.297  INFO 7000 --- [nio-8081-exec-6] c.g.filter.SessionIdLogFilter            : Hey MyFilter invoked man

2017-11-26 21:18:33.978  INFO 7000 --- [nio-8081-exec-2] c.g.filter.SessionIdLogFilter            : Hey MyFilter invoked man

2017-11-26 21:18:37.183  INFO 7000 --- [nio-8081-exec-4] c.g.filter.SessionIdLogFilter            : Hey MyFilter invoked man
A2BD1AFAB47159D67B9FD4FF68DD8796
2017-11-26 21:18:37.188  INFO 7000 --- [nio-8081-exec-3] c.g.filter.SessionIdLogFilter            : Hey MyFilter invoked man

2017-11-26 21:19:13.948  INFO 7000 --- [nio-8081-exec-5] c.g.filter.SessionIdLogFilter            : Hey MyFilter invoked man
A2BD1AFAB47159D67B9FD4FF68DD8796
2017-11-26 21:19:13.973  INFO 7000 --- [nio-8081-exec-5] c.g.filter.SessionIdLogFilter            : Hey MyFilter invoked man
A2BD1AFAB47159D67B9FD4FF68DD8796
2017-11-26 21:19:14.015  INFO 7000 --- [nio-8081-exec-1] c.g.filter.SessionIdLogFilter            : Hey MyFilter invoked man
A2BD1AFAB47159D67B9FD4FF68DD8796
2017-11-26 21:19:14.016  INFO 7000 --- [nio-8081-exec-9] c.g.filter.SessionIdLogFilter            : Hey MyFilter invoked man
A2BD1AFAB47159D67B9FD4FF68DD8796
2017-11-26 21:19:14.050  INFO 7000 --- [nio-8081-exec-9] c.g.filter.SessionIdLogFilter            : Hey MyFilter invoked man
A2BD1AFAB47159D67B9FD4FF68DD8796
2017-11-26 21:19:14.059  INFO 7000 --- [nio-8081-exec-8] c.g.filter.SessionIdLogFilter            : Hey MyFilter invoked man
A2BD1AFAB47159D67B9FD4FF68DD8796
2017-11-26 21:19:14.061  INFO 7000 --- [nio-8081-exec-6] c.g.filter.SessionIdLogFilter            : Hey MyFilter invoked man
A2BD1AFAB47159D67B9FD4FF68DD8796
2017-11-26 21:19:14.072  INFO 7000 --- [nio-8081-exec-8] c.g.filter.SessionIdLogFilter            : Hey MyFilter invoked man
A2BD1AFAB47159D67B9FD4FF68DD8796
2017-11-26 21:19:14.081  INFO 7000 --- [nio-8081-exec-7] c.g.filter.SessionIdLogFilter            : Hey MyFilter invoked man
A2BD1AFAB47159D67B9FD4FF68DD8796
2017-11-26 21:19:14.211  INFO 7000 --- [io-8081-exec-10] c.g.filter.SessionIdLogFilter            : Hey MyFilter invoked man
A2BD1AFAB47159D67B9FD4FF68DD8796
2017-11-26 21:19:14.795  INFO 7000 --- [nio-8081-exec-3] c.g.filter.SessionIdLogFilter            : Hey MyFilter invoked man
A2BD1AFAB47159D67B9FD4FF68DD8796
2017-11-26 21:20:49.266  INFO 7000 --- [nio-8081-exec-7] c.g.filter.SessionIdLogFilter            : Hey MyFilter invoked man
A2BD1AFAB47159D67B9FD4FF68DD8796
2017-11-26 21:20:49.273  INFO 7000 --- [nio-8081-exec-7] c.g.filter.SessionIdLogFilter            : Hey MyFilter invoked man
A2BD1AFAB47159D67B9FD4FF68DD8796
2017-11-26 21:20:49.320  INFO 7000 --- [nio-8081-exec-6] c.g.filter.SessionIdLogFilter            : Hey MyFilter invoked man
A2BD1AFAB47159D67B9FD4FF68DD8796
2017-11-26 21:20:49.328  INFO 7000 --- [io-8081-exec-10] c.g.filter.SessionIdLogFilter            : Hey MyFilter invoked man
A2BD1AFAB47159D67B9FD4FF68DD8796
2017-11-26 21:20:49.330  INFO 7000 --- [nio-8081-exec-3] c.g.filter.SessionIdLogFilter            : Hey MyFilter invoked man
A2BD1AFAB47159D67B9FD4FF68DD8796
2017-11-26 21:20:49.339  INFO 7000 --- [nio-8081-exec-1] c.g.filter.SessionIdLogFilter            : Hey MyFilter invoked man
A2BD1AFAB47159D67B9FD4FF68DD8796
2017-11-26 21:20:49.340  INFO 7000 --- [nio-8081-exec-2] c.g.filter.SessionIdLogFilter            : Hey MyFilter invoked man
A2BD1AFAB47159D67B9FD4FF68DD8796
2017-11-26 21:20:49.344  INFO 7000 --- [io-8081-exec-10] c.g.filter.SessionIdLogFilter            : Hey MyFilter invoked man
A2BD1AFAB47159D67B9FD4FF68DD8796
2017-11-26 21:20:49.351  INFO 7000 --- [nio-8081-exec-1] c.g.filter.SessionIdLogFilter            : Hey MyFilter invoked man
A2BD1AFAB47159D67B9FD4FF68DD8796
2017-11-26 21:20:49.360  INFO 7000 --- [nio-8081-exec-1] c.g.filter.SessionIdLogFilter            : Hey MyFilter invoked man
A2BD1AFAB47159D67B9FD4FF68DD8796
2017-11-26 21:20:59.708  INFO 7000 --- [nio-8081-exec-8] c.g.filter.SessionIdLogFilter            : Hey MyFilter invoked man
A2BD1AFAB47159D67B9FD4FF68DD8796
2017-11-26 21:22:18.534  INFO 7000 --- [nio-8081-exec-9] c.g.filter.SessionIdLogFilter            : Hey MyFilter invoked man
A2BD1AFAB47159D67B9FD4FF68DD8796
2017-11-26 21:22:18.543  INFO 7000 --- [nio-8081-exec-9] c.g.filter.SessionIdLogFilter            : Hey MyFilter invoked man
A2BD1AFAB47159D67B9FD4FF68DD8796
2017-11-26 21:22:18.576  INFO 7000 --- [nio-8081-exec-6] c.g.filter.SessionIdLogFilter            : Hey MyFilter invoked man
A2BD1AFAB47159D67B9FD4FF68DD8796
2017-11-26 21:22:18.582  INFO 7000 --- [nio-8081-exec-8] c.g.filter.SessionIdLogFilter            : Hey MyFilter invoked man
A2BD1AFAB47159D67B9FD4FF68DD8796
2017-11-26 21:22:18.594  INFO 7000 --- [nio-8081-exec-8] c.g.filter.SessionIdLogFilter            : Hey MyFilter invoked man
A2BD1AFAB47159D67B9FD4FF68DD8796
2017-11-26 21:22:18.617  INFO 7000 --- [nio-8081-exec-4] c.g.filter.SessionIdLogFilter            : Hey MyFilter invoked man
A2BD1AFAB47159D67B9FD4FF68DD8796
2017-11-26 21:22:18.634  INFO 7000 --- [nio-8081-exec-4] c.g.filter.SessionIdLogFilter            : Hey MyFilter invoked man
A2BD1AFAB47159D67B9FD4FF68DD8796
2017-11-26 21:22:18.642  INFO 7000 --- [nio-8081-exec-2] c.g.filter.SessionIdLogFilter            : Hey MyFilter invoked man
A2BD1AFAB47159D67B9FD4FF68DD8796
2017-11-26 21:22:18.658  INFO 7000 --- [nio-8081-exec-4] c.g.filter.SessionIdLogFilter            : Hey MyFilter invoked man
A2BD1AFAB47159D67B9FD4FF68DD8796
2017-11-26 21:22:18.677  INFO 7000 --- [nio-8081-exec-4] c.g.filter.SessionIdLogFilter            : Hey MyFilter invoked man
A2BD1AFAB47159D67B9FD4FF68DD8796
2017-11-26 21:22:19.139  INFO 7000 --- [nio-8081-exec-5] c.g.filter.SessionIdLogFilter            : Hey MyFilter invoked man
A2BD1AFAB47159D67B9FD4FF68DD8796
2017-11-26 21:22:54.779  INFO 7000 --- [nio-8081-exec-9] c.g.filter.SessionIdLogFilter            : Hey MyFilter invoked man
A2BD1AFAB47159D67B9FD4FF68DD8796
2017-11-26 21:22:54.786  INFO 7000 --- [nio-8081-exec-9] c.g.filter.SessionIdLogFilter            : Hey MyFilter invoked man
A2BD1AFAB47159D67B9FD4FF68DD8796
2017-11-26 21:22:54.825  INFO 7000 --- [nio-8081-exec-1] c.g.filter.SessionIdLogFilter            : Hey MyFilter invoked man
A2BD1AFAB47159D67B9FD4FF68DD8796
2017-11-26 21:22:54.830  INFO 7000 --- [io-8081-exec-10] c.g.filter.SessionIdLogFilter            : Hey MyFilter invoked man
A2BD1AFAB47159D67B9FD4FF68DD8796
2017-11-26 21:22:54.830  INFO 7000 --- [nio-8081-exec-3] c.g.filter.SessionIdLogFilter            : Hey MyFilter invoked man
A2BD1AFAB47159D67B9FD4FF68DD8796
2017-11-26 21:22:54.846  INFO 7000 --- [nio-8081-exec-7] c.g.filter.SessionIdLogFilter            : Hey MyFilter invoked man
A2BD1AFAB47159D67B9FD4FF68DD8796
2017-11-26 21:22:54.899  INFO 7000 --- [nio-8081-exec-7] c.g.filter.SessionIdLogFilter            : Hey MyFilter invoked man
A2BD1AFAB47159D67B9FD4FF68DD8796
2017-11-26 21:22:54.908  INFO 7000 --- [io-8081-exec-10] c.g.filter.SessionIdLogFilter            : Hey MyFilter invoked man
A2BD1AFAB47159D67B9FD4FF68DD8796
2017-11-26 21:22:54.933  INFO 7000 --- [io-8081-exec-10] c.g.filter.SessionIdLogFilter            : Hey MyFilter invoked man
A2BD1AFAB47159D67B9FD4FF68DD8796
2017-11-26 21:22:54.949  INFO 7000 --- [nio-8081-exec-6] c.g.filter.SessionIdLogFilter            : Hey MyFilter invoked man
A2BD1AFAB47159D67B9FD4FF68DD8796
2017-11-26 21:22:55.293  INFO 7000 --- [nio-8081-exec-5] c.g.filter.SessionIdLogFilter            : Hey MyFilter invoked man
A2BD1AFAB47159D67B9FD4FF68DD8796
2017-11-26 21:23:46.599  INFO 7000 --- [nio-8081-exec-9] c.g.filter.SessionIdLogFilter            : Hey MyFilter invoked man
A2BD1AFAB47159D67B9FD4FF68DD8796
2017-11-26 21:27:39.981  INFO 7000 --- [io-8081-exec-10] c.g.filter.SessionIdLogFilter            : Hey MyFilter invoked man
A2BD1AFAB47159D67B9FD4FF68DD8796
2017-11-26 21:27:39.987  INFO 7000 --- [io-8081-exec-10] c.g.filter.SessionIdLogFilter            : Hey MyFilter invoked man
A2BD1AFAB47159D67B9FD4FF68DD8796
2017-11-26 21:27:40.709  INFO 7000 --- [nio-8081-exec-3] c.g.filter.SessionIdLogFilter            : Hey MyFilter invoked man
A2BD1AFAB47159D67B9FD4FF68DD8796
2017-11-26 21:27:40.731  INFO 7000 --- [nio-8081-exec-3] c.g.filter.SessionIdLogFilter            : Hey MyFilter invoked man
A2BD1AFAB47159D67B9FD4FF68DD8796
2017-11-26 21:27:40.755  INFO 7000 --- [nio-8081-exec-5] c.g.filter.SessionIdLogFilter            : Hey MyFilter invoked man
A2BD1AFAB47159D67B9FD4FF68DD8796
2017-11-26 21:27:40.800  INFO 7000 --- [nio-8081-exec-9] c.g.filter.SessionIdLogFilter            : Hey MyFilter invoked man
A2BD1AFAB47159D67B9FD4FF68DD8796
2017-11-26 21:27:40.817  INFO 7000 --- [nio-8081-exec-9] c.g.filter.SessionIdLogFilter            : Hey MyFilter invoked man
A2BD1AFAB47159D67B9FD4FF68DD8796
2017-11-26 21:27:40.857  INFO 7000 --- [nio-8081-exec-5] c.g.filter.SessionIdLogFilter            : Hey MyFilter invoked man
A2BD1AFAB47159D67B9FD4FF68DD8796
2017-11-26 21:27:40.872  INFO 7000 --- [nio-8081-exec-9] c.g.filter.SessionIdLogFilter            : Hey MyFilter invoked man
A2BD1AFAB47159D67B9FD4FF68DD8796
2017-11-26 21:27:40.897  INFO 7000 --- [nio-8081-exec-9] c.g.filter.SessionIdLogFilter            : Hey MyFilter invoked man
A2BD1AFAB47159D67B9FD4FF68DD8796
2017-11-26 21:27:41.310  INFO 7000 --- [nio-8081-exec-6] c.g.filter.SessionIdLogFilter            : Hey MyFilter invoked man
A2BD1AFAB47159D67B9FD4FF68DD8796
2017-11-26 21:28:16.897  INFO 7000 --- [io-8081-exec-10] c.g.filter.SessionIdLogFilter            : Hey MyFilter invoked man
A2BD1AFAB47159D67B9FD4FF68DD8796
2017-11-26 21:28:16.903  INFO 7000 --- [io-8081-exec-10] c.g.filter.SessionIdLogFilter            : Hey MyFilter invoked man
A2BD1AFAB47159D67B9FD4FF68DD8796
2017-11-26 21:28:17.269  INFO 7000 --- [nio-8081-exec-4] c.g.filter.SessionIdLogFilter            : Hey MyFilter invoked man
A2BD1AFAB47159D67B9FD4FF68DD8796
2017-11-26 21:28:17.270  INFO 7000 --- [nio-8081-exec-7] c.g.filter.SessionIdLogFilter            : Hey MyFilter invoked man
A2BD1AFAB47159D67B9FD4FF68DD8796
2017-11-26 21:28:17.285  INFO 7000 --- [nio-8081-exec-9] c.g.filter.SessionIdLogFilter            : Hey MyFilter invoked man
A2BD1AFAB47159D67B9FD4FF68DD8796
2017-11-26 21:28:17.296  INFO 7000 --- [nio-8081-exec-2] c.g.filter.SessionIdLogFilter            : Hey MyFilter invoked man
A2BD1AFAB47159D67B9FD4FF68DD8796
2017-11-26 21:28:17.296  INFO 7000 --- [nio-8081-exec-1] c.g.filter.SessionIdLogFilter            : Hey MyFilter invoked man
A2BD1AFAB47159D67B9FD4FF68DD8796
2017-11-26 21:28:17.309  INFO 7000 --- [nio-8081-exec-1] c.g.filter.SessionIdLogFilter            : Hey MyFilter invoked man
A2BD1AFAB47159D67B9FD4FF68DD8796
2017-11-26 21:28:17.339  INFO 7000 --- [nio-8081-exec-5] c.g.filter.SessionIdLogFilter            : Hey MyFilter invoked man
A2BD1AFAB47159D67B9FD4FF68DD8796
2017-11-26 21:28:17.358  INFO 7000 --- [nio-8081-exec-3] c.g.filter.SessionIdLogFilter            : Hey MyFilter invoked man
A2BD1AFAB47159D67B9FD4FF68DD8796
2017-11-26 21:28:17.775  INFO 7000 --- [nio-8081-exec-6] c.g.filter.SessionIdLogFilter            : Hey MyFilter invoked man
A2BD1AFAB47159D67B9FD4FF68DD8796
2017-11-26 21:28:47.961  INFO 7000 --- [io-8081-exec-10] c.g.filter.SessionIdLogFilter            : Hey MyFilter invoked man
A2BD1AFAB47159D67B9FD4FF68DD8796
2017-11-26 21:28:47.983  INFO 7000 --- [io-8081-exec-10] c.g.filter.SessionIdLogFilter            : Hey MyFilter invoked man
A2BD1AFAB47159D67B9FD4FF68DD8796
2017-11-26 21:28:48.383  INFO 7000 --- [nio-8081-exec-1] c.g.filter.SessionIdLogFilter            : Hey MyFilter invoked man
A2BD1AFAB47159D67B9FD4FF68DD8796
2017-11-26 21:28:48.383  INFO 7000 --- [nio-8081-exec-5] c.g.filter.SessionIdLogFilter            : Hey MyFilter invoked man
A2BD1AFAB47159D67B9FD4FF68DD8796
2017-11-26 21:28:48.389  INFO 7000 --- [nio-8081-exec-2] c.g.filter.SessionIdLogFilter            : Hey MyFilter invoked man
A2BD1AFAB47159D67B9FD4FF68DD8796
2017-11-26 21:28:48.409  INFO 7000 --- [nio-8081-exec-8] c.g.filter.SessionIdLogFilter            : Hey MyFilter invoked man
A2BD1AFAB47159D67B9FD4FF68DD8796
2017-11-26 21:28:48.410  INFO 7000 --- [nio-8081-exec-7] c.g.filter.SessionIdLogFilter            : Hey MyFilter invoked man
A2BD1AFAB47159D67B9FD4FF68DD8796
2017-11-26 21:28:48.418  INFO 7000 --- [nio-8081-exec-8] c.g.filter.SessionIdLogFilter            : Hey MyFilter invoked man
A2BD1AFAB47159D67B9FD4FF68DD8796
2017-11-26 21:28:48.429  INFO 7000 --- [nio-8081-exec-4] c.g.filter.SessionIdLogFilter            : Hey MyFilter invoked man
A2BD1AFAB47159D67B9FD4FF68DD8796
2017-11-26 21:28:48.435  INFO 7000 --- [nio-8081-exec-9] c.g.filter.SessionIdLogFilter            : Hey MyFilter invoked man
A2BD1AFAB47159D67B9FD4FF68DD8796
2017-11-26 21:28:48.866  INFO 7000 --- [nio-8081-exec-6] c.g.filter.SessionIdLogFilter            : Hey MyFilter invoked man
A2BD1AFAB47159D67B9FD4FF68DD8796
2017-11-26 21:29:04.027  INFO 7000 --- [io-8081-exec-10] c.g.filter.SessionIdLogFilter            : Hey MyFilter invoked man
A2BD1AFAB47159D67B9FD4FF68DD8796
2017-11-26 21:29:04.045  INFO 7000 --- [io-8081-exec-10] c.g.filter.SessionIdLogFilter            : Hey MyFilter invoked man
A2BD1AFAB47159D67B9FD4FF68DD8796
2017-11-26 21:29:04.298  INFO 7000 --- [nio-8081-exec-3] c.g.filter.SessionIdLogFilter            : Hey MyFilter invoked man
A2BD1AFAB47159D67B9FD4FF68DD8796
2017-11-26 21:29:04.301  INFO 7000 --- [nio-8081-exec-1] c.g.filter.SessionIdLogFilter            : Hey MyFilter invoked man
A2BD1AFAB47159D67B9FD4FF68DD8796
2017-11-26 21:29:04.318  INFO 7000 --- [nio-8081-exec-8] c.g.filter.SessionIdLogFilter            : Hey MyFilter invoked man
A2BD1AFAB47159D67B9FD4FF68DD8796
2017-11-26 21:29:04.322  INFO 7000 --- [nio-8081-exec-4] c.g.filter.SessionIdLogFilter            : Hey MyFilter invoked man
A2BD1AFAB47159D67B9FD4FF68DD8796
2017-11-26 21:29:04.326  INFO 7000 --- [nio-8081-exec-8] c.g.filter.SessionIdLogFilter            : Hey MyFilter invoked man
A2BD1AFAB47159D67B9FD4FF68DD8796
2017-11-26 21:29:04.334  INFO 7000 --- [nio-8081-exec-9] c.g.filter.SessionIdLogFilter            : Hey MyFilter invoked man
A2BD1AFAB47159D67B9FD4FF68DD8796
2017-11-26 21:29:04.352  INFO 7000 --- [nio-8081-exec-5] c.g.filter.SessionIdLogFilter            : Hey MyFilter invoked man
A2BD1AFAB47159D67B9FD4FF68DD8796
2017-11-26 21:29:04.353  INFO 7000 --- [nio-8081-exec-2] c.g.filter.SessionIdLogFilter            : Hey MyFilter invoked man
A2BD1AFAB47159D67B9FD4FF68DD8796
2017-11-26 21:29:04.768  INFO 7000 --- [nio-8081-exec-6] c.g.filter.SessionIdLogFilter            : Hey MyFilter invoked man
A2BD1AFAB47159D67B9FD4FF68DD8796
2017-11-26 21:30:19.557  INFO 7000 --- [nio-8081-exec-1] c.g.filter.SessionIdLogFilter            : Hey MyFilter invoked man
A2BD1AFAB47159D67B9FD4FF68DD8796
2017-11-26 21:30:19.562  INFO 7000 --- [nio-8081-exec-1] c.g.filter.SessionIdLogFilter            : Hey MyFilter invoked man
A2BD1AFAB47159D67B9FD4FF68DD8796
2017-11-26 21:30:20.263  INFO 7000 --- [nio-8081-exec-4] c.g.filter.SessionIdLogFilter            : Hey MyFilter invoked man
A2BD1AFAB47159D67B9FD4FF68DD8796
2017-11-26 21:30:20.278  INFO 7000 --- [nio-8081-exec-3] c.g.filter.SessionIdLogFilter            : Hey MyFilter invoked man
A2BD1AFAB47159D67B9FD4FF68DD8796
2017-11-26 21:30:20.284  INFO 7000 --- [nio-8081-exec-4] c.g.filter.SessionIdLogFilter            : Hey MyFilter invoked man
A2BD1AFAB47159D67B9FD4FF68DD8796
2017-11-26 21:30:20.297  INFO 7000 --- [nio-8081-exec-4] c.g.filter.SessionIdLogFilter            : Hey MyFilter invoked man
A2BD1AFAB47159D67B9FD4FF68DD8796
2017-11-26 21:30:20.309  INFO 7000 --- [nio-8081-exec-4] c.g.filter.SessionIdLogFilter            : Hey MyFilter invoked man
A2BD1AFAB47159D67B9FD4FF68DD8796
2017-11-26 21:30:20.718  INFO 7000 --- [nio-8081-exec-3] c.g.filter.SessionIdLogFilter            : Hey MyFilter invoked man
A2BD1AFAB47159D67B9FD4FF68DD8796
2017-11-26 21:30:20.731  INFO 7000 --- [nio-8081-exec-3] c.g.filter.SessionIdLogFilter            : Hey MyFilter invoked man
A2BD1AFAB47159D67B9FD4FF68DD8796
2017-11-26 21:30:20.772  INFO 7000 --- [nio-8081-exec-3] c.g.filter.SessionIdLogFilter            : Hey MyFilter invoked man
A2BD1AFAB47159D67B9FD4FF68DD8796
2017-11-26 21:30:21.362  INFO 7000 --- [nio-8081-exec-5] c.g.filter.SessionIdLogFilter            : Hey MyFilter invoked man
A2BD1AFAB47159D67B9FD4FF68DD8796
2017-11-26 21:30:35.111  INFO 7000 --- [nio-8081-exec-1] c.g.filter.SessionIdLogFilter            : Hey MyFilter invoked man
A2BD1AFAB47159D67B9FD4FF68DD8796
2017-11-26 21:30:35.124  INFO 7000 --- [nio-8081-exec-1] c.g.filter.SessionIdLogFilter            : Hey MyFilter invoked man
A2BD1AFAB47159D67B9FD4FF68DD8796
2017-11-26 21:30:35.384  INFO 7000 --- [nio-8081-exec-3] c.g.filter.SessionIdLogFilter            : Hey MyFilter invoked man
A2BD1AFAB47159D67B9FD4FF68DD8796
2017-11-26 21:30:35.438  INFO 7000 --- [nio-8081-exec-6] c.g.filter.SessionIdLogFilter            : Hey MyFilter invoked man
A2BD1AFAB47159D67B9FD4FF68DD8796
2017-11-26 21:30:35.448  INFO 7000 --- [nio-8081-exec-3] c.g.filter.SessionIdLogFilter            : Hey MyFilter invoked man
A2BD1AFAB47159D67B9FD4FF68DD8796
2017-11-26 21:30:35.463  INFO 7000 --- [nio-8081-exec-3] c.g.filter.SessionIdLogFilter            : Hey MyFilter invoked man
A2BD1AFAB47159D67B9FD4FF68DD8796
2017-11-26 21:30:35.471  INFO 7000 --- [nio-8081-exec-6] c.g.filter.SessionIdLogFilter            : Hey MyFilter invoked man
A2BD1AFAB47159D67B9FD4FF68DD8796
2017-11-26 21:30:35.488  INFO 7000 --- [nio-8081-exec-6] c.g.filter.SessionIdLogFilter            : Hey MyFilter invoked man
A2BD1AFAB47159D67B9FD4FF68DD8796
2017-11-26 21:30:35.500  INFO 7000 --- [nio-8081-exec-6] c.g.filter.SessionIdLogFilter            : Hey MyFilter invoked man
A2BD1AFAB47159D67B9FD4FF68DD8796
2017-11-26 21:30:35.512  INFO 7000 --- [nio-8081-exec-6] c.g.filter.SessionIdLogFilter            : Hey MyFilter invoked man
A2BD1AFAB47159D67B9FD4FF68DD8796
2017-11-26 21:30:35.913  INFO 7000 --- [nio-8081-exec-5] c.g.filter.SessionIdLogFilter            : Hey MyFilter invoked man
A2BD1AFAB47159D67B9FD4FF68DD8796
2017-11-26 21:30:45.865  INFO 7000 --- [nio-8081-exec-1] c.g.filter.SessionIdLogFilter            : Hey MyFilter invoked man
A2BD1AFAB47159D67B9FD4FF68DD8796
2017-11-26 21:30:45.870  INFO 7000 --- [nio-8081-exec-1] c.g.filter.SessionIdLogFilter            : Hey MyFilter invoked man
A2BD1AFAB47159D67B9FD4FF68DD8796
2017-11-26 21:30:46.136  INFO 7000 --- [nio-8081-exec-6] c.g.filter.SessionIdLogFilter            : Hey MyFilter invoked man
A2BD1AFAB47159D67B9FD4FF68DD8796
2017-11-26 21:30:46.157  INFO 7000 --- [nio-8081-exec-9] c.g.filter.SessionIdLogFilter            : Hey MyFilter invoked man
A2BD1AFAB47159D67B9FD4FF68DD8796
2017-11-26 21:30:46.186  INFO 7000 --- [nio-8081-exec-4] c.g.filter.SessionIdLogFilter            : Hey MyFilter invoked man
A2BD1AFAB47159D67B9FD4FF68DD8796
2017-11-26 21:30:46.197  INFO 7000 --- [nio-8081-exec-8] c.g.filter.SessionIdLogFilter            : Hey MyFilter invoked man
A2BD1AFAB47159D67B9FD4FF68DD8796
2017-11-26 21:30:46.214  INFO 7000 --- [nio-8081-exec-8] c.g.filter.SessionIdLogFilter            : Hey MyFilter invoked man
A2BD1AFAB47159D67B9FD4FF68DD8796
2017-11-26 21:30:46.225  INFO 7000 --- [nio-8081-exec-8] c.g.filter.SessionIdLogFilter            : Hey MyFilter invoked man
A2BD1AFAB47159D67B9FD4FF68DD8796
2017-11-26 21:30:46.465  INFO 7000 --- [nio-8081-exec-9] c.g.filter.SessionIdLogFilter            : Hey MyFilter invoked man
A2BD1AFAB47159D67B9FD4FF68DD8796
2017-11-26 21:30:46.475  INFO 7000 --- [nio-8081-exec-9] c.g.filter.SessionIdLogFilter            : Hey MyFilter invoked man
A2BD1AFAB47159D67B9FD4FF68DD8796
2017-11-26 21:30:46.822  INFO 7000 --- [nio-8081-exec-5] c.g.filter.SessionIdLogFilter            : Hey MyFilter invoked man
A2BD1AFAB47159D67B9FD4FF68DD8796
2017-11-26 21:31:00.186  INFO 7000 --- [nio-8081-exec-1] c.g.filter.SessionIdLogFilter            : Hey MyFilter invoked man
A2BD1AFAB47159D67B9FD4FF68DD8796
2017-11-26 21:31:00.189  INFO 7000 --- [nio-8081-exec-1] c.g.filter.SessionIdLogFilter            : Hey MyFilter invoked man
A2BD1AFAB47159D67B9FD4FF68DD8796
2017-11-26 21:31:00.400  INFO 7000 --- [nio-8081-exec-4] c.g.filter.SessionIdLogFilter            : Hey MyFilter invoked man
A2BD1AFAB47159D67B9FD4FF68DD8796
2017-11-26 21:31:00.413  INFO 7000 --- [nio-8081-exec-8] c.g.filter.SessionIdLogFilter            : Hey MyFilter invoked man
A2BD1AFAB47159D67B9FD4FF68DD8796
2017-11-26 21:31:00.435  INFO 7000 --- [nio-8081-exec-8] c.g.filter.SessionIdLogFilter            : Hey MyFilter invoked man
A2BD1AFAB47159D67B9FD4FF68DD8796
2017-11-26 21:31:00.456  INFO 7000 --- [nio-8081-exec-4] c.g.filter.SessionIdLogFilter            : Hey MyFilter invoked man
A2BD1AFAB47159D67B9FD4FF68DD8796
2017-11-26 21:31:00.462  INFO 7000 --- [nio-8081-exec-8] c.g.filter.SessionIdLogFilter            : Hey MyFilter invoked man
A2BD1AFAB47159D67B9FD4FF68DD8796
2017-11-26 21:31:00.469  INFO 7000 --- [nio-8081-exec-4] c.g.filter.SessionIdLogFilter            : Hey MyFilter invoked man
A2BD1AFAB47159D67B9FD4FF68DD8796
2017-11-26 21:31:00.581  INFO 7000 --- [nio-8081-exec-8] c.g.filter.SessionIdLogFilter            : Hey MyFilter invoked man
A2BD1AFAB47159D67B9FD4FF68DD8796
2017-11-26 21:31:00.596  INFO 7000 --- [nio-8081-exec-8] c.g.filter.SessionIdLogFilter            : Hey MyFilter invoked man
A2BD1AFAB47159D67B9FD4FF68DD8796
2017-11-26 21:31:00.960  INFO 7000 --- [nio-8081-exec-9] c.g.filter.SessionIdLogFilter            : Hey MyFilter invoked man
A2BD1AFAB47159D67B9FD4FF68DD8796
2017-11-26 21:31:09.912  INFO 7000 --- [nio-8081-exec-6] c.g.filter.SessionIdLogFilter            : Hey MyFilter invoked man
A2BD1AFAB47159D67B9FD4FF68DD8796
2017-11-26 21:31:09.925  INFO 7000 --- [nio-8081-exec-6] c.g.filter.SessionIdLogFilter            : Hey MyFilter invoked man
A2BD1AFAB47159D67B9FD4FF68DD8796
2017-11-26 21:31:10.166  INFO 7000 --- [nio-8081-exec-5] c.g.filter.SessionIdLogFilter            : Hey MyFilter invoked man
A2BD1AFAB47159D67B9FD4FF68DD8796
2017-11-26 21:31:10.176  INFO 7000 --- [nio-8081-exec-1] c.g.filter.SessionIdLogFilter            : Hey MyFilter invoked man
A2BD1AFAB47159D67B9FD4FF68DD8796
2017-11-26 21:31:10.184  INFO 7000 --- [nio-8081-exec-8] c.g.filter.SessionIdLogFilter            : Hey MyFilter invoked man
A2BD1AFAB47159D67B9FD4FF68DD8796
2017-11-26 21:31:10.187  INFO 7000 --- [io-8081-exec-10] c.g.filter.SessionIdLogFilter            : Hey MyFilter invoked man
A2BD1AFAB47159D67B9FD4FF68DD8796
2017-11-26 21:31:10.209  INFO 7000 --- [nio-8081-exec-7] c.g.filter.SessionIdLogFilter            : Hey MyFilter invoked man
A2BD1AFAB47159D67B9FD4FF68DD8796
2017-11-26 21:31:10.215  INFO 7000 --- [io-8081-exec-10] c.g.filter.SessionIdLogFilter            : Hey MyFilter invoked man
A2BD1AFAB47159D67B9FD4FF68DD8796
2017-11-26 21:31:10.234  INFO 7000 --- [nio-8081-exec-2] c.g.filter.SessionIdLogFilter            : Hey MyFilter invoked man
A2BD1AFAB47159D67B9FD4FF68DD8796
2017-11-26 21:31:10.236  INFO 7000 --- [nio-8081-exec-5] c.g.filter.SessionIdLogFilter            : Hey MyFilter invoked man
A2BD1AFAB47159D67B9FD4FF68DD8796
2017-11-26 21:31:10.600  INFO 7000 --- [nio-8081-exec-4] c.g.filter.SessionIdLogFilter            : Hey MyFilter invoked man
A2BD1AFAB47159D67B9FD4FF68DD8796
2017-11-26 21:46:11.006  INFO 7000 --- [nio-8081-exec-2] c.g.filter.SessionIdLogFilter            : Hey MyFilter invoked man
A2BD1AFAB47159D67B9FD4FF68DD8796
2017-11-26 21:46:11.011  INFO 7000 --- [nio-8081-exec-2] c.g.filter.SessionIdLogFilter            : Hey MyFilter invoked man
A2BD1AFAB47159D67B9FD4FF68DD8796
2017-11-26 21:46:11.195  INFO 7000 --- [nio-8081-exec-5] c.g.filter.SessionIdLogFilter            : Hey MyFilter invoked man
A2BD1AFAB47159D67B9FD4FF68DD8796
2017-11-26 21:46:11.205  INFO 7000 --- [nio-8081-exec-5] c.g.filter.SessionIdLogFilter            : Hey MyFilter invoked man
A2BD1AFAB47159D67B9FD4FF68DD8796
2017-11-26 21:46:11.215  INFO 7000 --- [nio-8081-exec-8] c.g.filter.SessionIdLogFilter            : Hey MyFilter invoked man
A2BD1AFAB47159D67B9FD4FF68DD8796
2017-11-26 21:46:11.226  INFO 7000 --- [nio-8081-exec-4] c.g.filter.SessionIdLogFilter            : Hey MyFilter invoked man
A2BD1AFAB47159D67B9FD4FF68DD8796
2017-11-26 21:46:11.237  INFO 7000 --- [nio-8081-exec-4] c.g.filter.SessionIdLogFilter            : Hey MyFilter invoked man
A2BD1AFAB47159D67B9FD4FF68DD8796
2017-11-26 21:46:11.255  INFO 7000 --- [nio-8081-exec-8] c.g.filter.SessionIdLogFilter            : Hey MyFilter invoked man
A2BD1AFAB47159D67B9FD4FF68DD8796
2017-11-26 21:46:11.226  INFO 7000 --- [nio-8081-exec-9] c.g.filter.SessionIdLogFilter            : Hey MyFilter invoked man
A2BD1AFAB47159D67B9FD4FF68DD8796
2017-11-26 21:46:11.276  INFO 7000 --- [nio-8081-exec-4] c.g.filter.SessionIdLogFilter            : Hey MyFilter invoked man
A2BD1AFAB47159D67B9FD4FF68DD8796
2017-11-26 21:46:11.705  INFO 7000 --- [nio-8081-exec-3] c.g.filter.SessionIdLogFilter            : Hey MyFilter invoked man
A2BD1AFAB47159D67B9FD4FF68DD8796
2017-11-26 21:55:42.644  WARN 7000 --- [ost-startStop-2] c.g.filter.SessionIdLogFilter            : Destruindo o filtro de logging

2017-11-26 21:55:42.644  WARN 7000 --- [ost-startStop-2] c.g.filter.SessionIdLogFilter            : Destruindo o filtro de logging

2017-11-26 21:55:43.612  INFO 7000 --- [  restartedMain] com.gitspringboot.ArticalMain            : Starting ArticalMain on ashrafPC with PID 7000 (C:\Users\Administrator\git\gitspringboot\gitspringboot\target\classes started by Administrator in C:\Users\Administrator\git\gitspringboot\gitspringboot)

2017-11-26 21:55:43.612  INFO 7000 --- [  restartedMain] com.gitspringboot.ArticalMain            : The following profiles are active: dev

2017-11-26 21:55:50.541  INFO 7000 --- [ost-startStop-1] c.g.filter.SessionIdLogFilter            : Ashraf logging filter

2017-11-26 21:55:50.543  INFO 7000 --- [ost-startStop-1] c.g.filter.SessionIdLogFilter            : Ashraf logging filter

2017-11-26 21:55:59.582  INFO 7000 --- [  restartedMain] com.gitspringboot.ArticalMain            : Started ArticalMain in 16.12 seconds (JVM running for 2280.152)

2017-11-26 22:05:06.666  INFO 7792 --- [  restartedMain] com.gitspringboot.ArticalMain            : Starting ArticalMain on ashrafPC with PID 7792 (C:\Users\Administrator\git\gitspringboot\gitspringboot\target\classes started by Administrator in C:\Users\Administrator\git\gitspringboot\gitspringboot)

2017-11-26 22:05:06.667  INFO 7792 --- [  restartedMain] com.gitspringboot.ArticalMain            : The following profiles are active: dev

2017-11-26 22:05:19.071  INFO 7792 --- [ost-startStop-1] c.g.filter.SessionIdLogFilter            : Ashraf logging filter

2017-11-26 22:05:19.073  INFO 7792 --- [ost-startStop-1] c.g.filter.SessionIdLogFilter            : Ashraf logging filter

2017-11-26 22:05:27.330  INFO 7792 --- [  restartedMain] com.gitspringboot.ArticalMain            : Started ArticalMain in 21.627 seconds (JVM running for 22.336)

2017-11-26 22:05:48.903  INFO 7792 --- [nio-8081-exec-1] c.g.filter.SessionIdLogFilter            : Hey MyFilter invoked man

2017-11-26 22:06:17.609  INFO 7792 --- [nio-8081-exec-2] c.g.filter.SessionIdLogFilter            : Hey MyFilter invoked man

2017-11-26 22:06:27.365  INFO 7792 --- [nio-8081-exec-3] c.g.filter.SessionIdLogFilter            : Hey MyFilter invoked man

2017-11-26 22:07:03.473  INFO 7792 --- [nio-8081-exec-6] c.g.filter.SessionIdLogFilter            : Hey MyFilter invoked man

2017-11-26 22:07:04.886  INFO 7792 --- [nio-8081-exec-7] c.g.filter.SessionIdLogFilter            : Hey MyFilter invoked man

2017-11-26 22:07:05.776  INFO 7792 --- [nio-8081-exec-8] c.g.filter.SessionIdLogFilter            : Hey MyFilter invoked man

2017-11-26 22:07:08.610  INFO 7792 --- [nio-8081-exec-1] c.g.filter.SessionIdLogFilter            : Hey MyFilter invoked man
20A5C09E7C165D8DEDEA5CDA244F2803
2017-11-26 22:07:08.683  INFO 7792 --- [nio-8081-exec-1] c.g.filter.SessionIdLogFilter            : Hey MyFilter invoked man
A1D5B1DC3E5F09446C832C7CFBC1C613
2017-11-26 22:07:09.955  INFO 7792 --- [nio-8081-exec-2] c.g.filter.SessionIdLogFilter            : Hey MyFilter invoked man
20A5C09E7C165D8DEDEA5CDA244F2803
2017-11-26 22:07:09.962  INFO 7792 --- [nio-8081-exec-5] c.g.filter.SessionIdLogFilter            : Hey MyFilter invoked man

2017-11-26 22:07:09.973  INFO 7792 --- [nio-8081-exec-3] c.g.filter.SessionIdLogFilter            : Hey MyFilter invoked man
20A5C09E7C165D8DEDEA5CDA244F2803
2017-11-26 22:07:10.002  INFO 7792 --- [nio-8081-exec-6] c.g.filter.SessionIdLogFilter            : Hey MyFilter invoked man
20A5C09E7C165D8DEDEA5CDA244F2803
2017-11-26 22:07:10.044  INFO 7792 --- [nio-8081-exec-8] c.g.filter.SessionIdLogFilter            : Hey MyFilter invoked man
20A5C09E7C165D8DEDEA5CDA244F2803
2017-11-26 22:07:10.044  INFO 7792 --- [nio-8081-exec-9] c.g.filter.SessionIdLogFilter            : Hey MyFilter invoked man

2017-11-26 22:07:10.083  INFO 7792 --- [nio-8081-exec-4] c.g.filter.SessionIdLogFilter            : Hey MyFilter invoked man

2017-11-26 22:07:10.083  INFO 7792 --- [nio-8081-exec-7] c.g.filter.SessionIdLogFilter            : Hey MyFilter invoked man
20A5C09E7C165D8DEDEA5CDA244F2803
2017-11-26 22:07:11.437  INFO 7792 --- [nio-8081-exec-4] c.g.filter.SessionIdLogFilter            : Hey MyFilter invoked man
A1D5B1DC3E5F09446C832C7CFBC1C613
2017-11-26 22:07:11.466  INFO 7792 --- [nio-8081-exec-7] c.g.filter.SessionIdLogFilter            : Hey MyFilter invoked man
A1D5B1DC3E5F09446C832C7CFBC1C613
2017-11-26 22:07:24.869  INFO 7792 --- [nio-8081-exec-8] c.g.filter.SessionIdLogFilter            : Hey MyFilter invoked man
A1D5B1DC3E5F09446C832C7CFBC1C613
2017-11-26 22:10:23.817  WARN 7792 --- [ost-startStop-2] c.g.filter.SessionIdLogFilter            : Destruindo o filtro de logging

2017-11-26 22:10:23.818  WARN 7792 --- [ost-startStop-2] c.g.filter.SessionIdLogFilter            : Destruindo o filtro de logging

2017-11-26 22:10:25.376  INFO 7792 --- [  restartedMain] com.gitspringboot.ArticalMain            : Starting ArticalMain on ashrafPC with PID 7792 (C:\Users\Administrator\git\gitspringboot\gitspringboot\target\classes started by Administrator in C:\Users\Administrator\git\gitspringboot\gitspringboot)

2017-11-26 22:10:25.376  INFO 7792 --- [  restartedMain] com.gitspringboot.ArticalMain            : The following profiles are active: dev

2017-11-26 22:10:33.082  INFO 7792 --- [ost-startStop-1] c.g.filter.SessionIdLogFilter            : Ashraf logging filter

2017-11-26 22:10:33.085  INFO 7792 --- [ost-startStop-1] c.g.filter.SessionIdLogFilter            : Ashraf logging filter

2017-11-26 22:10:37.782  INFO 7792 --- [  restartedMain] com.gitspringboot.ArticalMain            : Started ArticalMain in 12.639 seconds (JVM running for 332.779)

2017-11-26 22:11:06.760  INFO 7792 --- [nio-8081-exec-1] c.g.filter.SessionIdLogFilter            : Hey MyFilter invoked man

2017-11-26 22:11:13.232  INFO 7792 --- [nio-8081-exec-2] c.g.filter.SessionIdLogFilter            : Hey MyFilter invoked man

2017-11-26 22:13:25.578  WARN 7792 --- [ost-startStop-2] c.g.filter.SessionIdLogFilter            : Destruindo o filtro de logging

2017-11-26 22:13:25.578  WARN 7792 --- [ost-startStop-2] c.g.filter.SessionIdLogFilter            : Destruindo o filtro de logging

2017-11-26 22:13:27.056  INFO 7792 --- [  restartedMain] com.gitspringboot.ArticalMain            : Starting ArticalMain on ashrafPC with PID 7792 (C:\Users\Administrator\git\gitspringboot\gitspringboot\target\classes started by Administrator in C:\Users\Administrator\git\gitspringboot\gitspringboot)

2017-11-26 22:13:27.067  INFO 7792 --- [  restartedMain] com.gitspringboot.ArticalMain            : The following profiles are active: dev

2017-11-26 22:13:35.752  INFO 7792 --- [ost-startStop-1] c.g.filter.SessionIdLogFilter            : Ashraf logging filter

2017-11-26 22:13:35.755  INFO 7792 --- [ost-startStop-1] c.g.filter.SessionIdLogFilter            : Ashraf logging filter

2017-11-26 22:13:38.595  WARN 7792 --- [ost-startStop-1] c.g.filter.SessionIdLogFilter            : Destruindo o filtro de logging

2017-11-26 22:13:38.596  WARN 7792 --- [ost-startStop-1] c.g.filter.SessionIdLogFilter            : Destruindo o filtro de logging

2017-11-26 22:17:02.725  INFO 7388 --- [  restartedMain] com.gitspringboot.ArticalMain            : Starting ArticalMain on ashrafPC with PID 7388 (C:\Users\Administrator\git\gitspringboot\gitspringboot\target\classes started by Administrator in C:\Users\Administrator\git\gitspringboot\gitspringboot)

2017-11-26 22:17:02.726  INFO 7388 --- [  restartedMain] com.gitspringboot.ArticalMain            : The following profiles are active: dev

2017-11-26 22:17:14.793  INFO 7388 --- [ost-startStop-1] c.g.filter.SessionIdLogFilter            : Ashraf logging filter

2017-11-26 22:17:14.794  INFO 7388 --- [ost-startStop-1] c.g.filter.SessionIdLogFilter            : Ashraf logging filter

2017-11-26 22:17:23.666  INFO 7388 --- [  restartedMain] com.gitspringboot.ArticalMain            : Started ArticalMain in 21.738 seconds (JVM running for 22.507)

2017-11-26 22:17:26.710  INFO 7388 --- [nio-8081-exec-1] c.g.filter.SessionIdLogFilter            : Hey MyFilter invoked man

2017-11-26 22:18:15.971  INFO 7388 --- [nio-8081-exec-2] c.g.filter.SessionIdLogFilter            : Hey MyFilter invoked man

2017-11-26 22:27:41.761  WARN 7388 --- [ost-startStop-2] c.g.filter.SessionIdLogFilter            : Destruindo o filtro de logging

2017-11-26 22:27:41.762  WARN 7388 --- [ost-startStop-2] c.g.filter.SessionIdLogFilter            : Destruindo o filtro de logging

2017-11-26 22:27:42.876  INFO 7388 --- [  restartedMain] com.gitspringboot.ArticalMain            : Starting ArticalMain on ashrafPC with PID 7388 (C:\Users\Administrator\git\gitspringboot\gitspringboot\target\classes started by Administrator in C:\Users\Administrator\git\gitspringboot\gitspringboot)

2017-11-26 22:27:42.876  INFO 7388 --- [  restartedMain] com.gitspringboot.ArticalMain            : The following profiles are active: dev

2017-11-26 22:27:47.413  INFO 7388 --- [ost-startStop-1] c.g.filter.SessionIdLogFilter            : Ashraf logging filter

2017-11-26 22:27:47.415  INFO 7388 --- [ost-startStop-1] c.g.filter.SessionIdLogFilter            : Ashraf logging filter

2017-11-26 22:27:51.939  INFO 7388 --- [  restartedMain] com.gitspringboot.ArticalMain            : Started ArticalMain in 9.339 seconds (JVM running for 650.763)

2017-11-26 22:27:51.980  INFO 7388 --- [nio-8081-exec-1] c.g.filter.SessionIdLogFilter            : Hey MyFilter invoked man

2017-11-26 22:27:55.229  INFO 7388 --- [nio-8081-exec-2] c.g.filter.SessionIdLogFilter            : Hey MyFilter invoked man

2017-11-26 22:28:04.797  INFO 7388 --- [nio-8081-exec-3] c.g.filter.SessionIdLogFilter            : Hey MyFilter invoked man

2017-11-26 22:28:46.998  WARN 7388 --- [ost-startStop-2] c.g.filter.SessionIdLogFilter            : Destruindo o filtro de logging

2017-11-26 22:28:46.999  WARN 7388 --- [ost-startStop-2] c.g.filter.SessionIdLogFilter            : Destruindo o filtro de logging

2017-11-26 22:28:47.960  INFO 7388 --- [  restartedMain] com.gitspringboot.ArticalMain            : Starting ArticalMain on ashrafPC with PID 7388 (C:\Users\Administrator\git\gitspringboot\gitspringboot\target\classes started by Administrator in C:\Users\Administrator\git\gitspringboot\gitspringboot)

2017-11-26 22:28:47.961  INFO 7388 --- [  restartedMain] com.gitspringboot.ArticalMain            : The following profiles are active: dev

2017-11-26 22:28:51.112  INFO 7388 --- [ost-startStop-1] c.g.filter.SessionIdLogFilter            : Ashraf logging filter

2017-11-26 22:28:51.114  INFO 7388 --- [ost-startStop-1] c.g.filter.SessionIdLogFilter            : Ashraf logging filter

2017-11-26 22:28:54.597  INFO 7388 --- [  restartedMain] com.gitspringboot.ArticalMain            : Started ArticalMain in 6.755 seconds (JVM running for 713.418)

2017-11-26 22:28:54.629  INFO 7388 --- [nio-8081-exec-1] c.g.filter.SessionIdLogFilter            : Hey MyFilter invoked man

2017-11-26 22:29:14.920  WARN 7388 --- [ost-startStop-2] c.g.filter.SessionIdLogFilter            : Destruindo o filtro de logging

2017-11-26 22:29:14.921  WARN 7388 --- [ost-startStop-2] c.g.filter.SessionIdLogFilter            : Destruindo o filtro de logging

2017-11-26 22:29:15.820  INFO 7388 --- [  restartedMain] com.gitspringboot.ArticalMain            : Starting ArticalMain on ashrafPC with PID 7388 (C:\Users\Administrator\git\gitspringboot\gitspringboot\target\classes started by Administrator in C:\Users\Administrator\git\gitspringboot\gitspringboot)

2017-11-26 22:29:15.820  INFO 7388 --- [  restartedMain] com.gitspringboot.ArticalMain            : The following profiles are active: dev

2017-11-26 22:29:18.698  INFO 7388 --- [ost-startStop-1] c.g.filter.SessionIdLogFilter            : Ashraf logging filter

2017-11-26 22:29:18.700  INFO 7388 --- [ost-startStop-1] c.g.filter.SessionIdLogFilter            : Ashraf logging filter

